[2024-06-26 14:32:10] INFO: Drone flight initiated. Tail Number: n101gh
[2024-06-26 14:33:10] GPS: Latitude: 34.0524, Longitude: -118.2435
[2024-06-26 14:33:10] ALT: 28 meters
[2024-06-26 14:33:10] SPD: 5 m/s
[2024-06-26 14:33:10] BAT: 99.3 %
[2024-06-26 14:33:10] SYS: All systems nominal.
[2024-06-26 14:33:10] DEBUG: SENSOR: infrared VAL:71.52.
[2024-06-26 14:34:10] GPS: Latitude: 34.0526, Longitude: -118.2433
[2024-06-26 14:34:10] ALT: 60 meters
[2024-06-26 14:34:10] SPD: 7 m/s
[2024-06-26 14:34:10] BAT: 98.4 %
[2024-06-26 14:34:10] SYS: All systems nominal.
[2024-06-26 14:34:10] DEBUG: SENSOR: infrared VAL:86.92.
[2024-06-26 14:35:10] GPS: Latitude: 34.0528, Longitude: -118.2430
[2024-06-26 14:35:10] ALT: 73 meters
[2024-06-26 14:35:10] SPD: 10 m/s
[2024-06-26 14:35:10] BAT: 97.8 %
[2024-06-26 14:35:10] SYS: All systems nominal.
[2024-06-26 14:35:10] DEBUG: SENSOR: infrared VAL:16.67.
[2024-06-26 14:36:10] GPS: Latitude: 34.0531, Longitude: -118.2426
[2024-06-26 14:36:10] ALT: 97 meters
[2024-06-26 14:36:10] SPD: 14 m/s
[2024-06-26 14:36:10] BAT: 96.9 %
[2024-06-26 14:36:10] SYS: All systems nominal.
[2024-06-26 14:36:10] DEBUG: SENSOR: infrared VAL:87.60.
[2024-06-26 14:37:10] GPS: Latitude: 34.0533, Longitude: -118.2424
[2024-06-26 14:37:10] ALT: 142 meters
[2024-06-26 14:37:10] SPD: 19 m/s
[2024-06-26 14:37:10] BAT: 96.0 %
[2024-06-26 14:37:10] SYS: All systems nominal.
[2024-06-26 14:37:10] DEBUG: SENSOR: infrared VAL:37.55.
[2024-06-26 14:38:10] GPS: Latitude: 34.0537, Longitude: -118.2423
[2024-06-26 14:38:10] ALT: 172 meters
[2024-06-26 14:38:10] SPD: 20 m/s
[2024-06-26 14:38:10] BAT: 95.3 %
[2024-06-26 14:38:10] SYS: All systems nominal.
[2024-06-26 14:38:10] DEBUG: SENSOR: infrared VAL:7.20.
[2024-06-26 14:39:10] GPS: Latitude: 34.0542, Longitude: -118.2420
[2024-06-26 14:39:10] ALT: 216 meters
[2024-06-26 14:39:10] SPD: 24 m/s
[2024-06-26 14:39:10] BAT: 94.6 %
[2024-06-26 14:39:10] SYS: All systems nominal.
[2024-06-26 14:39:10] DEBUG: SENSOR: infrared VAL:4.26.
[2024-06-26 14:40:10] GPS: Latitude: 34.0544, Longitude: -118.2419
[2024-06-26 14:40:10] ALT: 257 meters
[2024-06-26 14:40:10] SPD: 26 m/s
[2024-06-26 14:40:10] BAT: 93.9 %
[2024-06-26 14:40:10] SYS: All systems nominal.
[2024-06-26 14:40:10] DEBUG: SENSOR: infrared VAL:80.43.
[2024-06-26 14:41:10] GPS: Latitude: 34.0546, Longitude: -118.2417
[2024-06-26 14:41:10] ALT: 267 meters
[2024-06-26 14:41:10] SPD: 29 m/s
[2024-06-26 14:41:10] BAT: 93.2 %
[2024-06-26 14:41:10] SYS: All systems nominal.
[2024-06-26 14:41:10] DEBUG: SENSOR: infrared VAL:57.30.
[2024-06-26 14:42:10] GPS: Latitude: 34.0548, Longitude: -118.2413
[2024-06-26 14:42:10] ALT: 305 meters
[2024-06-26 14:42:10] SPD: 34 m/s
[2024-06-26 14:42:10] BAT: 92.5 %
[2024-06-26 14:42:10] SYS: All systems nominal.
[2024-06-26 14:42:10] DEBUG: SENSOR: infrared VAL:21.27.
[2024-06-26 14:43:10] GPS: Latitude: 34.0552, Longitude: -118.2410
[2024-06-26 14:43:10] ALT: 354 meters
[2024-06-26 14:43:10] SPD: 39 m/s
[2024-06-26 14:43:10] BAT: 91.9 %
[2024-06-26 14:43:10] SYS: All systems nominal.
[2024-06-26 14:43:10] DEBUG: SENSOR: infrared VAL:28.83.
[2024-06-26 14:44:10] GPS: Latitude: 34.0554, Longitude: -118.2406
[2024-06-26 14:44:10] ALT: 370 meters
[2024-06-26 14:44:10] SPD: 43 m/s
[2024-06-26 14:44:10] BAT: 91.0 %
[2024-06-26 14:44:10] SYS: All systems nominal.
[2024-06-26 14:44:10] DEBUG: SENSOR: infrared VAL:9.11.
[2024-06-26 14:45:10] GPS: Latitude: 34.0558, Longitude: -118.2405
[2024-06-26 14:45:10] ALT: 395 meters
[2024-06-26 14:45:10] SPD: 48 m/s
[2024-06-26 14:45:10] BAT: 90.4 %
[2024-06-26 14:45:10] SYS: All systems nominal.
[2024-06-26 14:45:10] DEBUG: SENSOR: infrared VAL:93.40.
[2024-06-26 14:46:10] GPS: Latitude: 34.0563, Longitude: -118.2401
[2024-06-26 14:46:10] ALT: 437 meters
[2024-06-26 14:46:10] SPD: 52 m/s
[2024-06-26 14:46:10] BAT: 89.8 %
[2024-06-26 14:46:10] SYS: All systems nominal.
[2024-06-26 14:46:10] DEBUG: SENSOR: infrared VAL:64.56.
[2024-06-26 14:47:10] GPS: Latitude: 34.0567, Longitude: -118.2399
[2024-06-26 14:47:10] ALT: 449 meters
[2024-06-26 14:47:10] SPD: 57 m/s
[2024-06-26 14:47:10] BAT: 88.9 %
[2024-06-26 14:47:10] SYS: All systems nominal.
[2024-06-26 14:47:10] DEBUG: SENSOR: infrared VAL:28.76.
[2024-06-26 14:48:10] GPS: Latitude: 34.0569, Longitude: -118.2398
[2024-06-26 14:48:10] ALT: 473 meters
[2024-06-26 14:48:10] SPD: 60 m/s
[2024-06-26 14:48:10] BAT: 88.1 %
[2024-06-26 14:48:10] SYS: All systems nominal.
[2024-06-26 14:48:10] DEBUG: SENSOR: infrared VAL:94.36.
[2024-06-26 14:49:10] GPS: Latitude: 34.0572, Longitude: -118.2393
[2024-06-26 14:49:10] ALT: 503 meters
[2024-06-26 14:49:10] SPD: 63 m/s
[2024-06-26 14:49:10] BAT: 87.5 %
[2024-06-26 14:49:10] SYS: All systems nominal.
[2024-06-26 14:49:10] DEBUG: SENSOR: infrared VAL:32.73.
[2024-06-26 14:50:10] GPS: Latitude: 34.0575, Longitude: -118.2390
[2024-06-26 14:50:10] ALT: 546 meters
[2024-06-26 14:50:10] SPD: 65 m/s
[2024-06-26 14:50:10] BAT: 86.6 %
[2024-06-26 14:50:10] SYS: All systems nominal.
[2024-06-26 14:50:10] DEBUG: SENSOR: infrared VAL:14.41.
[2024-06-26 14:51:10] GPS: Latitude: 34.0577, Longitude: -118.2388
[2024-06-26 14:51:10] ALT: 585 meters
[2024-06-26 14:51:10] SPD: 66 m/s
[2024-06-26 14:51:10] BAT: 85.6 %
[2024-06-26 14:51:10] SYS: All systems nominal.
[2024-06-26 14:51:10] DEBUG: SENSOR: infrared VAL:29.37.
[2024-06-26 14:52:10] GPS: Latitude: 34.0580, Longitude: -118.2383
[2024-06-26 14:52:10] ALT: 598 meters
[2024-06-26 14:52:10] SPD: 67 m/s
[2024-06-26 14:52:10] BAT: 85.1 %
[2024-06-26 14:52:10] SYS: All systems nominal.
[2024-06-26 14:52:10] DEBUG: SENSOR: infrared VAL:13.96.
[2024-06-26 14:53:10] GPS: Latitude: 34.0584, Longitude: -118.2380
[2024-06-26 14:53:10] ALT: 628 meters
[2024-06-26 14:53:10] SPD: 68 m/s
[2024-06-26 14:53:10] BAT: 84.4 %
[2024-06-26 14:53:10] SYS: All systems nominal.
[2024-06-26 14:53:10] DEBUG: SENSOR: infrared VAL:59.44.
[2024-06-26 14:54:10] GPS: Latitude: 34.0588, Longitude: -118.2376
[2024-06-26 14:54:10] ALT: 675 meters
[2024-06-26 14:54:10] SPD: 69 m/s
[2024-06-26 14:54:10] BAT: 83.7 %
[2024-06-26 14:54:10] SYS: All systems nominal.
[2024-06-26 14:54:10] DEBUG: SENSOR: infrared VAL:52.20.
[2024-06-26 14:55:10] GPS: Latitude: 34.0592, Longitude: -118.2372
[2024-06-26 14:55:10] ALT: 704 meters
[2024-06-26 14:55:10] SPD: 73 m/s
[2024-06-26 14:55:10] BAT: 82.9 %
[2024-06-26 14:55:10] SYS: All systems nominal.
[2024-06-26 14:55:10] DEBUG: SENSOR: infrared VAL:88.58.
[2024-06-26 14:56:10] GPS: Latitude: 34.0595, Longitude: -118.2369
[2024-06-26 14:56:10] ALT: 714 meters
[2024-06-26 14:56:10] SPD: 78 m/s
[2024-06-26 14:56:10] BAT: 82.1 %
[2024-06-26 14:56:10] SYS: All systems nominal.
[2024-06-26 14:56:10] DEBUG: SENSOR: infrared VAL:60.74.
[2024-06-26 14:57:10] GPS: Latitude: 34.0596, Longitude: -118.2366
[2024-06-26 14:57:10] ALT: 761 meters
[2024-06-26 14:57:10] SPD: 80 m/s
[2024-06-26 14:57:10] BAT: 81.4 %
[2024-06-26 14:57:10] SYS: All systems nominal.
[2024-06-26 14:57:10] DEBUG: SENSOR: infrared VAL:53.56.
[2024-06-26 14:58:10] GPS: Latitude: 34.0601, Longitude: -118.2364
[2024-06-26 14:58:10] ALT: 787 meters
[2024-06-26 14:58:10] SPD: 84 m/s
[2024-06-26 14:58:10] BAT: 80.6 %
[2024-06-26 14:58:10] SYS: All systems nominal.
[2024-06-26 14:58:10] DEBUG: SENSOR: infrared VAL:87.70.
[2024-06-26 14:59:10] GPS: Latitude: 34.0605, Longitude: -118.2359
[2024-06-26 14:59:10] ALT: 803 meters
[2024-06-26 14:59:10] SPD: 86 m/s
[2024-06-26 14:59:10] BAT: 79.8 %
[2024-06-26 14:59:10] SYS: All systems nominal.
[2024-06-26 14:59:10] DEBUG: SENSOR: infrared VAL:48.28.
[2024-06-26 15:00:10] GPS: Latitude: 34.0606, Longitude: -118.2357
[2024-06-26 15:00:10] ALT: 818 meters
[2024-06-26 15:00:10] SPD: 91 m/s
[2024-06-26 15:00:10] BAT: 78.9 %
[2024-06-26 15:00:10] SYS: All systems nominal.
[2024-06-26 15:00:10] DEBUG: SENSOR: infrared VAL:80.28.
[2024-06-26 15:01:10] GPS: Latitude: 34.0610, Longitude: -118.2354
[2024-06-26 15:01:10] ALT: 838 meters
[2024-06-26 15:01:10] SPD: 96 m/s
[2024-06-26 15:01:10] BAT: 77.9 %
[2024-06-26 15:01:10] SYS: All systems nominal.
[2024-06-26 15:01:10] DEBUG: SENSOR: infrared VAL:32.66.
[2024-06-26 15:02:10] GPS: Latitude: 34.0613, Longitude: -118.2351
[2024-06-26 15:02:10] ALT: 850 meters
[2024-06-26 15:02:10] SPD: 100 m/s
[2024-06-26 15:02:10] BAT: 77.3 %
[2024-06-26 15:02:10] SYS: All systems nominal.
[2024-06-26 15:02:10] DEBUG: SENSOR: infrared VAL:6.05.
[2024-06-26 15:02:10] INFO: Beginning descent.
[2024-06-26 15:03:10] GPS: Latitude: 34.0608, Longitude: -118.2353
[2024-06-26 15:03:10] ALT: 828 meters
[2024-06-26 15:03:10] SPD: 97 m/s
[2024-06-26 15:03:10] BAT: 76.4%
[2024-06-26 15:03:10] SYS: All systems nominal.
[2024-06-26 15:04:10] GPS: Latitude: 34.0604, Longitude: -118.2357
[2024-06-26 15:04:10] ALT: 778 meters
[2024-06-26 15:04:10] SPD: 95 m/s
[2024-06-26 15:04:10] BAT: 75.6%
[2024-06-26 15:04:10] SYS: All systems nominal.
[2024-06-26 15:05:10] GPS: Latitude: 34.0600, Longitude: -118.2360
[2024-06-26 15:05:10] ALT: 740 meters
[2024-06-26 15:05:10] SPD: 92 m/s
[2024-06-26 15:05:10] BAT: 74.9%
[2024-06-26 15:05:10] SYS: All systems nominal.
[2024-06-26 15:06:10] GPS: Latitude: 34.0596, Longitude: -118.2363
[2024-06-26 15:06:10] ALT: 705 meters
[2024-06-26 15:06:10] SPD: 90 m/s
[2024-06-26 15:06:10] BAT: 74.2%
[2024-06-26 15:06:10] SYS: All systems nominal.
[2024-06-26 15:07:10] GPS: Latitude: 34.0592, Longitude: -118.2367
[2024-06-26 15:07:10] ALT: 689 meters
[2024-06-26 15:07:10] SPD: 86 m/s
[2024-06-26 15:07:10] BAT: 73.7%
[2024-06-26 15:07:10] SYS: All systems nominal.
[2024-06-26 15:07:10] INFO: Drone flight completed. Tail Number: n101gh
