[2024-06-26 14:32:10] INFO: Drone flight initiated. Tail Number: n223wx
[2024-06-26 14:33:10] GPS: Latitude: 34.0525, Longitude: -118.2436
[2024-06-26 14:33:10] ALT: 48 meters
[2024-06-26 14:33:10] SPD: 5 m/s
[2024-06-26 14:33:10] BAT: 99.3 %
[2024-06-26 14:33:10] SYS: All systems nominal.
[2024-06-26 14:33:10] DEBUG: SENSOR: optical VAL:39.31.
[2024-06-26 14:34:10] GPS: Latitude: 34.0528, Longitude: -118.2431
[2024-06-26 14:34:10] ALT: 73 meters
[2024-06-26 14:34:10] SPD: 9 m/s
[2024-06-26 14:34:10] BAT: 98.4 %
[2024-06-26 14:34:10] SYS: All systems nominal.
[2024-06-26 14:34:10] DEBUG: SENSOR: optical VAL:90.38.
[2024-06-26 14:35:10] GPS: Latitude: 34.0532, Longitude: -118.2428
[2024-06-26 14:35:10] ALT: 99 meters
[2024-06-26 14:35:10] SPD: 13 m/s
[2024-06-26 14:35:10] BAT: 97.6 %
[2024-06-26 14:35:10] SYS: All systems nominal.
[2024-06-26 14:35:10] DEBUG: SENSOR: optical VAL:63.06.
[2024-06-26 14:36:10] GPS: Latitude: 34.0535, Longitude: -118.2423
[2024-06-26 14:36:10] ALT: 123 meters
[2024-06-26 14:36:10] SPD: 15 m/s
[2024-06-26 14:36:10] BAT: 97.1 %
[2024-06-26 14:36:10] SYS: All systems nominal.
[2024-06-26 14:36:10] DEBUG: SENSOR: optical VAL:20.96.
[2024-06-26 14:37:10] GPS: Latitude: 34.0538, Longitude: -118.2420
[2024-06-26 14:37:10] ALT: 171 meters
[2024-06-26 14:37:10] SPD: 19 m/s
[2024-06-26 14:37:10] BAT: 96.4 %
[2024-06-26 14:37:10] SYS: All systems nominal.
[2024-06-26 14:37:10] DEBUG: SENSOR: optical VAL:32.14.
[2024-06-26 14:38:10] GPS: Latitude: 34.0541, Longitude: -118.2416
[2024-06-26 14:38:10] ALT: 213 meters
[2024-06-26 14:38:10] SPD: 23 m/s
[2024-06-26 14:38:10] BAT: 95.7 %
[2024-06-26 14:38:10] SYS: All systems nominal.
[2024-06-26 14:38:10] DEBUG: SENSOR: optical VAL:24.07.
[2024-06-26 14:39:10] GPS: Latitude: 34.0546, Longitude: -118.2413
[2024-06-26 14:39:10] ALT: 252 meters
[2024-06-26 14:39:10] SPD: 27 m/s
[2024-06-26 14:39:10] BAT: 95.0 %
[2024-06-26 14:39:10] SYS: All systems nominal.
[2024-06-26 14:39:10] DEBUG: SENSOR: optical VAL:76.87.
[2024-06-26 14:40:10] GPS: Latitude: 34.0548, Longitude: -118.2409
[2024-06-26 14:40:10] ALT: 293 meters
[2024-06-26 14:40:10] SPD: 30 m/s
[2024-06-26 14:40:10] BAT: 94.0 %
[2024-06-26 14:40:10] SYS: All systems nominal.
[2024-06-26 14:40:10] DEBUG: SENSOR: optical VAL:18.23.
[2024-06-26 14:41:10] GPS: Latitude: 34.0549, Longitude: -118.2404
[2024-06-26 14:41:10] ALT: 324 meters
[2024-06-26 14:41:10] SPD: 35 m/s
[2024-06-26 14:41:10] BAT: 93.3 %
[2024-06-26 14:41:10] SYS: All systems nominal.
[2024-06-26 14:41:10] DEBUG: SENSOR: optical VAL:5.50.
[2024-06-26 14:42:10] GPS: Latitude: 34.0554, Longitude: -118.2401
[2024-06-26 14:42:10] ALT: 365 meters
[2024-06-26 14:42:10] SPD: 37 m/s
[2024-06-26 14:42:10] BAT: 92.7 %
[2024-06-26 14:42:10] SYS: All systems nominal.
[2024-06-26 14:42:10] DEBUG: SENSOR: optical VAL:30.61.
[2024-06-26 14:43:10] GPS: Latitude: 34.0556, Longitude: -118.2399
[2024-06-26 14:43:10] ALT: 389 meters
[2024-06-26 14:43:10] SPD: 41 m/s
[2024-06-26 14:43:10] BAT: 91.9 %
[2024-06-26 14:43:10] SYS: All systems nominal.
[2024-06-26 14:43:10] DEBUG: SENSOR: optical VAL:28.79.
[2024-06-26 14:44:10] GPS: Latitude: 34.0558, Longitude: -118.2398
[2024-06-26 14:44:10] ALT: 399 meters
[2024-06-26 14:44:10] SPD: 44 m/s
[2024-06-26 14:44:10] BAT: 91.0 %
[2024-06-26 14:44:10] SYS: All systems nominal.
[2024-06-26 14:44:10] DEBUG: SENSOR: optical VAL:27.55.
[2024-06-26 14:45:10] GPS: Latitude: 34.0560, Longitude: -118.2393
[2024-06-26 14:45:10] ALT: 448 meters
[2024-06-26 14:45:10] SPD: 46 m/s
[2024-06-26 14:45:10] BAT: 90.3 %
[2024-06-26 14:45:10] SYS: All systems nominal.
[2024-06-26 14:45:10] DEBUG: SENSOR: optical VAL:7.19.
[2024-06-26 14:46:10] GPS: Latitude: 34.0563, Longitude: -118.2389
[2024-06-26 14:46:10] ALT: 478 meters
[2024-06-26 14:46:10] SPD: 50 m/s
[2024-06-26 14:46:10] BAT: 89.7 %
[2024-06-26 14:46:10] SYS: All systems nominal.
[2024-06-26 14:46:10] DEBUG: SENSOR: optical VAL:96.36.
[2024-06-26 14:47:10] GPS: Latitude: 34.0565, Longitude: -118.2387
[2024-06-26 14:47:10] ALT: 525 meters
[2024-06-26 14:47:10] SPD: 55 m/s
[2024-06-26 14:47:10] BAT: 88.9 %
[2024-06-26 14:47:10] SYS: All systems nominal.
[2024-06-26 14:47:10] DEBUG: SENSOR: optical VAL:55.50.
[2024-06-26 14:48:10] GPS: Latitude: 34.0567, Longitude: -118.2383
[2024-06-26 14:48:10] ALT: 573 meters
[2024-06-26 14:48:10] SPD: 57 m/s
[2024-06-26 14:48:10] BAT: 88.4 %
[2024-06-26 14:48:10] SYS: All systems nominal.
[2024-06-26 14:48:10] DEBUG: SENSOR: optical VAL:78.05.
[2024-06-26 14:49:10] GPS: Latitude: 34.0569, Longitude: -118.2381
[2024-06-26 14:49:10] ALT: 613 meters
[2024-06-26 14:49:10] SPD: 58 m/s
[2024-06-26 14:49:10] BAT: 87.8 %
[2024-06-26 14:49:10] SYS: All systems nominal.
[2024-06-26 14:49:10] DEBUG: SENSOR: optical VAL:79.55.
[2024-06-26 14:50:10] GPS: Latitude: 34.0574, Longitude: -118.2376
[2024-06-26 14:50:10] ALT: 626 meters
[2024-06-26 14:50:10] SPD: 61 m/s
[2024-06-26 14:50:10] BAT: 87.2 %
[2024-06-26 14:50:10] SYS: All systems nominal.
[2024-06-26 14:50:10] DEBUG: SENSOR: optical VAL:78.84.
[2024-06-26 14:51:10] GPS: Latitude: 34.0577, Longitude: -118.2373
[2024-06-26 14:51:10] ALT: 638 meters
[2024-06-26 14:51:10] SPD: 65 m/s
[2024-06-26 14:51:10] BAT: 86.4 %
[2024-06-26 14:51:10] SYS: All systems nominal.
[2024-06-26 14:51:10] DEBUG: SENSOR: optical VAL:77.12.
[2024-06-26 14:52:10] GPS: Latitude: 34.0581, Longitude: -118.2370
[2024-06-26 14:52:10] ALT: 675 meters
[2024-06-26 14:52:10] SPD: 70 m/s
[2024-06-26 14:52:10] BAT: 85.6 %
[2024-06-26 14:52:10] SYS: All systems nominal.
[2024-06-26 14:52:10] DEBUG: SENSOR: optical VAL:92.17.
[2024-06-26 14:53:10] GPS: Latitude: 34.0585, Longitude: -118.2368
[2024-06-26 14:53:10] ALT: 711 meters
[2024-06-26 14:53:10] SPD: 72 m/s
[2024-06-26 14:53:10] BAT: 84.7 %
[2024-06-26 14:53:10] SYS: All systems nominal.
[2024-06-26 14:53:10] DEBUG: SENSOR: optical VAL:33.43.
[2024-06-26 14:54:10] GPS: Latitude: 34.0588, Longitude: -118.2366
[2024-06-26 14:54:10] ALT: 733 meters
[2024-06-26 14:54:10] SPD: 74 m/s
[2024-06-26 14:54:10] BAT: 84.0 %
[2024-06-26 14:54:10] SYS: All systems nominal.
[2024-06-26 14:54:10] DEBUG: SENSOR: optical VAL:35.73.
[2024-06-26 14:55:10] GPS: Latitude: 34.0591, Longitude: -118.2365
[2024-06-26 14:55:10] ALT: 754 meters
[2024-06-26 14:55:10] SPD: 76 m/s
[2024-06-26 14:55:10] BAT: 83.1 %
[2024-06-26 14:55:10] SYS: All systems nominal.
[2024-06-26 14:55:10] DEBUG: SENSOR: optical VAL:46.42.
[2024-06-26 14:56:10] GPS: Latitude: 34.0594, Longitude: -118.2361
[2024-06-26 14:56:10] ALT: 777 meters
[2024-06-26 14:56:10] SPD: 80 m/s
[2024-06-26 14:56:10] BAT: 82.5 %
[2024-06-26 14:56:10] SYS: All systems nominal.
[2024-06-26 14:56:10] DEBUG: SENSOR: optical VAL:26.24.
[2024-06-26 14:57:10] GPS: Latitude: 34.0596, Longitude: -118.2357
[2024-06-26 14:57:10] ALT: 789 meters
[2024-06-26 14:57:10] SPD: 82 m/s
[2024-06-26 14:57:10] BAT: 81.8 %
[2024-06-26 14:57:10] SYS: All systems nominal.
[2024-06-26 14:57:10] DEBUG: SENSOR: optical VAL:12.07.
[2024-06-26 14:58:10] GPS: Latitude: 34.0597, Longitude: -118.2353
[2024-06-26 14:58:10] ALT: 830 meters
[2024-06-26 14:58:10] SPD: 84 m/s
[2024-06-26 14:58:10] BAT: 81.1 %
[2024-06-26 14:58:10] SYS: All systems nominal.
[2024-06-26 14:58:10] DEBUG: SENSOR: optical VAL:2.40.
[2024-06-26 14:59:10] GPS: Latitude: 34.0602, Longitude: -118.2352
[2024-06-26 14:59:10] ALT: 845 meters
[2024-06-26 14:59:10] SPD: 85 m/s
[2024-06-26 14:59:10] BAT: 80.3 %
[2024-06-26 14:59:10] SYS: All systems nominal.
[2024-06-26 14:59:10] DEBUG: SENSOR: optical VAL:55.84.
[2024-06-26 15:00:10] GPS: Latitude: 34.0605, Longitude: -118.2349
[2024-06-26 15:00:10] ALT: 872 meters
[2024-06-26 15:00:10] SPD: 90 m/s
[2024-06-26 15:00:10] BAT: 79.4 %
[2024-06-26 15:00:10] SYS: All systems nominal.
[2024-06-26 15:00:10] DEBUG: SENSOR: optical VAL:58.35.
[2024-06-26 15:01:10] GPS: Latitude: 34.0609, Longitude: -118.2347
[2024-06-26 15:01:10] ALT: 912 meters
[2024-06-26 15:01:10] SPD: 92 m/s
[2024-06-26 15:01:10] BAT: 78.7 %
[2024-06-26 15:01:10] SYS: All systems nominal.
[2024-06-26 15:01:10] DEBUG: SENSOR: optical VAL:77.60.
[2024-06-26 15:02:10] GPS: Latitude: 34.0611, Longitude: -118.2344
[2024-06-26 15:02:10] ALT: 927 meters
[2024-06-26 15:02:10] SPD: 94 m/s
[2024-06-26 15:02:10] BAT: 78.1 %
[2024-06-26 15:02:10] SYS: All systems nominal.
[2024-06-26 15:02:10] DEBUG: SENSOR: optical VAL:86.12.
[2024-06-26 15:02:10] INFO: Beginning descent.
[2024-06-26 15:03:10] GPS: Latitude: 34.0607, Longitude: -118.2347
[2024-06-26 15:03:10] ALT: 902 meters
[2024-06-26 15:03:10] SPD: 91 m/s
[2024-06-26 15:03:10] BAT: 77.5%
[2024-06-26 15:03:10] SYS: All systems nominal.
[2024-06-26 15:04:10] GPS: Latitude: 34.0604, Longitude: -118.2351
[2024-06-26 15:04:10] ALT: 873 meters
[2024-06-26 15:04:10] SPD: 86 m/s
[2024-06-26 15:04:10] BAT: 76.8%
[2024-06-26 15:04:10] SYS: All systems nominal.
[2024-06-26 15:05:10] GPS: Latitude: 34.0602, Longitude: -118.2353
[2024-06-26 15:05:10] ALT: 858 meters
[2024-06-26 15:05:10] SPD: 84 m/s
[2024-06-26 15:05:10] BAT: 76.1%
[2024-06-26 15:05:10] SYS: All systems nominal.
[2024-06-26 15:06:10] GPS: Latitude: 34.0598, Longitude: -118.2354
[2024-06-26 15:06:10] ALT: 844 meters
[2024-06-26 15:06:10] SPD: 81 m/s
[2024-06-26 15:06:10] BAT: 75.3%
[2024-06-26 15:06:10] SYS: All systems nominal.
[2024-06-26 15:07:10] GPS: Latitude: 34.0593, Longitude: -118.2357
[2024-06-26 15:07:10] ALT: 833 meters
[2024-06-26 15:07:10] SPD: 76 m/s
[2024-06-26 15:07:10] BAT: 74.4%
[2024-06-26 15:07:10] SYS: All systems nominal.
[2024-06-26 15:07:10] INFO: Drone flight completed. Tail Number: n223wx
