[2024-06-26 14:32:10] INFO: Drone flight initiated. Tail Number: n234ij
[2024-06-26 14:33:10] GPS: Latitude: 34.0527, Longitude: -118.2432
[2024-06-26 14:33:10] ALT: 42 meters
[2024-06-26 14:33:10] SPD: 2 m/s
[2024-06-26 14:33:10] BAT: 99.4 %
[2024-06-26 14:33:10] SYS: All systems nominal.
[2024-06-26 14:33:10] DEBUG: SENSOR: infrared VAL:69.44.
[2024-06-26 14:34:10] GPS: Latitude: 34.0528, Longitude: -118.2430
[2024-06-26 14:34:10] ALT: 68 meters
[2024-06-26 14:34:10] SPD: 7 m/s
[2024-06-26 14:34:10] BAT: 98.7 %
[2024-06-26 14:34:10] SYS: All systems nominal.
[2024-06-26 14:34:10] DEBUG: SENSOR: infrared VAL:96.87.
[2024-06-26 14:35:10] GPS: Latitude: 34.0530, Longitude: -118.2428
[2024-06-26 14:35:10] ALT: 84 meters
[2024-06-26 14:35:10] SPD: 10 m/s
[2024-06-26 14:35:10] BAT: 98.2 %
[2024-06-26 14:35:10] SYS: All systems nominal.
[2024-06-26 14:35:10] DEBUG: SENSOR: infrared VAL:87.36.
[2024-06-26 14:36:10] GPS: Latitude: 34.0534, Longitude: -118.2425
[2024-06-26 14:36:10] ALT: 117 meters
[2024-06-26 14:36:10] SPD: 13 m/s
[2024-06-26 14:36:10] BAT: 97.4 %
[2024-06-26 14:36:10] SYS: All systems nominal.
[2024-06-26 14:36:10] DEBUG: SENSOR: infrared VAL:69.18.
[2024-06-26 14:37:10] GPS: Latitude: 34.0537, Longitude: -118.2421
[2024-06-26 14:37:10] ALT: 128 meters
[2024-06-26 14:37:10] SPD: 18 m/s
[2024-06-26 14:37:10] BAT: 96.6 %
[2024-06-26 14:37:10] SYS: All systems nominal.
[2024-06-26 14:37:10] DEBUG: SENSOR: infrared VAL:13.74.
[2024-06-26 14:38:10] GPS: Latitude: 34.0540, Longitude: -118.2417
[2024-06-26 14:38:10] ALT: 142 meters
[2024-06-26 14:38:10] SPD: 19 m/s
[2024-06-26 14:38:10] BAT: 95.9 %
[2024-06-26 14:38:10] SYS: All systems nominal.
[2024-06-26 14:38:10] DEBUG: SENSOR: infrared VAL:53.20.
[2024-06-26 14:39:10] GPS: Latitude: 34.0544, Longitude: -118.2415
[2024-06-26 14:39:10] ALT: 171 meters
[2024-06-26 14:39:10] SPD: 24 m/s
[2024-06-26 14:39:10] BAT: 95.1 %
[2024-06-26 14:39:10] SYS: All systems nominal.
[2024-06-26 14:39:10] DEBUG: SENSOR: infrared VAL:40.03.
[2024-06-26 14:40:10] GPS: Latitude: 34.0546, Longitude: -118.2412
[2024-06-26 14:40:10] ALT: 204 meters
[2024-06-26 14:40:10] SPD: 29 m/s
[2024-06-26 14:40:10] BAT: 94.5 %
[2024-06-26 14:40:10] SYS: All systems nominal.
[2024-06-26 14:40:10] DEBUG: SENSOR: infrared VAL:97.35.
[2024-06-26 14:41:10] GPS: Latitude: 34.0551, Longitude: -118.2407
[2024-06-26 14:41:10] ALT: 238 meters
[2024-06-26 14:41:10] SPD: 31 m/s
[2024-06-26 14:41:10] BAT: 94.0 %
[2024-06-26 14:41:10] SYS: All systems nominal.
[2024-06-26 14:41:10] DEBUG: SENSOR: infrared VAL:53.85.
[2024-06-26 14:42:10] GPS: Latitude: 34.0553, Longitude: -118.2405
[2024-06-26 14:42:10] ALT: 251 meters
[2024-06-26 14:42:10] SPD: 33 m/s
[2024-06-26 14:42:10] BAT: 93.4 %
[2024-06-26 14:42:10] SYS: All systems nominal.
[2024-06-26 14:42:10] DEBUG: SENSOR: infrared VAL:34.80.
[2024-06-26 14:43:10] GPS: Latitude: 34.0555, Longitude: -118.2404
[2024-06-26 14:43:10] ALT: 284 meters
[2024-06-26 14:43:10] SPD: 35 m/s
[2024-06-26 14:43:10] BAT: 92.8 %
[2024-06-26 14:43:10] SYS: All systems nominal.
[2024-06-26 14:43:10] DEBUG: SENSOR: infrared VAL:9.77.
[2024-06-26 14:44:10] GPS: Latitude: 34.0556, Longitude: -118.2399
[2024-06-26 14:44:10] ALT: 301 meters
[2024-06-26 14:44:10] SPD: 36 m/s
[2024-06-26 14:44:10] BAT: 92.1 %
[2024-06-26 14:44:10] SYS: All systems nominal.
[2024-06-26 14:44:10] DEBUG: SENSOR: infrared VAL:35.77.
[2024-06-26 14:45:10] GPS: Latitude: 34.0558, Longitude: -118.2397
[2024-06-26 14:45:10] ALT: 350 meters
[2024-06-26 14:45:10] SPD: 37 m/s
[2024-06-26 14:45:10] BAT: 91.5 %
[2024-06-26 14:45:10] SYS: All systems nominal.
[2024-06-26 14:45:10] DEBUG: SENSOR: infrared VAL:79.49.
[2024-06-26 14:46:10] GPS: Latitude: 34.0560, Longitude: -118.2392
[2024-06-26 14:46:10] ALT: 362 meters
[2024-06-26 14:46:10] SPD: 42 m/s
[2024-06-26 14:46:10] BAT: 90.7 %
[2024-06-26 14:46:10] SYS: All systems nominal.
[2024-06-26 14:46:10] DEBUG: SENSOR: infrared VAL:86.16.
[2024-06-26 14:47:10] GPS: Latitude: 34.0564, Longitude: -118.2389
[2024-06-26 14:47:10] ALT: 407 meters
[2024-06-26 14:47:10] SPD: 45 m/s
[2024-06-26 14:47:10] BAT: 90.0 %
[2024-06-26 14:47:10] SYS: All systems nominal.
[2024-06-26 14:47:10] DEBUG: SENSOR: infrared VAL:2.14.
[2024-06-26 14:48:10] GPS: Latitude: 34.0566, Longitude: -118.2387
[2024-06-26 14:48:10] ALT: 433 meters
[2024-06-26 14:48:10] SPD: 47 m/s
[2024-06-26 14:48:10] BAT: 89.5 %
[2024-06-26 14:48:10] SYS: All systems nominal.
[2024-06-26 14:48:10] DEBUG: SENSOR: infrared VAL:47.19.
[2024-06-26 14:49:10] GPS: Latitude: 34.0571, Longitude: -118.2385
[2024-06-26 14:49:10] ALT: 452 meters
[2024-06-26 14:49:10] SPD: 50 m/s
[2024-06-26 14:49:10] BAT: 88.8 %
[2024-06-26 14:49:10] SYS: All systems nominal.
[2024-06-26 14:49:10] DEBUG: SENSOR: infrared VAL:11.31.
[2024-06-26 14:50:10] GPS: Latitude: 34.0572, Longitude: -118.2382
[2024-06-26 14:50:10] ALT: 502 meters
[2024-06-26 14:50:10] SPD: 55 m/s
[2024-06-26 14:50:10] BAT: 88.0 %
[2024-06-26 14:50:10] SYS: All systems nominal.
[2024-06-26 14:50:10] DEBUG: SENSOR: infrared VAL:34.15.
[2024-06-26 14:51:10] GPS: Latitude: 34.0574, Longitude: -118.2378
[2024-06-26 14:51:10] ALT: 521 meters
[2024-06-26 14:51:10] SPD: 56 m/s
[2024-06-26 14:51:10] BAT: 87.3 %
[2024-06-26 14:51:10] SYS: All systems nominal.
[2024-06-26 14:51:10] DEBUG: SENSOR: infrared VAL:79.38.
[2024-06-26 14:52:10] GPS: Latitude: 34.0577, Longitude: -118.2374
[2024-06-26 14:52:10] ALT: 549 meters
[2024-06-26 14:52:10] SPD: 60 m/s
[2024-06-26 14:52:10] BAT: 86.7 %
[2024-06-26 14:52:10] SYS: All systems nominal.
[2024-06-26 14:52:10] DEBUG: SENSOR: infrared VAL:43.94.
[2024-06-26 14:53:10] GPS: Latitude: 34.0582, Longitude: -118.2370
[2024-06-26 14:53:10] ALT: 586 meters
[2024-06-26 14:53:10] SPD: 61 m/s
[2024-06-26 14:53:10] BAT: 85.9 %
[2024-06-26 14:53:10] SYS: All systems nominal.
[2024-06-26 14:53:10] DEBUG: SENSOR: infrared VAL:78.17.
[2024-06-26 14:54:10] GPS: Latitude: 34.0583, Longitude: -118.2369
[2024-06-26 14:54:10] ALT: 601 meters
[2024-06-26 14:54:10] SPD: 62 m/s
[2024-06-26 14:54:10] BAT: 85.0 %
[2024-06-26 14:54:10] SYS: All systems nominal.
[2024-06-26 14:54:10] DEBUG: SENSOR: infrared VAL:49.57.
[2024-06-26 14:55:10] GPS: Latitude: 34.0588, Longitude: -118.2364
[2024-06-26 14:55:10] ALT: 613 meters
[2024-06-26 14:55:10] SPD: 65 m/s
[2024-06-26 14:55:10] BAT: 84.2 %
[2024-06-26 14:55:10] SYS: All systems nominal.
[2024-06-26 14:55:10] DEBUG: SENSOR: infrared VAL:58.80.
[2024-06-26 14:56:10] GPS: Latitude: 34.0589, Longitude: -118.2361
[2024-06-26 14:56:10] ALT: 649 meters
[2024-06-26 14:56:10] SPD: 66 m/s
[2024-06-26 14:56:10] BAT: 83.3 %
[2024-06-26 14:56:10] SYS: All systems nominal.
[2024-06-26 14:56:10] DEBUG: SENSOR: infrared VAL:74.05.
[2024-06-26 14:57:10] GPS: Latitude: 34.0592, Longitude: -118.2356
[2024-06-26 14:57:10] ALT: 672 meters
[2024-06-26 14:57:10] SPD: 69 m/s
[2024-06-26 14:57:10] BAT: 82.3 %
[2024-06-26 14:57:10] SYS: All systems nominal.
[2024-06-26 14:57:10] DEBUG: SENSOR: infrared VAL:85.64.
[2024-06-26 14:58:10] GPS: Latitude: 34.0595, Longitude: -118.2351
[2024-06-26 14:58:10] ALT: 722 meters
[2024-06-26 14:58:10] SPD: 72 m/s
[2024-06-26 14:58:10] BAT: 81.6 %
[2024-06-26 14:58:10] SYS: All systems nominal.
[2024-06-26 14:58:10] DEBUG: SENSOR: infrared VAL:4.28.
[2024-06-26 14:59:10] GPS: Latitude: 34.0598, Longitude: -118.2349
[2024-06-26 14:59:10] ALT: 735 meters
[2024-06-26 14:59:10] SPD: 76 m/s
[2024-06-26 14:59:10] BAT: 81.0 %
[2024-06-26 14:59:10] SYS: All systems nominal.
[2024-06-26 14:59:10] DEBUG: SENSOR: infrared VAL:5.85.
[2024-06-26 15:00:10] GPS: Latitude: 34.0603, Longitude: -118.2347
[2024-06-26 15:00:10] ALT: 759 meters
[2024-06-26 15:00:10] SPD: 78 m/s
[2024-06-26 15:00:10] BAT: 80.2 %
[2024-06-26 15:00:10] SYS: All systems nominal.
[2024-06-26 15:00:10] DEBUG: SENSOR: infrared VAL:42.65.
[2024-06-26 15:01:10] GPS: Latitude: 34.0607, Longitude: -118.2343
[2024-06-26 15:01:10] ALT: 808 meters
[2024-06-26 15:01:10] SPD: 79 m/s
[2024-06-26 15:01:10] BAT: 79.4 %
[2024-06-26 15:01:10] SYS: All systems nominal.
[2024-06-26 15:01:10] DEBUG: SENSOR: infrared VAL:7.97.
[2024-06-26 15:02:10] GPS: Latitude: 34.0610, Longitude: -118.2339
[2024-06-26 15:02:10] ALT: 819 meters
[2024-06-26 15:02:10] SPD: 81 m/s
[2024-06-26 15:02:10] BAT: 78.8 %
[2024-06-26 15:02:10] SYS: All systems nominal.
[2024-06-26 15:02:10] DEBUG: SENSOR: infrared VAL:11.67.
[2024-06-26 15:02:10] INFO: Beginning descent.
[2024-06-26 15:03:10] GPS: Latitude: 34.0609, Longitude: -118.2344
[2024-06-26 15:03:10] ALT: 782 meters
[2024-06-26 15:03:10] SPD: 78 m/s
[2024-06-26 15:03:10] BAT: 77.8%
[2024-06-26 15:03:10] SYS: All systems nominal.
[2024-06-26 15:04:10] GPS: Latitude: 34.0607, Longitude: -118.2345
[2024-06-26 15:04:10] ALT: 769 meters
[2024-06-26 15:04:10] SPD: 77 m/s
[2024-06-26 15:04:10] BAT: 76.9%
[2024-06-26 15:04:10] SYS: All systems nominal.
[2024-06-26 15:05:10] GPS: Latitude: 34.0605, Longitude: -118.2346
[2024-06-26 15:05:10] ALT: 748 meters
[2024-06-26 15:05:10] SPD: 75 m/s
[2024-06-26 15:05:10] BAT: 75.9%
[2024-06-26 15:05:10] SYS: All systems nominal.
[2024-06-26 15:06:10] GPS: Latitude: 34.0604, Longitude: -118.2350
[2024-06-26 15:06:10] ALT: 722 meters
[2024-06-26 15:06:10] SPD: 74 m/s
[2024-06-26 15:06:10] BAT: 75.2%
[2024-06-26 15:06:10] SYS: All systems nominal.
[2024-06-26 15:07:10] GPS: Latitude: 34.0599, Longitude: -118.2355
[2024-06-26 15:07:10] ALT: 707 meters
[2024-06-26 15:07:10] SPD: 69 m/s
[2024-06-26 15:07:10] BAT: 74.6%
[2024-06-26 15:07:10] SYS: All systems nominal.
[2024-06-26 15:07:10] INFO: Drone flight completed. Tail Number: n234ij
