[2024-06-26 14:32:10] INFO: Drone flight initiated. Tail Number: n567kl
[2024-06-26 14:33:10] GPS: Latitude: 34.0527, Longitude: -118.2436
[2024-06-26 14:33:10] ALT: 60 meters
[2024-06-26 14:33:10] SPD: 5 m/s
[2024-06-26 14:33:10] BAT: 99.4 %
[2024-06-26 14:33:10] SYS: All systems nominal.
[2024-06-26 14:33:10] DEBUG: SENSOR: optical VAL:66.36.
[2024-06-26 14:34:10] GPS: Latitude: 34.0529, Longitude: -118.2433
[2024-06-26 14:34:10] ALT: 83 meters
[2024-06-26 14:34:10] SPD: 10 m/s
[2024-06-26 14:34:10] BAT: 98.7 %
[2024-06-26 14:34:10] SYS: All systems nominal.
[2024-06-26 14:34:10] DEBUG: SENSOR: optical VAL:58.71.
[2024-06-26 14:35:10] GPS: Latitude: 34.0533, Longitude: -118.2431
[2024-06-26 14:35:10] ALT: 114 meters
[2024-06-26 14:35:10] SPD: 13 m/s
[2024-06-26 14:35:10] BAT: 97.7 %
[2024-06-26 14:35:10] SYS: All systems nominal.
[2024-06-26 14:35:10] DEBUG: SENSOR: optical VAL:39.65.
[2024-06-26 14:36:10] GPS: Latitude: 34.0537, Longitude: -118.2426
[2024-06-26 14:36:10] ALT: 126 meters
[2024-06-26 14:36:10] SPD: 17 m/s
[2024-06-26 14:36:10] BAT: 96.9 %
[2024-06-26 14:36:10] SYS: All systems nominal.
[2024-06-26 14:36:10] DEBUG: SENSOR: optical VAL:38.04.
[2024-06-26 14:37:10] GPS: Latitude: 34.0541, Longitude: -118.2424
[2024-06-26 14:37:10] ALT: 153 meters
[2024-06-26 14:37:10] SPD: 18 m/s
[2024-06-26 14:37:10] BAT: 96.0 %
[2024-06-26 14:37:10] SYS: All systems nominal.
[2024-06-26 14:37:10] DEBUG: SENSOR: optical VAL:49.81.
[2024-06-26 14:38:10] GPS: Latitude: 34.0545, Longitude: -118.2422
[2024-06-26 14:38:10] ALT: 195 meters
[2024-06-26 14:38:10] SPD: 23 m/s
[2024-06-26 14:38:10] BAT: 95.4 %
[2024-06-26 14:38:10] SYS: All systems nominal.
[2024-06-26 14:38:10] DEBUG: SENSOR: optical VAL:98.19.
[2024-06-26 14:39:10] GPS: Latitude: 34.0549, Longitude: -118.2418
[2024-06-26 14:39:10] ALT: 212 meters
[2024-06-26 14:39:10] SPD: 24 m/s
[2024-06-26 14:39:10] BAT: 94.9 %
[2024-06-26 14:39:10] SYS: All systems nominal.
[2024-06-26 14:39:10] DEBUG: SENSOR: optical VAL:8.41.
[2024-06-26 14:40:10] GPS: Latitude: 34.0553, Longitude: -118.2414
[2024-06-26 14:40:10] ALT: 222 meters
[2024-06-26 14:40:10] SPD: 25 m/s
[2024-06-26 14:40:10] BAT: 94.1 %
[2024-06-26 14:40:10] SYS: All systems nominal.
[2024-06-26 14:40:10] DEBUG: SENSOR: optical VAL:70.38.
[2024-06-26 14:41:10] GPS: Latitude: 34.0556, Longitude: -118.2412
[2024-06-26 14:41:10] ALT: 252 meters
[2024-06-26 14:41:10] SPD: 26 m/s
[2024-06-26 14:41:10] BAT: 93.3 %
[2024-06-26 14:41:10] SYS: All systems nominal.
[2024-06-26 14:41:10] DEBUG: SENSOR: optical VAL:69.45.
[2024-06-26 14:42:10] GPS: Latitude: 34.0558, Longitude: -118.2409
[2024-06-26 14:42:10] ALT: 279 meters
[2024-06-26 14:42:10] SPD: 30 m/s
[2024-06-26 14:42:10] BAT: 92.6 %
[2024-06-26 14:42:10] SYS: All systems nominal.
[2024-06-26 14:42:10] DEBUG: SENSOR: optical VAL:10.79.
[2024-06-26 14:43:10] GPS: Latitude: 34.0560, Longitude: -118.2406
[2024-06-26 14:43:10] ALT: 329 meters
[2024-06-26 14:43:10] SPD: 31 m/s
[2024-06-26 14:43:10] BAT: 91.7 %
[2024-06-26 14:43:10] SYS: All systems nominal.
[2024-06-26 14:43:10] DEBUG: SENSOR: optical VAL:28.12.
[2024-06-26 14:44:10] GPS: Latitude: 34.0563, Longitude: -118.2403
[2024-06-26 14:44:10] ALT: 344 meters
[2024-06-26 14:44:10] SPD: 36 m/s
[2024-06-26 14:44:10] BAT: 90.7 %
[2024-06-26 14:44:10] SYS: All systems nominal.
[2024-06-26 14:44:10] DEBUG: SENSOR: optical VAL:1.59.
[2024-06-26 14:45:10] GPS: Latitude: 34.0567, Longitude: -118.2400
[2024-06-26 14:45:10] ALT: 367 meters
[2024-06-26 14:45:10] SPD: 37 m/s
[2024-06-26 14:45:10] BAT: 90.1 %
[2024-06-26 14:45:10] SYS: All systems nominal.
[2024-06-26 14:45:10] DEBUG: SENSOR: optical VAL:39.81.
[2024-06-26 14:46:10] GPS: Latitude: 34.0571, Longitude: -118.2396
[2024-06-26 14:46:10] ALT: 383 meters
[2024-06-26 14:46:10] SPD: 38 m/s
[2024-06-26 14:46:10] BAT: 89.2 %
[2024-06-26 14:46:10] SYS: All systems nominal.
[2024-06-26 14:46:10] DEBUG: SENSOR: optical VAL:34.54.
[2024-06-26 14:47:10] GPS: Latitude: 34.0573, Longitude: -118.2392
[2024-06-26 14:47:10] ALT: 424 meters
[2024-06-26 14:47:10] SPD: 40 m/s
[2024-06-26 14:47:10] BAT: 88.6 %
[2024-06-26 14:47:10] SYS: All systems nominal.
[2024-06-26 14:47:10] DEBUG: SENSOR: optical VAL:9.70.
[2024-06-26 14:48:10] GPS: Latitude: 34.0574, Longitude: -118.2389
[2024-06-26 14:48:10] ALT: 440 meters
[2024-06-26 14:48:10] SPD: 44 m/s
[2024-06-26 14:48:10] BAT: 88.0 %
[2024-06-26 14:48:10] SYS: All systems nominal.
[2024-06-26 14:48:10] DEBUG: SENSOR: optical VAL:35.53.
[2024-06-26 14:49:10] GPS: Latitude: 34.0578, Longitude: -118.2386
[2024-06-26 14:49:10] ALT: 466 meters
[2024-06-26 14:49:10] SPD: 46 m/s
[2024-06-26 14:49:10] BAT: 87.1 %
[2024-06-26 14:49:10] SYS: All systems nominal.
[2024-06-26 14:49:10] DEBUG: SENSOR: optical VAL:13.06.
[2024-06-26 14:50:10] GPS: Latitude: 34.0582, Longitude: -118.2382
[2024-06-26 14:50:10] ALT: 513 meters
[2024-06-26 14:50:10] SPD: 49 m/s
[2024-06-26 14:50:10] BAT: 86.6 %
[2024-06-26 14:50:10] SYS: All systems nominal.
[2024-06-26 14:50:10] DEBUG: SENSOR: optical VAL:84.02.
[2024-06-26 14:51:10] GPS: Latitude: 34.0586, Longitude: -118.2378
[2024-06-26 14:51:10] ALT: 549 meters
[2024-06-26 14:51:10] SPD: 51 m/s
[2024-06-26 14:51:10] BAT: 85.6 %
[2024-06-26 14:51:10] SYS: All systems nominal.
[2024-06-26 14:51:10] DEBUG: SENSOR: optical VAL:25.13.
[2024-06-26 14:52:10] GPS: Latitude: 34.0588, Longitude: -118.2376
[2024-06-26 14:52:10] ALT: 575 meters
[2024-06-26 14:52:10] SPD: 55 m/s
[2024-06-26 14:52:10] BAT: 84.7 %
[2024-06-26 14:52:10] SYS: All systems nominal.
[2024-06-26 14:52:10] DEBUG: SENSOR: optical VAL:95.28.
[2024-06-26 14:53:10] GPS: Latitude: 34.0589, Longitude: -118.2372
[2024-06-26 14:53:10] ALT: 588 meters
[2024-06-26 14:53:10] SPD: 60 m/s
[2024-06-26 14:53:10] BAT: 84.2 %
[2024-06-26 14:53:10] SYS: All systems nominal.
[2024-06-26 14:53:10] DEBUG: SENSOR: optical VAL:0.83.
[2024-06-26 14:54:10] GPS: Latitude: 34.0591, Longitude: -118.2368
[2024-06-26 14:54:10] ALT: 606 meters
[2024-06-26 14:54:10] SPD: 63 m/s
[2024-06-26 14:54:10] BAT: 83.5 %
[2024-06-26 14:54:10] SYS: All systems nominal.
[2024-06-26 14:54:10] DEBUG: SENSOR: optical VAL:64.18.
[2024-06-26 14:55:10] GPS: Latitude: 34.0594, Longitude: -118.2365
[2024-06-26 14:55:10] ALT: 621 meters
[2024-06-26 14:55:10] SPD: 65 m/s
[2024-06-26 14:55:10] BAT: 82.7 %
[2024-06-26 14:55:10] SYS: All systems nominal.
[2024-06-26 14:55:10] DEBUG: SENSOR: optical VAL:51.73.
[2024-06-26 14:56:10] GPS: Latitude: 34.0595, Longitude: -118.2364
[2024-06-26 14:56:10] ALT: 661 meters
[2024-06-26 14:56:10] SPD: 69 m/s
[2024-06-26 14:56:10] BAT: 81.8 %
[2024-06-26 14:56:10] SYS: All systems nominal.
[2024-06-26 14:56:10] DEBUG: SENSOR: optical VAL:76.85.
[2024-06-26 14:57:10] GPS: Latitude: 34.0596, Longitude: -118.2359
[2024-06-26 14:57:10] ALT: 692 meters
[2024-06-26 14:57:10] SPD: 70 m/s
[2024-06-26 14:57:10] BAT: 81.2 %
[2024-06-26 14:57:10] SYS: All systems nominal.
[2024-06-26 14:57:10] DEBUG: SENSOR: optical VAL:71.21.
[2024-06-26 14:58:10] GPS: Latitude: 34.0601, Longitude: -118.2355
[2024-06-26 14:58:10] ALT: 723 meters
[2024-06-26 14:58:10] SPD: 73 m/s
[2024-06-26 14:58:10] BAT: 80.7 %
[2024-06-26 14:58:10] SYS: All systems nominal.
[2024-06-26 14:58:10] DEBUG: SENSOR: optical VAL:26.59.
[2024-06-26 14:59:10] GPS: Latitude: 34.0604, Longitude: -118.2352
[2024-06-26 14:59:10] ALT: 756 meters
[2024-06-26 14:59:10] SPD: 74 m/s
[2024-06-26 14:59:10] BAT: 79.7 %
[2024-06-26 14:59:10] SYS: All systems nominal.
[2024-06-26 14:59:10] DEBUG: SENSOR: optical VAL:13.31.
[2024-06-26 15:00:10] GPS: Latitude: 34.0608, Longitude: -118.2349
[2024-06-26 15:00:10] ALT: 770 meters
[2024-06-26 15:00:10] SPD: 79 m/s
[2024-06-26 15:00:10] BAT: 78.9 %
[2024-06-26 15:00:10] SYS: All systems nominal.
[2024-06-26 15:00:10] DEBUG: SENSOR: optical VAL:75.75.
[2024-06-26 15:01:10] GPS: Latitude: 34.0609, Longitude: -118.2347
[2024-06-26 15:01:10] ALT: 806 meters
[2024-06-26 15:01:10] SPD: 82 m/s
[2024-06-26 15:01:10] BAT: 78.2 %
[2024-06-26 15:01:10] SYS: All systems nominal.
[2024-06-26 15:01:10] DEBUG: SENSOR: optical VAL:7.69.
[2024-06-26 15:02:10] GPS: Latitude: 34.0610, Longitude: -118.2344
[2024-06-26 15:02:10] ALT: 826 meters
[2024-06-26 15:02:10] SPD: 83 m/s
[2024-06-26 15:02:10] BAT: 77.7 %
[2024-06-26 15:02:10] SYS: All systems nominal.
[2024-06-26 15:02:10] DEBUG: SENSOR: optical VAL:11.93.
[2024-06-26 15:02:10] INFO: Beginning descent.
[2024-06-26 15:03:10] GPS: Latitude: 34.0608, Longitude: -118.2349
[2024-06-26 15:03:10] ALT: 809 meters
[2024-06-26 15:03:10] SPD: 78 m/s
[2024-06-26 15:03:10] BAT: 76.8%
[2024-06-26 15:03:10] SYS: All systems nominal.
[2024-06-26 15:04:10] GPS: Latitude: 34.0606, Longitude: -118.2350
[2024-06-26 15:04:10] ALT: 797 meters
[2024-06-26 15:04:10] SPD: 75 m/s
[2024-06-26 15:04:10] BAT: 75.9%
[2024-06-26 15:04:10] SYS: All systems nominal.
[2024-06-26 15:05:10] GPS: Latitude: 34.0603, Longitude: -118.2354
[2024-06-26 15:05:10] ALT: 764 meters
[2024-06-26 15:05:10] SPD: 71 m/s
[2024-06-26 15:05:10] BAT: 75.2%
[2024-06-26 15:05:10] SYS: All systems nominal.
[2024-06-26 15:06:10] GPS: Latitude: 34.0598, Longitude: -118.2358
[2024-06-26 15:06:10] ALT: 733 meters
[2024-06-26 15:06:10] SPD: 70 m/s
[2024-06-26 15:06:10] BAT: 74.4%
[2024-06-26 15:06:10] SYS: All systems nominal.
[2024-06-26 15:07:10] GPS: Latitude: 34.0593, Longitude: -118.2361
[2024-06-26 15:07:10] ALT: 704 meters
[2024-06-26 15:07:10] SPD: 65 m/s
[2024-06-26 15:07:10] BAT: 73.9%
[2024-06-26 15:07:10] SYS: All systems nominal.
[2024-06-26 15:07:10] INFO: Drone flight completed. Tail Number: n567kl
