[2024-06-26 14:32:10] INFO: Drone flight initiated. Tail Number: n678st
[2024-06-26 14:33:10] GPS: Latitude: 34.0526, Longitude: -118.2434
[2024-06-26 14:33:10] ALT: 28 meters
[2024-06-26 14:33:10] SPD: 5 m/s
[2024-06-26 14:33:10] BAT: 99.2 %
[2024-06-26 14:33:10] SYS: All systems nominal.
[2024-06-26 14:33:10] DEBUG: SENSOR: optical VAL:29.38.
[2024-06-26 14:34:10] GPS: Latitude: 34.0528, Longitude: -118.2431
[2024-06-26 14:34:10] ALT: 77 meters
[2024-06-26 14:34:10] SPD: 10 m/s
[2024-06-26 14:34:10] BAT: 98.7 %
[2024-06-26 14:34:10] SYS: All systems nominal.
[2024-06-26 14:34:10] DEBUG: SENSOR: optical VAL:95.03.
[2024-06-26 14:35:10] GPS: Latitude: 34.0530, Longitude: -118.2428
[2024-06-26 14:35:10] ALT: 94 meters
[2024-06-26 14:35:10] SPD: 15 m/s
[2024-06-26 14:35:10] BAT: 97.7 %
[2024-06-26 14:35:10] SYS: All systems nominal.
[2024-06-26 14:35:10] DEBUG: SENSOR: optical VAL:64.48.
[2024-06-26 14:36:10] GPS: Latitude: 34.0533, Longitude: -118.2425
[2024-06-26 14:36:10] ALT: 119 meters
[2024-06-26 14:36:10] SPD: 20 m/s
[2024-06-26 14:36:10] BAT: 97.0 %
[2024-06-26 14:36:10] SYS: All systems nominal.
[2024-06-26 14:36:10] DEBUG: SENSOR: optical VAL:98.03.
[2024-06-26 14:37:10] GPS: Latitude: 34.0535, Longitude: -118.2422
[2024-06-26 14:37:10] ALT: 143 meters
[2024-06-26 14:37:10] SPD: 25 m/s
[2024-06-26 14:37:10] BAT: 96.2 %
[2024-06-26 14:37:10] SYS: All systems nominal.
[2024-06-26 14:37:10] DEBUG: SENSOR: optical VAL:79.49.
[2024-06-26 14:38:10] GPS: Latitude: 34.0538, Longitude: -118.2420
[2024-06-26 14:38:10] ALT: 183 meters
[2024-06-26 14:38:10] SPD: 30 m/s
[2024-06-26 14:38:10] BAT: 95.7 %
[2024-06-26 14:38:10] SYS: All systems nominal.
[2024-06-26 14:38:10] DEBUG: SENSOR: optical VAL:25.09.
[2024-06-26 14:39:10] GPS: Latitude: 34.0541, Longitude: -118.2418
[2024-06-26 14:39:10] ALT: 213 meters
[2024-06-26 14:39:10] SPD: 32 m/s
[2024-06-26 14:39:10] BAT: 94.8 %
[2024-06-26 14:39:10] SYS: All systems nominal.
[2024-06-26 14:39:10] DEBUG: SENSOR: optical VAL:17.50.
[2024-06-26 14:40:10] GPS: Latitude: 34.0543, Longitude: -118.2414
[2024-06-26 14:40:10] ALT: 236 meters
[2024-06-26 14:40:10] SPD: 37 m/s
[2024-06-26 14:40:10] BAT: 94.3 %
[2024-06-26 14:40:10] SYS: All systems nominal.
[2024-06-26 14:40:10] DEBUG: SENSOR: optical VAL:55.02.
[2024-06-26 14:41:10] GPS: Latitude: 34.0545, Longitude: -118.2410
[2024-06-26 14:41:10] ALT: 273 meters
[2024-06-26 14:41:10] SPD: 40 m/s
[2024-06-26 14:41:10] BAT: 93.4 %
[2024-06-26 14:41:10] SYS: All systems nominal.
[2024-06-26 14:41:10] DEBUG: SENSOR: optical VAL:77.79.
[2024-06-26 14:42:10] GPS: Latitude: 34.0547, Longitude: -118.2408
[2024-06-26 14:42:10] ALT: 306 meters
[2024-06-26 14:42:10] SPD: 45 m/s
[2024-06-26 14:42:10] BAT: 92.8 %
[2024-06-26 14:42:10] SYS: All systems nominal.
[2024-06-26 14:42:10] DEBUG: SENSOR: optical VAL:59.61.
[2024-06-26 14:43:10] GPS: Latitude: 34.0549, Longitude: -118.2407
[2024-06-26 14:43:10] ALT: 329 meters
[2024-06-26 14:43:10] SPD: 50 m/s
[2024-06-26 14:43:10] BAT: 91.9 %
[2024-06-26 14:43:10] SYS: All systems nominal.
[2024-06-26 14:43:10] DEBUG: SENSOR: optical VAL:54.01.
[2024-06-26 14:44:10] GPS: Latitude: 34.0550, Longitude: -118.2405
[2024-06-26 14:44:10] ALT: 379 meters
[2024-06-26 14:44:10] SPD: 52 m/s
[2024-06-26 14:44:10] BAT: 91.2 %
[2024-06-26 14:44:10] SYS: All systems nominal.
[2024-06-26 14:44:10] DEBUG: SENSOR: optical VAL:76.82.
[2024-06-26 14:45:10] GPS: Latitude: 34.0554, Longitude: -118.2403
[2024-06-26 14:45:10] ALT: 395 meters
[2024-06-26 14:45:10] SPD: 55 m/s
[2024-06-26 14:45:10] BAT: 90.5 %
[2024-06-26 14:45:10] SYS: All systems nominal.
[2024-06-26 14:45:10] DEBUG: SENSOR: optical VAL:71.93.
[2024-06-26 14:46:10] GPS: Latitude: 34.0555, Longitude: -118.2401
[2024-06-26 14:46:10] ALT: 438 meters
[2024-06-26 14:46:10] SPD: 57 m/s
[2024-06-26 14:46:10] BAT: 89.9 %
[2024-06-26 14:46:10] SYS: All systems nominal.
[2024-06-26 14:46:10] DEBUG: SENSOR: optical VAL:71.05.
[2024-06-26 14:47:10] GPS: Latitude: 34.0560, Longitude: -118.2398
[2024-06-26 14:47:10] ALT: 457 meters
[2024-06-26 14:47:10] SPD: 62 m/s
[2024-06-26 14:47:10] BAT: 89.3 %
[2024-06-26 14:47:10] SYS: All systems nominal.
[2024-06-26 14:47:10] DEBUG: SENSOR: optical VAL:77.65.
[2024-06-26 14:48:10] GPS: Latitude: 34.0561, Longitude: -118.2393
[2024-06-26 14:48:10] ALT: 496 meters
[2024-06-26 14:48:10] SPD: 67 m/s
[2024-06-26 14:48:10] BAT: 88.4 %
[2024-06-26 14:48:10] SYS: All systems nominal.
[2024-06-26 14:48:10] DEBUG: SENSOR: optical VAL:2.54.
[2024-06-26 14:49:10] GPS: Latitude: 34.0564, Longitude: -118.2391
[2024-06-26 14:49:10] ALT: 512 meters
[2024-06-26 14:49:10] SPD: 68 m/s
[2024-06-26 14:49:10] BAT: 87.6 %
[2024-06-26 14:49:10] SYS: All systems nominal.
[2024-06-26 14:49:10] DEBUG: SENSOR: optical VAL:85.43.
[2024-06-26 14:50:10] GPS: Latitude: 34.0567, Longitude: -118.2388
[2024-06-26 14:50:10] ALT: 525 meters
[2024-06-26 14:50:10] SPD: 71 m/s
[2024-06-26 14:50:10] BAT: 86.8 %
[2024-06-26 14:50:10] SYS: All systems nominal.
[2024-06-26 14:50:10] DEBUG: SENSOR: optical VAL:46.78.
[2024-06-26 14:51:10] GPS: Latitude: 34.0571, Longitude: -118.2387
[2024-06-26 14:51:10] ALT: 539 meters
[2024-06-26 14:51:10] SPD: 72 m/s
[2024-06-26 14:51:10] BAT: 86.2 %
[2024-06-26 14:51:10] SYS: All systems nominal.
[2024-06-26 14:51:10] DEBUG: SENSOR: optical VAL:79.93.
[2024-06-26 14:52:10] GPS: Latitude: 34.0576, Longitude: -118.2386
[2024-06-26 14:52:10] ALT: 565 meters
[2024-06-26 14:52:10] SPD: 74 m/s
[2024-06-26 14:52:10] BAT: 85.6 %
[2024-06-26 14:52:10] SYS: All systems nominal.
[2024-06-26 14:52:10] DEBUG: SENSOR: optical VAL:67.54.
[2024-06-26 14:53:10] GPS: Latitude: 34.0581, Longitude: -118.2381
[2024-06-26 14:53:10] ALT: 606 meters
[2024-06-26 14:53:10] SPD: 75 m/s
[2024-06-26 14:53:10] BAT: 84.9 %
[2024-06-26 14:53:10] SYS: All systems nominal.
[2024-06-26 14:53:10] DEBUG: SENSOR: optical VAL:37.95.
[2024-06-26 14:54:10] GPS: Latitude: 34.0584, Longitude: -118.2379
[2024-06-26 14:54:10] ALT: 620 meters
[2024-06-26 14:54:10] SPD: 78 m/s
[2024-06-26 14:54:10] BAT: 84.3 %
[2024-06-26 14:54:10] SYS: All systems nominal.
[2024-06-26 14:54:10] DEBUG: SENSOR: optical VAL:61.26.
[2024-06-26 14:55:10] GPS: Latitude: 34.0588, Longitude: -118.2377
[2024-06-26 14:55:10] ALT: 636 meters
[2024-06-26 14:55:10] SPD: 79 m/s
[2024-06-26 14:55:10] BAT: 83.7 %
[2024-06-26 14:55:10] SYS: All systems nominal.
[2024-06-26 14:55:10] DEBUG: SENSOR: optical VAL:34.88.
[2024-06-26 14:56:10] GPS: Latitude: 34.0589, Longitude: -118.2376
[2024-06-26 14:56:10] ALT: 671 meters
[2024-06-26 14:56:10] SPD: 81 m/s
[2024-06-26 14:56:10] BAT: 83.2 %
[2024-06-26 14:56:10] SYS: All systems nominal.
[2024-06-26 14:56:10] DEBUG: SENSOR: optical VAL:29.47.
[2024-06-26 14:57:10] GPS: Latitude: 34.0591, Longitude: -118.2372
[2024-06-26 14:57:10] ALT: 715 meters
[2024-06-26 14:57:10] SPD: 82 m/s
[2024-06-26 14:57:10] BAT: 82.2 %
[2024-06-26 14:57:10] SYS: All systems nominal.
[2024-06-26 14:57:10] DEBUG: SENSOR: optical VAL:65.93.
[2024-06-26 14:58:10] GPS: Latitude: 34.0593, Longitude: -118.2370
[2024-06-26 14:58:10] ALT: 727 meters
[2024-06-26 14:58:10] SPD: 83 m/s
[2024-06-26 14:58:10] BAT: 81.5 %
[2024-06-26 14:58:10] SYS: All systems nominal.
[2024-06-26 14:58:10] DEBUG: SENSOR: optical VAL:24.91.
[2024-06-26 14:59:10] GPS: Latitude: 34.0596, Longitude: -118.2365
[2024-06-26 14:59:10] ALT: 746 meters
[2024-06-26 14:59:10] SPD: 88 m/s
[2024-06-26 14:59:10] BAT: 80.8 %
[2024-06-26 14:59:10] SYS: All systems nominal.
[2024-06-26 14:59:10] DEBUG: SENSOR: optical VAL:4.65.
[2024-06-26 15:00:10] GPS: Latitude: 34.0600, Longitude: -118.2361
[2024-06-26 15:00:10] ALT: 766 meters
[2024-06-26 15:00:10] SPD: 89 m/s
[2024-06-26 15:00:10] BAT: 80.3 %
[2024-06-26 15:00:10] SYS: All systems nominal.
[2024-06-26 15:00:10] DEBUG: SENSOR: optical VAL:25.08.
[2024-06-26 15:01:10] GPS: Latitude: 34.0603, Longitude: -118.2358
[2024-06-26 15:01:10] ALT: 807 meters
[2024-06-26 15:01:10] SPD: 93 m/s
[2024-06-26 15:01:10] BAT: 79.7 %
[2024-06-26 15:01:10] SYS: All systems nominal.
[2024-06-26 15:01:10] DEBUG: SENSOR: optical VAL:60.57.
[2024-06-26 15:02:10] GPS: Latitude: 34.0608, Longitude: -118.2354
[2024-06-26 15:02:10] ALT: 836 meters
[2024-06-26 15:02:10] SPD: 95 m/s
[2024-06-26 15:02:10] BAT: 79.0 %
[2024-06-26 15:02:10] SYS: All systems nominal.
[2024-06-26 15:02:10] DEBUG: SENSOR: optical VAL:88.51.
[2024-06-26 15:02:10] INFO: Beginning descent.
[2024-06-26 15:03:10] GPS: Latitude: 34.0607, Longitude: -118.2358
[2024-06-26 15:03:10] ALT: 816 meters
[2024-06-26 15:03:10] SPD: 90 m/s
[2024-06-26 15:03:10] BAT: 78.0%
[2024-06-26 15:03:10] SYS: All systems nominal.
[2024-06-26 15:04:10] GPS: Latitude: 34.0604, Longitude: -118.2361
[2024-06-26 15:04:10] ALT: 804 meters
[2024-06-26 15:04:10] SPD: 86 m/s
[2024-06-26 15:04:10] BAT: 77.4%
[2024-06-26 15:04:10] SYS: All systems nominal.
[2024-06-26 15:05:10] GPS: Latitude: 34.0601, Longitude: -118.2364
[2024-06-26 15:05:10] ALT: 761 meters
[2024-06-26 15:05:10] SPD: 84 m/s
[2024-06-26 15:05:10] BAT: 76.5%
[2024-06-26 15:05:10] SYS: All systems nominal.
[2024-06-26 15:06:10] GPS: Latitude: 34.0596, Longitude: -118.2365
[2024-06-26 15:06:10] ALT: 738 meters
[2024-06-26 15:06:10] SPD: 82 m/s
[2024-06-26 15:06:10] BAT: 75.7%
[2024-06-26 15:06:10] SYS: All systems nominal.
[2024-06-26 15:07:10] GPS: Latitude: 34.0594, Longitude: -118.2368
[2024-06-26 15:07:10] ALT: 706 meters
[2024-06-26 15:07:10] SPD: 78 m/s
[2024-06-26 15:07:10] BAT: 75.0%
[2024-06-26 15:07:10] SYS: All systems nominal.
[2024-06-26 15:07:10] INFO: Drone flight completed. Tail Number: n678st
