[2024-06-26 14:32:10] INFO: Drone flight initiated. Tail Number: n789ef
[2024-06-26 14:33:10] GPS: Latitude: 34.0526, Longitude: -118.2434
[2024-06-26 14:33:10] ALT: 26 meters
[2024-06-26 14:33:10] SPD: 3 m/s
[2024-06-26 14:33:10] BAT: 99.3 %
[2024-06-26 14:33:10] SYS: All systems nominal.
[2024-06-26 14:33:10] DEBUG: SENSOR: optical VAL:51.85.
[2024-06-26 14:34:10] GPS: Latitude: 34.0528, Longitude: -118.2432
[2024-06-26 14:34:10] ALT: 57 meters
[2024-06-26 14:34:10] SPD: 5 m/s
[2024-06-26 14:34:10] BAT: 98.3 %
[2024-06-26 14:34:10] SYS: All systems nominal.
[2024-06-26 14:34:10] DEBUG: SENSOR: optical VAL:78.37.
[2024-06-26 14:35:10] GPS: Latitude: 34.0530, Longitude: -118.2431
[2024-06-26 14:35:10] ALT: 71 meters
[2024-06-26 14:35:10] SPD: 9 m/s
[2024-06-26 14:35:10] BAT: 97.3 %
[2024-06-26 14:35:10] SYS: All systems nominal.
[2024-06-26 14:35:10] DEBUG: SENSOR: optical VAL:15.00.
[2024-06-26 14:36:10] GPS: Latitude: 34.0533, Longitude: -118.2429
[2024-06-26 14:36:10] ALT: 107 meters
[2024-06-26 14:36:10] SPD: 12 m/s
[2024-06-26 14:36:10] BAT: 96.8 %
[2024-06-26 14:36:10] SYS: All systems nominal.
[2024-06-26 14:36:10] DEBUG: SENSOR: optical VAL:50.20.
[2024-06-26 14:37:10] GPS: Latitude: 34.0537, Longitude: -118.2426
[2024-06-26 14:37:10] ALT: 129 meters
[2024-06-26 14:37:10] SPD: 13 m/s
[2024-06-26 14:37:10] BAT: 96.2 %
[2024-06-26 14:37:10] SYS: All systems nominal.
[2024-06-26 14:37:10] DEBUG: SENSOR: optical VAL:95.43.
[2024-06-26 14:38:10] GPS: Latitude: 34.0542, Longitude: -118.2424
[2024-06-26 14:38:10] ALT: 165 meters
[2024-06-26 14:38:10] SPD: 15 m/s
[2024-06-26 14:38:10] BAT: 95.6 %
[2024-06-26 14:38:10] SYS: All systems nominal.
[2024-06-26 14:38:10] DEBUG: SENSOR: optical VAL:99.70.
[2024-06-26 14:39:10] GPS: Latitude: 34.0543, Longitude: -118.2420
[2024-06-26 14:39:10] ALT: 183 meters
[2024-06-26 14:39:10] SPD: 20 m/s
[2024-06-26 14:39:10] BAT: 94.8 %
[2024-06-26 14:39:10] SYS: All systems nominal.
[2024-06-26 14:39:10] DEBUG: SENSOR: optical VAL:71.01.
[2024-06-26 14:40:10] GPS: Latitude: 34.0548, Longitude: -118.2418
[2024-06-26 14:40:10] ALT: 221 meters
[2024-06-26 14:40:10] SPD: 24 m/s
[2024-06-26 14:40:10] BAT: 94.0 %
[2024-06-26 14:40:10] SYS: All systems nominal.
[2024-06-26 14:40:10] DEBUG: SENSOR: optical VAL:96.38.
[2024-06-26 14:41:10] GPS: Latitude: 34.0551, Longitude: -118.2414
[2024-06-26 14:41:10] ALT: 242 meters
[2024-06-26 14:41:10] SPD: 25 m/s
[2024-06-26 14:41:10] BAT: 93.3 %
[2024-06-26 14:41:10] SYS: All systems nominal.
[2024-06-26 14:41:10] DEBUG: SENSOR: optical VAL:45.88.
[2024-06-26 14:42:10] GPS: Latitude: 34.0552, Longitude: -118.2411
[2024-06-26 14:42:10] ALT: 290 meters
[2024-06-26 14:42:10] SPD: 28 m/s
[2024-06-26 14:42:10] BAT: 92.5 %
[2024-06-26 14:42:10] SYS: All systems nominal.
[2024-06-26 14:42:10] DEBUG: SENSOR: optical VAL:62.32.
[2024-06-26 14:43:10] GPS: Latitude: 34.0553, Longitude: -118.2406
[2024-06-26 14:43:10] ALT: 302 meters
[2024-06-26 14:43:10] SPD: 31 m/s
[2024-06-26 14:43:10] BAT: 92.0 %
[2024-06-26 14:43:10] SYS: All systems nominal.
[2024-06-26 14:43:10] DEBUG: SENSOR: optical VAL:23.17.
[2024-06-26 14:44:10] GPS: Latitude: 34.0557, Longitude: -118.2405
[2024-06-26 14:44:10] ALT: 327 meters
[2024-06-26 14:44:10] SPD: 34 m/s
[2024-06-26 14:44:10] BAT: 91.5 %
[2024-06-26 14:44:10] SYS: All systems nominal.
[2024-06-26 14:44:10] DEBUG: SENSOR: optical VAL:12.00.
[2024-06-26 14:45:10] GPS: Latitude: 34.0559, Longitude: -118.2403
[2024-06-26 14:45:10] ALT: 366 meters
[2024-06-26 14:45:10] SPD: 36 m/s
[2024-06-26 14:45:10] BAT: 90.8 %
[2024-06-26 14:45:10] SYS: All systems nominal.
[2024-06-26 14:45:10] DEBUG: SENSOR: optical VAL:89.95.
[2024-06-26 14:46:10] GPS: Latitude: 34.0561, Longitude: -118.2400
[2024-06-26 14:46:10] ALT: 409 meters
[2024-06-26 14:46:10] SPD: 41 m/s
[2024-06-26 14:46:10] BAT: 89.9 %
[2024-06-26 14:46:10] SYS: All systems nominal.
[2024-06-26 14:46:10] DEBUG: SENSOR: optical VAL:33.21.
[2024-06-26 14:47:10] GPS: Latitude: 34.0563, Longitude: -118.2398
[2024-06-26 14:47:10] ALT: 433 meters
[2024-06-26 14:47:10] SPD: 44 m/s
[2024-06-26 14:47:10] BAT: 89.2 %
[2024-06-26 14:47:10] SYS: All systems nominal.
[2024-06-26 14:47:10] DEBUG: SENSOR: optical VAL:27.74.
[2024-06-26 14:48:10] GPS: Latitude: 34.0566, Longitude: -118.2397
[2024-06-26 14:48:10] ALT: 460 meters
[2024-06-26 14:48:10] SPD: 47 m/s
[2024-06-26 14:48:10] BAT: 88.4 %
[2024-06-26 14:48:10] SYS: All systems nominal.
[2024-06-26 14:48:10] DEBUG: SENSOR: optical VAL:62.48.
[2024-06-26 14:49:10] GPS: Latitude: 34.0570, Longitude: -118.2393
[2024-06-26 14:49:10] ALT: 507 meters
[2024-06-26 14:49:10] SPD: 51 m/s
[2024-06-26 14:49:10] BAT: 87.8 %
[2024-06-26 14:49:10] SYS: All systems nominal.
[2024-06-26 14:49:10] DEBUG: SENSOR: optical VAL:42.51.
[2024-06-26 14:50:10] GPS: Latitude: 34.0574, Longitude: -118.2392
[2024-06-26 14:50:10] ALT: 536 meters
[2024-06-26 14:50:10] SPD: 52 m/s
[2024-06-26 14:50:10] BAT: 87.1 %
[2024-06-26 14:50:10] SYS: All systems nominal.
[2024-06-26 14:50:10] DEBUG: SENSOR: optical VAL:33.36.
[2024-06-26 14:51:10] GPS: Latitude: 34.0578, Longitude: -118.2390
[2024-06-26 14:51:10] ALT: 571 meters
[2024-06-26 14:51:10] SPD: 57 m/s
[2024-06-26 14:51:10] BAT: 86.6 %
[2024-06-26 14:51:10] SYS: All systems nominal.
[2024-06-26 14:51:10] DEBUG: SENSOR: optical VAL:49.81.
[2024-06-26 14:52:10] GPS: Latitude: 34.0580, Longitude: -118.2387
[2024-06-26 14:52:10] ALT: 592 meters
[2024-06-26 14:52:10] SPD: 62 m/s
[2024-06-26 14:52:10] BAT: 86.0 %
[2024-06-26 14:52:10] SYS: All systems nominal.
[2024-06-26 14:52:10] DEBUG: SENSOR: optical VAL:90.30.
[2024-06-26 14:53:10] GPS: Latitude: 34.0583, Longitude: -118.2385
[2024-06-26 14:53:10] ALT: 624 meters
[2024-06-26 14:53:10] SPD: 64 m/s
[2024-06-26 14:53:10] BAT: 85.3 %
[2024-06-26 14:53:10] SYS: All systems nominal.
[2024-06-26 14:53:10] DEBUG: SENSOR: optical VAL:37.65.
[2024-06-26 14:54:10] GPS: Latitude: 34.0586, Longitude: -118.2382
[2024-06-26 14:54:10] ALT: 638 meters
[2024-06-26 14:54:10] SPD: 66 m/s
[2024-06-26 14:54:10] BAT: 84.8 %
[2024-06-26 14:54:10] SYS: All systems nominal.
[2024-06-26 14:54:10] DEBUG: SENSOR: optical VAL:10.00.
[2024-06-26 14:55:10] GPS: Latitude: 34.0590, Longitude: -118.2377
[2024-06-26 14:55:10] ALT: 658 meters
[2024-06-26 14:55:10] SPD: 69 m/s
[2024-06-26 14:55:10] BAT: 84.1 %
[2024-06-26 14:55:10] SYS: All systems nominal.
[2024-06-26 14:55:10] DEBUG: SENSOR: optical VAL:89.49.
[2024-06-26 14:56:10] GPS: Latitude: 34.0595, Longitude: -118.2373
[2024-06-26 14:56:10] ALT: 668 meters
[2024-06-26 14:56:10] SPD: 74 m/s
[2024-06-26 14:56:10] BAT: 83.5 %
[2024-06-26 14:56:10] SYS: All systems nominal.
[2024-06-26 14:56:10] DEBUG: SENSOR: optical VAL:60.57.
[2024-06-26 14:57:10] GPS: Latitude: 34.0598, Longitude: -118.2369
[2024-06-26 14:57:10] ALT: 690 meters
[2024-06-26 14:57:10] SPD: 79 m/s
[2024-06-26 14:57:10] BAT: 82.9 %
[2024-06-26 14:57:10] SYS: All systems nominal.
[2024-06-26 14:57:10] DEBUG: SENSOR: optical VAL:14.92.
[2024-06-26 14:58:10] GPS: Latitude: 34.0601, Longitude: -118.2366
[2024-06-26 14:58:10] ALT: 716 meters
[2024-06-26 14:58:10] SPD: 80 m/s
[2024-06-26 14:58:10] BAT: 82.0 %
[2024-06-26 14:58:10] SYS: All systems nominal.
[2024-06-26 14:58:10] DEBUG: SENSOR: optical VAL:43.03.
[2024-06-26 14:59:10] GPS: Latitude: 34.0606, Longitude: -118.2361
[2024-06-26 14:59:10] ALT: 732 meters
[2024-06-26 14:59:10] SPD: 83 m/s
[2024-06-26 14:59:10] BAT: 81.1 %
[2024-06-26 14:59:10] SYS: All systems nominal.
[2024-06-26 14:59:10] DEBUG: SENSOR: optical VAL:52.23.
[2024-06-26 15:00:10] GPS: Latitude: 34.0609, Longitude: -118.2358
[2024-06-26 15:00:10] ALT: 758 meters
[2024-06-26 15:00:10] SPD: 87 m/s
[2024-06-26 15:00:10] BAT: 80.6 %
[2024-06-26 15:00:10] SYS: All systems nominal.
[2024-06-26 15:00:10] DEBUG: SENSOR: optical VAL:63.54.
[2024-06-26 15:01:10] GPS: Latitude: 34.0611, Longitude: -118.2357
[2024-06-26 15:01:10] ALT: 795 meters
[2024-06-26 15:01:10] SPD: 88 m/s
[2024-06-26 15:01:10] BAT: 79.8 %
[2024-06-26 15:01:10] SYS: All systems nominal.
[2024-06-26 15:01:10] DEBUG: SENSOR: optical VAL:16.50.
[2024-06-26 15:02:10] GPS: Latitude: 34.0613, Longitude: -118.2352
[2024-06-26 15:02:10] ALT: 834 meters
[2024-06-26 15:02:10] SPD: 89 m/s
[2024-06-26 15:02:10] BAT: 79.0 %
[2024-06-26 15:02:10] SYS: All systems nominal.
[2024-06-26 15:02:10] DEBUG: SENSOR: optical VAL:57.91.
[2024-06-26 15:02:10] INFO: Beginning descent.
[2024-06-26 15:03:10] GPS: Latitude: 34.0612, Longitude: -118.2357
[2024-06-26 15:03:10] ALT: 811 meters
[2024-06-26 15:03:10] SPD: 87 m/s
[2024-06-26 15:03:10] BAT: 78.5%
[2024-06-26 15:03:10] SYS: All systems nominal.
[2024-06-26 15:04:10] GPS: Latitude: 34.0610, Longitude: -118.2359
[2024-06-26 15:04:10] ALT: 799 meters
[2024-06-26 15:04:10] SPD: 84 m/s
[2024-06-26 15:04:10] BAT: 77.8%
[2024-06-26 15:04:10] SYS: All systems nominal.
[2024-06-26 15:05:10] GPS: Latitude: 34.0607, Longitude: -118.2361
[2024-06-26 15:05:10] ALT: 787 meters
[2024-06-26 15:05:10] SPD: 82 m/s
[2024-06-26 15:05:10] BAT: 76.9%
[2024-06-26 15:05:10] SYS: All systems nominal.
[2024-06-26 15:06:10] GPS: Latitude: 34.0605, Longitude: -118.2363
[2024-06-26 15:06:10] ALT: 740 meters
[2024-06-26 15:06:10] SPD: 79 m/s
[2024-06-26 15:06:10] BAT: 76.0%
[2024-06-26 15:06:10] SYS: All systems nominal.
[2024-06-26 15:07:10] GPS: Latitude: 34.0603, Longitude: -118.2365
[2024-06-26 15:07:10] ALT: 691 meters
[2024-06-26 15:07:10] SPD: 78 m/s
[2024-06-26 15:07:10] BAT: 75.1%
[2024-06-26 15:07:10] SYS: All systems nominal.
[2024-06-26 15:07:10] INFO: Drone flight completed. Tail Number: n789ef
