[2024-06-26 14:32:10] INFO: Drone flight initiated. Tail Number: n890mn
[2024-06-26 14:33:10] GPS: Latitude: 34.0526, Longitude: -118.2432
[2024-06-26 14:33:10] ALT: 35 meters
[2024-06-26 14:33:10] SPD: 2 m/s
[2024-06-26 14:33:10] BAT: 99.3 %
[2024-06-26 14:33:10] SYS: All systems nominal.
[2024-06-26 14:33:10] DEBUG: SENSOR: infrared VAL:67.63.
[2024-06-26 14:34:10] GPS: Latitude: 34.0529, Longitude: -118.2430
[2024-06-26 14:34:10] ALT: 46 meters
[2024-06-26 14:34:10] SPD: 4 m/s
[2024-06-26 14:34:10] BAT: 98.7 %
[2024-06-26 14:34:10] SYS: All systems nominal.
[2024-06-26 14:34:10] DEBUG: SENSOR: infrared VAL:88.98.
[2024-06-26 14:35:10] GPS: Latitude: 34.0531, Longitude: -118.2428
[2024-06-26 14:35:10] ALT: 73 meters
[2024-06-26 14:35:10] SPD: 9 m/s
[2024-06-26 14:35:10] BAT: 97.9 %
[2024-06-26 14:35:10] SYS: All systems nominal.
[2024-06-26 14:35:10] DEBUG: SENSOR: infrared VAL:6.97.
[2024-06-26 14:36:10] GPS: Latitude: 34.0536, Longitude: -118.2425
[2024-06-26 14:36:10] ALT: 120 meters
[2024-06-26 14:36:10] SPD: 11 m/s
[2024-06-26 14:36:10] BAT: 97.1 %
[2024-06-26 14:36:10] SYS: All systems nominal.
[2024-06-26 14:36:10] DEBUG: SENSOR: infrared VAL:71.57.
[2024-06-26 14:37:10] GPS: Latitude: 34.0541, Longitude: -118.2421
[2024-06-26 14:37:10] ALT: 154 meters
[2024-06-26 14:37:10] SPD: 16 m/s
[2024-06-26 14:37:10] BAT: 96.3 %
[2024-06-26 14:37:10] SYS: All systems nominal.
[2024-06-26 14:37:10] DEBUG: SENSOR: infrared VAL:2.38.
[2024-06-26 14:38:10] GPS: Latitude: 34.0544, Longitude: -118.2419
[2024-06-26 14:38:10] ALT: 171 meters
[2024-06-26 14:38:10] SPD: 18 m/s
[2024-06-26 14:38:10] BAT: 95.7 %
[2024-06-26 14:38:10] SYS: All systems nominal.
[2024-06-26 14:38:10] DEBUG: SENSOR: infrared VAL:16.34.
[2024-06-26 14:39:10] GPS: Latitude: 34.0548, Longitude: -118.2415
[2024-06-26 14:39:10] ALT: 186 meters
[2024-06-26 14:39:10] SPD: 21 m/s
[2024-06-26 14:39:10] BAT: 95.0 %
[2024-06-26 14:39:10] SYS: All systems nominal.
[2024-06-26 14:39:10] DEBUG: SENSOR: infrared VAL:43.98.
[2024-06-26 14:40:10] GPS: Latitude: 34.0553, Longitude: -118.2414
[2024-06-26 14:40:10] ALT: 223 meters
[2024-06-26 14:40:10] SPD: 24 m/s
[2024-06-26 14:40:10] BAT: 94.0 %
[2024-06-26 14:40:10] SYS: All systems nominal.
[2024-06-26 14:40:10] DEBUG: SENSOR: infrared VAL:67.34.
[2024-06-26 14:41:10] GPS: Latitude: 34.0555, Longitude: -118.2411
[2024-06-26 14:41:10] ALT: 256 meters
[2024-06-26 14:41:10] SPD: 27 m/s
[2024-06-26 14:41:10] BAT: 93.2 %
[2024-06-26 14:41:10] SYS: All systems nominal.
[2024-06-26 14:41:10] DEBUG: SENSOR: infrared VAL:63.60.
[2024-06-26 14:42:10] GPS: Latitude: 34.0558, Longitude: -118.2409
[2024-06-26 14:42:10] ALT: 305 meters
[2024-06-26 14:42:10] SPD: 30 m/s
[2024-06-26 14:42:10] BAT: 92.6 %
[2024-06-26 14:42:10] SYS: All systems nominal.
[2024-06-26 14:42:10] DEBUG: SENSOR: infrared VAL:87.34.
[2024-06-26 14:43:10] GPS: Latitude: 34.0561, Longitude: -118.2406
[2024-06-26 14:43:10] ALT: 321 meters
[2024-06-26 14:43:10] SPD: 31 m/s
[2024-06-26 14:43:10] BAT: 91.9 %
[2024-06-26 14:43:10] SYS: All systems nominal.
[2024-06-26 14:43:10] DEBUG: SENSOR: infrared VAL:89.11.
[2024-06-26 14:44:10] GPS: Latitude: 34.0566, Longitude: -118.2405
[2024-06-26 14:44:10] ALT: 339 meters
[2024-06-26 14:44:10] SPD: 34 m/s
[2024-06-26 14:44:10] BAT: 91.3 %
[2024-06-26 14:44:10] SYS: All systems nominal.
[2024-06-26 14:44:10] DEBUG: SENSOR: infrared VAL:32.84.
[2024-06-26 14:45:10] GPS: Latitude: 34.0567, Longitude: -118.2402
[2024-06-26 14:45:10] ALT: 357 meters
[2024-06-26 14:45:10] SPD: 35 m/s
[2024-06-26 14:45:10] BAT: 90.5 %
[2024-06-26 14:45:10] SYS: All systems nominal.
[2024-06-26 14:45:10] DEBUG: SENSOR: infrared VAL:55.04.
[2024-06-26 14:46:10] GPS: Latitude: 34.0571, Longitude: -118.2399
[2024-06-26 14:46:10] ALT: 370 meters
[2024-06-26 14:46:10] SPD: 40 m/s
[2024-06-26 14:46:10] BAT: 89.7 %
[2024-06-26 14:46:10] SYS: All systems nominal.
[2024-06-26 14:46:10] DEBUG: SENSOR: infrared VAL:46.21.
[2024-06-26 14:47:10] GPS: Latitude: 34.0574, Longitude: -118.2396
[2024-06-26 14:47:10] ALT: 385 meters
[2024-06-26 14:47:10] SPD: 42 m/s
[2024-06-26 14:47:10] BAT: 88.9 %
[2024-06-26 14:47:10] SYS: All systems nominal.
[2024-06-26 14:47:10] DEBUG: SENSOR: infrared VAL:78.61.
[2024-06-26 14:48:10] GPS: Latitude: 34.0575, Longitude: -118.2393
[2024-06-26 14:48:10] ALT: 411 meters
[2024-06-26 14:48:10] SPD: 47 m/s
[2024-06-26 14:48:10] BAT: 88.0 %
[2024-06-26 14:48:10] SYS: All systems nominal.
[2024-06-26 14:48:10] DEBUG: SENSOR: infrared VAL:7.10.
[2024-06-26 14:49:10] GPS: Latitude: 34.0576, Longitude: -118.2390
[2024-06-26 14:49:10] ALT: 460 meters
[2024-06-26 14:49:10] SPD: 49 m/s
[2024-06-26 14:49:10] BAT: 87.4 %
[2024-06-26 14:49:10] SYS: All systems nominal.
[2024-06-26 14:49:10] DEBUG: SENSOR: infrared VAL:93.97.
[2024-06-26 14:50:10] GPS: Latitude: 34.0580, Longitude: -118.2386
[2024-06-26 14:50:10] ALT: 486 meters
[2024-06-26 14:50:10] SPD: 52 m/s
[2024-06-26 14:50:10] BAT: 86.4 %
[2024-06-26 14:50:10] SYS: All systems nominal.
[2024-06-26 14:50:10] DEBUG: SENSOR: infrared VAL:96.68.
[2024-06-26 14:51:10] GPS: Latitude: 34.0583, Longitude: -118.2384
[2024-06-26 14:51:10] ALT: 505 meters
[2024-06-26 14:51:10] SPD: 53 m/s
[2024-06-26 14:51:10] BAT: 85.4 %
[2024-06-26 14:51:10] SYS: All systems nominal.
[2024-06-26 14:51:10] DEBUG: SENSOR: infrared VAL:2.31.
[2024-06-26 14:52:10] GPS: Latitude: 34.0585, Longitude: -118.2380
[2024-06-26 14:52:10] ALT: 522 meters
[2024-06-26 14:52:10] SPD: 55 m/s
[2024-06-26 14:52:10] BAT: 84.5 %
[2024-06-26 14:52:10] SYS: All systems nominal.
[2024-06-26 14:52:10] DEBUG: SENSOR: infrared VAL:8.27.
[2024-06-26 14:53:10] GPS: Latitude: 34.0589, Longitude: -118.2376
[2024-06-26 14:53:10] ALT: 561 meters
[2024-06-26 14:53:10] SPD: 60 m/s
[2024-06-26 14:53:10] BAT: 83.7 %
[2024-06-26 14:53:10] SYS: All systems nominal.
[2024-06-26 14:53:10] DEBUG: SENSOR: infrared VAL:37.30.
[2024-06-26 14:54:10] GPS: Latitude: 34.0591, Longitude: -118.2374
[2024-06-26 14:54:10] ALT: 602 meters
[2024-06-26 14:54:10] SPD: 63 m/s
[2024-06-26 14:54:10] BAT: 83.1 %
[2024-06-26 14:54:10] SYS: All systems nominal.
[2024-06-26 14:54:10] DEBUG: SENSOR: infrared VAL:24.81.
[2024-06-26 14:55:10] GPS: Latitude: 34.0595, Longitude: -118.2370
[2024-06-26 14:55:10] ALT: 614 meters
[2024-06-26 14:55:10] SPD: 67 m/s
[2024-06-26 14:55:10] BAT: 82.6 %
[2024-06-26 14:55:10] SYS: All systems nominal.
[2024-06-26 14:55:10] DEBUG: SENSOR: infrared VAL:77.14.
[2024-06-26 14:56:10] GPS: Latitude: 34.0596, Longitude: -118.2368
[2024-06-26 14:56:10] ALT: 627 meters
[2024-06-26 14:56:10] SPD: 70 m/s
[2024-06-26 14:56:10] BAT: 81.8 %
[2024-06-26 14:56:10] SYS: All systems nominal.
[2024-06-26 14:56:10] DEBUG: SENSOR: infrared VAL:39.31.
[2024-06-26 14:57:10] GPS: Latitude: 34.0597, Longitude: -118.2366
[2024-06-26 14:57:10] ALT: 639 meters
[2024-06-26 14:57:10] SPD: 75 m/s
[2024-06-26 14:57:10] BAT: 81.0 %
[2024-06-26 14:57:10] SYS: All systems nominal.
[2024-06-26 14:57:10] DEBUG: SENSOR: infrared VAL:36.61.
[2024-06-26 14:58:10] GPS: Latitude: 34.0602, Longitude: -118.2364
[2024-06-26 14:58:10] ALT: 651 meters
[2024-06-26 14:58:10] SPD: 79 m/s
[2024-06-26 14:58:10] BAT: 80.1 %
[2024-06-26 14:58:10] SYS: All systems nominal.
[2024-06-26 14:58:10] DEBUG: SENSOR: infrared VAL:61.24.
[2024-06-26 14:59:10] GPS: Latitude: 34.0605, Longitude: -118.2359
[2024-06-26 14:59:10] ALT: 689 meters
[2024-06-26 14:59:10] SPD: 82 m/s
[2024-06-26 14:59:10] BAT: 79.3 %
[2024-06-26 14:59:10] SYS: All systems nominal.
[2024-06-26 14:59:10] DEBUG: SENSOR: infrared VAL:82.67.
[2024-06-26 15:00:10] GPS: Latitude: 34.0609, Longitude: -118.2357
[2024-06-26 15:00:10] ALT: 719 meters
[2024-06-26 15:00:10] SPD: 86 m/s
[2024-06-26 15:00:10] BAT: 78.3 %
[2024-06-26 15:00:10] SYS: All systems nominal.
[2024-06-26 15:00:10] DEBUG: SENSOR: infrared VAL:10.01.
[2024-06-26 15:01:10] GPS: Latitude: 34.0614, Longitude: -118.2353
[2024-06-26 15:01:10] ALT: 754 meters
[2024-06-26 15:01:10] SPD: 88 m/s
[2024-06-26 15:01:10] BAT: 77.6 %
[2024-06-26 15:01:10] SYS: All systems nominal.
[2024-06-26 15:01:10] DEBUG: SENSOR: infrared VAL:29.43.
[2024-06-26 15:02:10] GPS: Latitude: 34.0615, Longitude: -118.2352
[2024-06-26 15:02:10] ALT: 770 meters
[2024-06-26 15:02:10] SPD: 91 m/s
[2024-06-26 15:02:10] BAT: 76.6 %
[2024-06-26 15:02:10] SYS: All systems nominal.
[2024-06-26 15:02:10] DEBUG: SENSOR: infrared VAL:35.70.
[2024-06-26 15:02:10] INFO: Beginning descent.
[2024-06-26 15:03:10] GPS: Latitude: 34.0613, Longitude: -118.2356
[2024-06-26 15:03:10] ALT: 727 meters
[2024-06-26 15:03:10] SPD: 88 m/s
[2024-06-26 15:03:10] BAT: 76.1%
[2024-06-26 15:03:10] SYS: All systems nominal.
[2024-06-26 15:04:10] GPS: Latitude: 34.0610, Longitude: -118.2361
[2024-06-26 15:04:10] ALT: 708 meters
[2024-06-26 15:04:10] SPD: 84 m/s
[2024-06-26 15:04:10] BAT: 75.1%
[2024-06-26 15:04:10] SYS: All systems nominal.
[2024-06-26 15:05:10] GPS: Latitude: 34.0607, Longitude: -118.2363
[2024-06-26 15:05:10] ALT: 692 meters
[2024-06-26 15:05:10] SPD: 82 m/s
[2024-06-26 15:05:10] BAT: 74.5%
[2024-06-26 15:05:10] SYS: All systems nominal.
[2024-06-26 15:06:10] GPS: Latitude: 34.0602, Longitude: -118.2366
[2024-06-26 15:06:10] ALT: 651 meters
[2024-06-26 15:06:10] SPD: 80 m/s
[2024-06-26 15:06:10] BAT: 73.7%
[2024-06-26 15:06:10] SYS: All systems nominal.
[2024-06-26 15:07:10] GPS: Latitude: 34.0599, Longitude: -118.2370
[2024-06-26 15:07:10] ALT: 602 meters
[2024-06-26 15:07:10] SPD: 79 m/s
[2024-06-26 15:07:10] BAT: 73.0%
[2024-06-26 15:07:10] SYS: All systems nominal.
[2024-06-26 15:07:10] INFO: Drone flight completed. Tail Number: n890mn
