[2024-06-26 14:32:10] INFO: Drone flight initiated. Tail Number: n101gh
[2024-06-26 14:33:10] GPS: Latitude: 34.0527, Longitude: -118.2432
[2024-06-26 14:33:10] ALT: 41 meters
[2024-06-26 14:33:10] SPD: 2 m/s
[2024-06-26 14:33:10] BAT: 99.3%
[2024-06-26 14:33:10] SYS: All systems nominal.
[2024-06-26 14:34:10] GPS: Latitude: 34.0531, Longitude: -118.2427
[2024-06-26 14:34:10] ALT: 74 meters
[2024-06-26 14:34:10] SPD: 3 m/s
[2024-06-26 14:34:10] BAT: 98.5%
[2024-06-26 14:34:10] SYS: All systems nominal.
[2024-06-26 14:35:10] GPS: Latitude: 34.0532, Longitude: -118.2423
[2024-06-26 14:35:10] ALT: 104 meters
[2024-06-26 14:35:10] SPD: 5 m/s
[2024-06-26 14:35:10] BAT: 97.5%
[2024-06-26 14:35:10] SYS: All systems nominal.
[2024-06-26 14:36:10] GPS: Latitude: 34.0537, Longitude: -118.2422
[2024-06-26 14:36:10] ALT: 127 meters
[2024-06-26 14:36:10] SPD: 8 m/s
[2024-06-26 14:36:10] BAT: 96.7%
[2024-06-26 14:36:10] SYS: All systems nominal.
[2024-06-26 14:37:10] GPS: Latitude: 34.0538, Longitude: -118.2418
[2024-06-26 14:37:10] ALT: 140 meters
[2024-06-26 14:37:10] SPD: 9 m/s
[2024-06-26 14:37:10] BAT: 95.9%
[2024-06-26 14:37:10] SYS: All systems nominal.
[2024-06-26 14:38:10] GPS: Latitude: 34.0540, Longitude: -118.2413
[2024-06-26 14:38:10] ALT: 177 meters
[2024-06-26 14:38:10] SPD: 13 m/s
[2024-06-26 14:38:10] BAT: 94.9%
[2024-06-26 14:38:10] SYS: All systems nominal.
[2024-06-26 14:39:10] GPS: Latitude: 34.0542, Longitude: -118.2411
[2024-06-26 14:39:10] ALT: 216 meters
[2024-06-26 14:39:10] SPD: 18 m/s
[2024-06-26 14:39:10] BAT: 93.9%
[2024-06-26 14:39:10] SYS: All systems nominal.
[2024-06-26 14:40:10] GPS: Latitude: 34.0544, Longitude: -118.2409
[2024-06-26 14:40:10] ALT: 265 meters
[2024-06-26 14:40:10] SPD: 20 m/s
[2024-06-26 14:40:10] BAT: 93.0%
[2024-06-26 14:40:10] SYS: All systems nominal.
[2024-06-26 14:41:10] GPS: Latitude: 34.0548, Longitude: -118.2406
[2024-06-26 14:41:10] ALT: 284 meters
[2024-06-26 14:41:10] SPD: 24 m/s
[2024-06-26 14:41:10] BAT: 92.1%
[2024-06-26 14:41:10] SYS: All systems nominal.
[2024-06-26 14:42:10] GPS: Latitude: 34.0553, Longitude: -118.2403
[2024-06-26 14:42:10] ALT: 331 meters
[2024-06-26 14:42:10] SPD: 28 m/s
[2024-06-26 14:42:10] BAT: 91.5%
[2024-06-26 14:42:10] SYS: All systems nominal.
[2024-06-26 14:43:10] GPS: Latitude: 34.0556, Longitude: -118.2399
[2024-06-26 14:43:10] ALT: 356 meters
[2024-06-26 14:43:10] SPD: 30 m/s
[2024-06-26 14:43:10] BAT: 90.6%
[2024-06-26 14:43:10] SYS: All systems nominal.
[2024-06-26 14:44:10] GPS: Latitude: 34.0558, Longitude: -118.2397
[2024-06-26 14:44:10] ALT: 395 meters
[2024-06-26 14:44:10] SPD: 33 m/s
[2024-06-26 14:44:10] BAT: 89.8%
[2024-06-26 14:44:10] SYS: All systems nominal.
[2024-06-26 14:45:10] GPS: Latitude: 34.0562, Longitude: -118.2394
[2024-06-26 14:45:10] ALT: 432 meters
[2024-06-26 14:45:10] SPD: 37 m/s
[2024-06-26 14:45:10] BAT: 89.2%
[2024-06-26 14:45:10] SYS: All systems nominal.
[2024-06-26 14:46:10] GPS: Latitude: 34.0564, Longitude: -118.2393
[2024-06-26 14:46:10] ALT: 443 meters
[2024-06-26 14:46:10] SPD: 39 m/s
[2024-06-26 14:46:10] BAT: 88.4%
[2024-06-26 14:46:10] SYS: All systems nominal.
[2024-06-26 14:47:10] GPS: Latitude: 34.0567, Longitude: -118.2388
[2024-06-26 14:47:10] ALT: 476 meters
[2024-06-26 14:47:10] SPD: 44 m/s
[2024-06-26 14:47:10] BAT: 87.6%
[2024-06-26 14:47:10] SYS: All systems nominal.
[2024-06-26 14:48:10] GPS: Latitude: 34.0568, Longitude: -118.2386
[2024-06-26 14:48:10] ALT: 516 meters
[2024-06-26 14:48:10] SPD: 47 m/s
[2024-06-26 14:48:10] BAT: 86.7%
[2024-06-26 14:48:10] SYS: All systems nominal.
[2024-06-26 14:49:10] GPS: Latitude: 34.0571, Longitude: -118.2385
[2024-06-26 14:49:10] ALT: 537 meters
[2024-06-26 14:49:10] SPD: 48 m/s
[2024-06-26 14:49:10] BAT: 86.1%
[2024-06-26 14:49:10] SYS: All systems nominal.
[2024-06-26 14:50:10] GPS: Latitude: 34.0573, Longitude: -118.2381
[2024-06-26 14:50:10] ALT: 584 meters
[2024-06-26 14:50:10] SPD: 49 m/s
[2024-06-26 14:50:10] BAT: 85.2%
[2024-06-26 14:50:10] SYS: All systems nominal.
[2024-06-26 14:51:10] GPS: Latitude: 34.0578, Longitude: -118.2380
[2024-06-26 14:51:10] ALT: 609 meters
[2024-06-26 14:51:10] SPD: 50 m/s
[2024-06-26 14:51:10] BAT: 84.3%
[2024-06-26 14:51:10] SYS: All systems nominal.
[2024-06-26 14:52:10] GPS: Latitude: 34.0579, Longitude: -118.2376
[2024-06-26 14:52:10] ALT: 652 meters
[2024-06-26 14:52:10] SPD: 53 m/s
[2024-06-26 14:52:10] BAT: 83.8%
[2024-06-26 14:52:10] SYS: All systems nominal.
[2024-06-26 14:53:10] GPS: Latitude: 34.0581, Longitude: -118.2371
[2024-06-26 14:53:10] ALT: 682 meters
[2024-06-26 14:53:10] SPD: 57 m/s
[2024-06-26 14:53:10] BAT: 82.9%
[2024-06-26 14:53:10] SYS: All systems nominal.
[2024-06-26 14:54:10] GPS: Latitude: 34.0583, Longitude: -118.2369
[2024-06-26 14:54:10] ALT: 714 meters
[2024-06-26 14:54:10] SPD: 58 m/s
[2024-06-26 14:54:10] BAT: 82.0%
[2024-06-26 14:54:10] SYS: All systems nominal.
[2024-06-26 14:55:10] GPS: Latitude: 34.0586, Longitude: -118.2367
[2024-06-26 14:55:10] ALT: 725 meters
[2024-06-26 14:55:10] SPD: 60 m/s
[2024-06-26 14:55:10] BAT: 81.4%
[2024-06-26 14:55:10] SYS: All systems nominal.
[2024-06-26 14:56:10] GPS: Latitude: 34.0587, Longitude: -118.2362
[2024-06-26 14:56:10] ALT: 758 meters
[2024-06-26 14:56:10] SPD: 65 m/s
[2024-06-26 14:56:10] BAT: 80.4%
[2024-06-26 14:56:10] SYS: All systems nominal.
[2024-06-26 14:57:10] GPS: Latitude: 34.0589, Longitude: -118.2359
[2024-06-26 14:57:10] ALT: 789 meters
[2024-06-26 14:57:10] SPD: 67 m/s
[2024-06-26 14:57:10] BAT: 79.8%
[2024-06-26 14:57:10] SYS: All systems nominal.
[2024-06-26 14:58:10] GPS: Latitude: 34.0591, Longitude: -118.2355
[2024-06-26 14:58:10] ALT: 806 meters
[2024-06-26 14:58:10] SPD: 68 m/s
[2024-06-26 14:58:10] BAT: 79.2%
[2024-06-26 14:58:10] SYS: All systems nominal.
[2024-06-26 14:59:10] GPS: Latitude: 34.0595, Longitude: -118.2353
[2024-06-26 14:59:10] ALT: 823 meters
[2024-06-26 14:59:10] SPD: 71 m/s
[2024-06-26 14:59:10] BAT: 78.3%
[2024-06-26 14:59:10] SYS: All systems nominal.
[2024-06-26 15:00:10] GPS: Latitude: 34.0596, Longitude: -118.2350
[2024-06-26 15:00:10] ALT: 854 meters
[2024-06-26 15:00:10] SPD: 75 m/s
[2024-06-26 15:00:10] BAT: 77.8%
[2024-06-26 15:00:10] SYS: All systems nominal.
[2024-06-26 15:01:10] GPS: Latitude: 34.0598, Longitude: -118.2346
[2024-06-26 15:01:10] ALT: 900 meters
[2024-06-26 15:01:10] SPD: 77 m/s
[2024-06-26 15:01:10] BAT: 77.0%
[2024-06-26 15:01:10] SYS: All systems nominal.
[2024-06-26 15:02:10] GPS: Latitude: 34.0601, Longitude: -118.2342
[2024-06-26 15:02:10] ALT: 934 meters
[2024-06-26 15:02:10] SPD: 78 m/s
[2024-06-26 15:02:10] BAT: 76.4%
[2024-06-26 15:02:10] SYS: All systems nominal.
[2024-06-26 15:02:10] INFO: Beginning descent.
[2024-06-26 15:03:10] GPS: Latitude: 34.0599, Longitude: -118.2344
[2024-06-26 15:03:10] ALT: 899 meters
[2024-06-26 15:03:10] SPD: 74 m/s
[2024-06-26 15:03:10] BAT: 75.6%
[2024-06-26 15:03:10] SYS: All systems nominal.
[2024-06-26 15:04:10] GPS: Latitude: 34.0596, Longitude: -118.2348
[2024-06-26 15:04:10] ALT: 851 meters
[2024-06-26 15:04:10] SPD: 69 m/s
[2024-06-26 15:04:10] BAT: 74.6%
[2024-06-26 15:04:10] SYS: All systems nominal.
[2024-06-26 15:05:10] GPS: Latitude: 34.0593, Longitude: -118.2351
[2024-06-26 15:05:10] ALT: 805 meters
[2024-06-26 15:05:10] SPD: 66 m/s
[2024-06-26 15:05:10] BAT: 73.9%
[2024-06-26 15:05:10] SYS: All systems nominal.
[2024-06-26 15:06:10] GPS: Latitude: 34.0588, Longitude: -118.2353
[2024-06-26 15:06:10] ALT: 770 meters
[2024-06-26 15:06:10] SPD: 65 m/s
[2024-06-26 15:06:10] BAT: 73.3%
[2024-06-26 15:06:10] SYS: All systems nominal.
[2024-06-26 15:07:10] GPS: Latitude: 34.0584, Longitude: -118.2354
[2024-06-26 15:07:10] ALT: 754 meters
[2024-06-26 15:07:10] SPD: 64 m/s
[2024-06-26 15:07:10] BAT: 72.6%
[2024-06-26 15:07:10] SYS: All systems nominal.
[2024-06-26 15:07:10] INFO: Drone flight completed. Tail Number: n101gh
