[2024-06-26 14:32:10] INFO: Drone flight initiated. Tail Number: n112op
[2024-06-26 14:33:10] GPS: Latitude: 34.0524, Longitude: -118.2435
[2024-06-26 14:33:10] ALT: 31 meters
[2024-06-26 14:33:10] SPD: 1 m/s
[2024-06-26 14:33:10] BAT: 99.5%
[2024-06-26 14:33:10] SYS: All systems nominal.
[2024-06-26 14:34:10] GPS: Latitude: 34.0529, Longitude: -118.2433
[2024-06-26 14:34:10] ALT: 59 meters
[2024-06-26 14:34:10] SPD: 6 m/s
[2024-06-26 14:34:10] BAT: 98.8%
[2024-06-26 14:34:10] SYS: All systems nominal.
[2024-06-26 14:35:10] GPS: Latitude: 34.0533, Longitude: -118.2430
[2024-06-26 14:35:10] ALT: 71 meters
[2024-06-26 14:35:10] SPD: 9 m/s
[2024-06-26 14:35:10] BAT: 98.3%
[2024-06-26 14:35:10] SYS: All systems nominal.
[2024-06-26 14:36:10] GPS: Latitude: 34.0534, Longitude: -118.2426
[2024-06-26 14:36:10] ALT: 107 meters
[2024-06-26 14:36:10] SPD: 12 m/s
[2024-06-26 14:36:10] BAT: 97.4%
[2024-06-26 14:36:10] SYS: All systems nominal.
[2024-06-26 14:37:10] GPS: Latitude: 34.0536, Longitude: -118.2421
[2024-06-26 14:37:10] ALT: 151 meters
[2024-06-26 14:37:10] SPD: 13 m/s
[2024-06-26 14:37:10] BAT: 96.7%
[2024-06-26 14:37:10] SYS: All systems nominal.
[2024-06-26 14:38:10] GPS: Latitude: 34.0539, Longitude: -118.2418
[2024-06-26 14:38:10] ALT: 197 meters
[2024-06-26 14:38:10] SPD: 14 m/s
[2024-06-26 14:38:10] BAT: 95.8%
[2024-06-26 14:38:10] SYS: All systems nominal.
[2024-06-26 14:39:10] GPS: Latitude: 34.0541, Longitude: -118.2415
[2024-06-26 14:39:10] ALT: 223 meters
[2024-06-26 14:39:10] SPD: 18 m/s
[2024-06-26 14:39:10] BAT: 95.0%
[2024-06-26 14:39:10] SYS: All systems nominal.
[2024-06-26 14:40:10] GPS: Latitude: 34.0542, Longitude: -118.2411
[2024-06-26 14:40:10] ALT: 270 meters
[2024-06-26 14:40:10] SPD: 19 m/s
[2024-06-26 14:40:10] BAT: 94.3%
[2024-06-26 14:40:10] SYS: All systems nominal.
[2024-06-26 14:41:10] GPS: Latitude: 34.0547, Longitude: -118.2408
[2024-06-26 14:41:10] ALT: 303 meters
[2024-06-26 14:41:10] SPD: 23 m/s
[2024-06-26 14:41:10] BAT: 93.7%
[2024-06-26 14:41:10] SYS: All systems nominal.
[2024-06-26 14:42:10] GPS: Latitude: 34.0550, Longitude: -118.2406
[2024-06-26 14:42:10] ALT: 319 meters
[2024-06-26 14:42:10] SPD: 26 m/s
[2024-06-26 14:42:10] BAT: 93.2%
[2024-06-26 14:42:10] SYS: All systems nominal.
[2024-06-26 14:43:10] GPS: Latitude: 34.0552, Longitude: -118.2403
[2024-06-26 14:43:10] ALT: 330 meters
[2024-06-26 14:43:10] SPD: 30 m/s
[2024-06-26 14:43:10] BAT: 92.2%
[2024-06-26 14:43:10] SYS: All systems nominal.
[2024-06-26 14:44:10] GPS: Latitude: 34.0554, Longitude: -118.2398
[2024-06-26 14:44:10] ALT: 369 meters
[2024-06-26 14:44:10] SPD: 32 m/s
[2024-06-26 14:44:10] BAT: 91.4%
[2024-06-26 14:44:10] SYS: All systems nominal.
[2024-06-26 14:45:10] GPS: Latitude: 34.0558, Longitude: -118.2396
[2024-06-26 14:45:10] ALT: 400 meters
[2024-06-26 14:45:10] SPD: 33 m/s
[2024-06-26 14:45:10] BAT: 90.6%
[2024-06-26 14:45:10] SYS: All systems nominal.
[2024-06-26 14:46:10] GPS: Latitude: 34.0562, Longitude: -118.2392
[2024-06-26 14:46:10] ALT: 426 meters
[2024-06-26 14:46:10] SPD: 38 m/s
[2024-06-26 14:46:10] BAT: 90.0%
[2024-06-26 14:46:10] SYS: All systems nominal.
[2024-06-26 14:47:10] GPS: Latitude: 34.0566, Longitude: -118.2389
[2024-06-26 14:47:10] ALT: 451 meters
[2024-06-26 14:47:10] SPD: 39 m/s
[2024-06-26 14:47:10] BAT: 89.3%
[2024-06-26 14:47:10] SYS: All systems nominal.
[2024-06-26 14:48:10] GPS: Latitude: 34.0569, Longitude: -118.2385
[2024-06-26 14:48:10] ALT: 486 meters
[2024-06-26 14:48:10] SPD: 41 m/s
[2024-06-26 14:48:10] BAT: 88.6%
[2024-06-26 14:48:10] SYS: All systems nominal.
[2024-06-26 14:49:10] GPS: Latitude: 34.0572, Longitude: -118.2383
[2024-06-26 14:49:10] ALT: 530 meters
[2024-06-26 14:49:10] SPD: 46 m/s
[2024-06-26 14:49:10] BAT: 88.0%
[2024-06-26 14:49:10] SYS: All systems nominal.
[2024-06-26 14:50:10] GPS: Latitude: 34.0576, Longitude: -118.2381
[2024-06-26 14:50:10] ALT: 541 meters
[2024-06-26 14:50:10] SPD: 48 m/s
[2024-06-26 14:50:10] BAT: 87.4%
[2024-06-26 14:50:10] SYS: All systems nominal.
[2024-06-26 14:51:10] GPS: Latitude: 34.0581, Longitude: -118.2378
[2024-06-26 14:51:10] ALT: 575 meters
[2024-06-26 14:51:10] SPD: 49 m/s
[2024-06-26 14:51:10] BAT: 86.9%
[2024-06-26 14:51:10] SYS: All systems nominal.
[2024-06-26 14:52:10] GPS: Latitude: 34.0585, Longitude: -118.2375
[2024-06-26 14:52:10] ALT: 599 meters
[2024-06-26 14:52:10] SPD: 54 m/s
[2024-06-26 14:52:10] BAT: 86.0%
[2024-06-26 14:52:10] SYS: All systems nominal.
[2024-06-26 14:53:10] GPS: Latitude: 34.0587, Longitude: -118.2370
[2024-06-26 14:53:10] ALT: 629 meters
[2024-06-26 14:53:10] SPD: 55 m/s
[2024-06-26 14:53:10] BAT: 85.4%
[2024-06-26 14:53:10] SYS: All systems nominal.
[2024-06-26 14:54:10] GPS: Latitude: 34.0589, Longitude: -118.2367
[2024-06-26 14:54:10] ALT: 650 meters
[2024-06-26 14:54:10] SPD: 58 m/s
[2024-06-26 14:54:10] BAT: 84.5%
[2024-06-26 14:54:10] SYS: All systems nominal.
[2024-06-26 14:55:10] GPS: Latitude: 34.0594, Longitude: -118.2365
[2024-06-26 14:55:10] ALT: 669 meters
[2024-06-26 14:55:10] SPD: 60 m/s
[2024-06-26 14:55:10] BAT: 83.7%
[2024-06-26 14:55:10] SYS: All systems nominal.
[2024-06-26 14:56:10] GPS: Latitude: 34.0596, Longitude: -118.2363
[2024-06-26 14:56:10] ALT: 711 meters
[2024-06-26 14:56:10] SPD: 61 m/s
[2024-06-26 14:56:10] BAT: 82.9%
[2024-06-26 14:56:10] SYS: All systems nominal.
[2024-06-26 14:57:10] GPS: Latitude: 34.0600, Longitude: -118.2360
[2024-06-26 14:57:10] ALT: 733 meters
[2024-06-26 14:57:10] SPD: 64 m/s
[2024-06-26 14:57:10] BAT: 82.1%
[2024-06-26 14:57:10] SYS: All systems nominal.
[2024-06-26 14:58:10] GPS: Latitude: 34.0602, Longitude: -118.2359
[2024-06-26 14:58:10] ALT: 748 meters
[2024-06-26 14:58:10] SPD: 68 m/s
[2024-06-26 14:58:10] BAT: 81.3%
[2024-06-26 14:58:10] SYS: All systems nominal.
[2024-06-26 14:59:10] GPS: Latitude: 34.0604, Longitude: -118.2357
[2024-06-26 14:59:10] ALT: 758 meters
[2024-06-26 14:59:10] SPD: 72 m/s
[2024-06-26 14:59:10] BAT: 80.6%
[2024-06-26 14:59:10] SYS: All systems nominal.
[2024-06-26 15:00:10] GPS: Latitude: 34.0607, Longitude: -118.2355
[2024-06-26 15:00:10] ALT: 773 meters
[2024-06-26 15:00:10] SPD: 74 m/s
[2024-06-26 15:00:10] BAT: 79.8%
[2024-06-26 15:00:10] SYS: All systems nominal.
[2024-06-26 15:01:10] GPS: Latitude: 34.0611, Longitude: -118.2353
[2024-06-26 15:01:10] ALT: 822 meters
[2024-06-26 15:01:10] SPD: 77 m/s
[2024-06-26 15:01:10] BAT: 78.9%
[2024-06-26 15:01:10] SYS: All systems nominal.
[2024-06-26 15:02:10] GPS: Latitude: 34.0614, Longitude: -118.2350
[2024-06-26 15:02:10] ALT: 872 meters
[2024-06-26 15:02:10] SPD: 82 m/s
[2024-06-26 15:02:10] BAT: 78.0%
[2024-06-26 15:02:10] SYS: All systems nominal.
[2024-06-26 15:02:10] INFO: Beginning descent.
[2024-06-26 15:03:10] GPS: Latitude: 34.0611, Longitude: -118.2352
[2024-06-26 15:03:10] ALT: 830 meters
[2024-06-26 15:03:10] SPD: 79 m/s
[2024-06-26 15:03:10] BAT: 77.5%
[2024-06-26 15:03:10] SYS: All systems nominal.
[2024-06-26 15:04:10] GPS: Latitude: 34.0606, Longitude: -118.2357
[2024-06-26 15:04:10] ALT: 803 meters
[2024-06-26 15:04:10] SPD: 78 m/s
[2024-06-26 15:04:10] BAT: 76.8%
[2024-06-26 15:04:10] SYS: All systems nominal.
[2024-06-26 15:05:10] GPS: Latitude: 34.0605, Longitude: -118.2358
[2024-06-26 15:05:10] ALT: 767 meters
[2024-06-26 15:05:10] SPD: 76 m/s
[2024-06-26 15:05:10] BAT: 75.8%
[2024-06-26 15:05:10] SYS: All systems nominal.
[2024-06-26 15:06:10] GPS: Latitude: 34.0603, Longitude: -118.2361
[2024-06-26 15:06:10] ALT: 717 meters
[2024-06-26 15:06:10] SPD: 74 m/s
[2024-06-26 15:06:10] BAT: 75.3%
[2024-06-26 15:06:10] SYS: All systems nominal.
[2024-06-26 15:07:10] GPS: Latitude: 34.0599, Longitude: -118.2365
[2024-06-26 15:07:10] ALT: 679 meters
[2024-06-26 15:07:10] SPD: 73 m/s
[2024-06-26 15:07:10] BAT: 74.4%
[2024-06-26 15:07:10] SYS: All systems nominal.
[2024-06-26 15:07:10] INFO: Drone flight completed. Tail Number: n112op
