[2024-06-26 14:32:10] INFO: Drone flight initiated. Tail Number: n123ab
[2024-06-26 14:33:10] GPS: Latitude: 34.0523, Longitude: -118.2435
[2024-06-26 14:33:10] ALT: 42 meters
[2024-06-26 14:33:10] SPD: 3 m/s
[2024-06-26 14:33:10] BAT: 99.3%
[2024-06-26 14:33:10] SYS: All systems nominal.
[2024-06-26 14:34:10] GPS: Latitude: 34.0525, Longitude: -118.2431
[2024-06-26 14:34:10] ALT: 61 meters
[2024-06-26 14:34:10] SPD: 8 m/s
[2024-06-26 14:34:10] BAT: 98.7%
[2024-06-26 14:34:10] SYS: All systems nominal.
[2024-06-26 14:35:10] GPS: Latitude: 34.0530, Longitude: -118.2427
[2024-06-26 14:35:10] ALT: 111 meters
[2024-06-26 14:35:10] SPD: 9 m/s
[2024-06-26 14:35:10] BAT: 98.2%
[2024-06-26 14:35:10] SYS: All systems nominal.
[2024-06-26 14:36:10] GPS: Latitude: 34.0535, Longitude: -118.2424
[2024-06-26 14:36:10] ALT: 159 meters
[2024-06-26 14:36:10] SPD: 14 m/s
[2024-06-26 14:36:10] BAT: 97.3%
[2024-06-26 14:36:10] SYS: All systems nominal.
[2024-06-26 14:37:10] GPS: Latitude: 34.0539, Longitude: -118.2422
[2024-06-26 14:37:10] ALT: 175 meters
[2024-06-26 14:37:10] SPD: 19 m/s
[2024-06-26 14:37:10] BAT: 96.3%
[2024-06-26 14:37:10] SYS: All systems nominal.
[2024-06-26 14:38:10] GPS: Latitude: 34.0541, Longitude: -118.2420
[2024-06-26 14:38:10] ALT: 224 meters
[2024-06-26 14:38:10] SPD: 24 m/s
[2024-06-26 14:38:10] BAT: 95.6%
[2024-06-26 14:38:10] SYS: All systems nominal.
[2024-06-26 14:39:10] GPS: Latitude: 34.0543, Longitude: -118.2419
[2024-06-26 14:39:10] ALT: 255 meters
[2024-06-26 14:39:10] SPD: 28 m/s
[2024-06-26 14:39:10] BAT: 94.7%
[2024-06-26 14:39:10] SYS: All systems nominal.
[2024-06-26 14:40:10] GPS: Latitude: 34.0546, Longitude: -118.2416
[2024-06-26 14:40:10] ALT: 302 meters
[2024-06-26 14:40:10] SPD: 30 m/s
[2024-06-26 14:40:10] BAT: 94.2%
[2024-06-26 14:40:10] SYS: All systems nominal.
[2024-06-26 14:41:10] GPS: Latitude: 34.0548, Longitude: -118.2414
[2024-06-26 14:41:10] ALT: 312 meters
[2024-06-26 14:41:10] SPD: 31 m/s
[2024-06-26 14:41:10] BAT: 93.2%
[2024-06-26 14:41:10] SYS: All systems nominal.
[2024-06-26 14:42:10] GPS: Latitude: 34.0550, Longitude: -118.2411
[2024-06-26 14:42:10] ALT: 352 meters
[2024-06-26 14:42:10] SPD: 32 m/s
[2024-06-26 14:42:10] BAT: 92.5%
[2024-06-26 14:42:10] SYS: All systems nominal.
[2024-06-26 14:43:10] GPS: Latitude: 34.0552, Longitude: -118.2409
[2024-06-26 14:43:10] ALT: 402 meters
[2024-06-26 14:43:10] SPD: 37 m/s
[2024-06-26 14:43:10] BAT: 91.8%
[2024-06-26 14:43:10] SYS: All systems nominal.
[2024-06-26 14:44:10] GPS: Latitude: 34.0557, Longitude: -118.2407
[2024-06-26 14:44:10] ALT: 424 meters
[2024-06-26 14:44:10] SPD: 41 m/s
[2024-06-26 14:44:10] BAT: 91.3%
[2024-06-26 14:44:10] SYS: All systems nominal.
[2024-06-26 14:45:10] GPS: Latitude: 34.0559, Longitude: -118.2402
[2024-06-26 14:45:10] ALT: 454 meters
[2024-06-26 14:45:10] SPD: 44 m/s
[2024-06-26 14:45:10] BAT: 90.4%
[2024-06-26 14:45:10] SYS: All systems nominal.
[2024-06-26 14:46:10] GPS: Latitude: 34.0560, Longitude: -118.2397
[2024-06-26 14:46:10] ALT: 498 meters
[2024-06-26 14:46:10] SPD: 45 m/s
[2024-06-26 14:46:10] BAT: 89.7%
[2024-06-26 14:46:10] SYS: All systems nominal.
[2024-06-26 14:47:10] GPS: Latitude: 34.0563, Longitude: -118.2396
[2024-06-26 14:47:10] ALT: 510 meters
[2024-06-26 14:47:10] SPD: 49 m/s
[2024-06-26 14:47:10] BAT: 89.1%
[2024-06-26 14:47:10] SYS: All systems nominal.
[2024-06-26 14:48:10] GPS: Latitude: 34.0565, Longitude: -118.2391
[2024-06-26 14:48:10] ALT: 555 meters
[2024-06-26 14:48:10] SPD: 51 m/s
[2024-06-26 14:48:10] BAT: 88.5%
[2024-06-26 14:48:10] SYS: All systems nominal.
[2024-06-26 14:49:10] GPS: Latitude: 34.0568, Longitude: -118.2388
[2024-06-26 14:49:10] ALT: 565 meters
[2024-06-26 14:49:10] SPD: 55 m/s
[2024-06-26 14:49:10] BAT: 87.6%
[2024-06-26 14:49:10] SYS: All systems nominal.
[2024-06-26 14:50:10] GPS: Latitude: 34.0572, Longitude: -118.2384
[2024-06-26 14:50:10] ALT: 579 meters
[2024-06-26 14:50:10] SPD: 56 m/s
[2024-06-26 14:50:10] BAT: 87.0%
[2024-06-26 14:50:10] SYS: All systems nominal.
[2024-06-26 14:51:10] GPS: Latitude: 34.0575, Longitude: -118.2380
[2024-06-26 14:51:10] ALT: 620 meters
[2024-06-26 14:51:10] SPD: 57 m/s
[2024-06-26 14:51:10] BAT: 86.3%
[2024-06-26 14:51:10] SYS: All systems nominal.
[2024-06-26 14:52:10] GPS: Latitude: 34.0578, Longitude: -118.2376
[2024-06-26 14:52:10] ALT: 667 meters
[2024-06-26 14:52:10] SPD: 58 m/s
[2024-06-26 14:52:10] BAT: 85.7%
[2024-06-26 14:52:10] SYS: All systems nominal.
[2024-06-26 14:53:10] GPS: Latitude: 34.0581, Longitude: -118.2372
[2024-06-26 14:53:10] ALT: 711 meters
[2024-06-26 14:53:10] SPD: 60 m/s
[2024-06-26 14:53:10] BAT: 84.8%
[2024-06-26 14:53:10] SYS: All systems nominal.
[2024-06-26 14:54:10] GPS: Latitude: 34.0583, Longitude: -118.2368
[2024-06-26 14:54:10] ALT: 723 meters
[2024-06-26 14:54:10] SPD: 61 m/s
[2024-06-26 14:54:10] BAT: 83.9%
[2024-06-26 14:54:10] SYS: All systems nominal.
[2024-06-26 14:55:10] GPS: Latitude: 34.0588, Longitude: -118.2366
[2024-06-26 14:55:10] ALT: 758 meters
[2024-06-26 14:55:10] SPD: 62 m/s
[2024-06-26 14:55:10] BAT: 83.3%
[2024-06-26 14:55:10] SYS: All systems nominal.
[2024-06-26 14:56:10] GPS: Latitude: 34.0593, Longitude: -118.2364
[2024-06-26 14:56:10] ALT: 798 meters
[2024-06-26 14:56:10] SPD: 66 m/s
[2024-06-26 14:56:10] BAT: 82.7%
[2024-06-26 14:56:10] SYS: All systems nominal.
[2024-06-26 14:57:10] GPS: Latitude: 34.0595, Longitude: -118.2362
[2024-06-26 14:57:10] ALT: 827 meters
[2024-06-26 14:57:10] SPD: 71 m/s
[2024-06-26 14:57:10] BAT: 81.9%
[2024-06-26 14:57:10] SYS: All systems nominal.
[2024-06-26 14:58:10] GPS: Latitude: 34.0598, Longitude: -118.2358
[2024-06-26 14:58:10] ALT: 856 meters
[2024-06-26 14:58:10] SPD: 74 m/s
[2024-06-26 14:58:10] BAT: 81.0%
[2024-06-26 14:58:10] SYS: All systems nominal.
[2024-06-26 14:59:10] GPS: Latitude: 34.0600, Longitude: -118.2356
[2024-06-26 14:59:10] ALT: 896 meters
[2024-06-26 14:59:10] SPD: 78 m/s
[2024-06-26 14:59:10] BAT: 80.2%
[2024-06-26 14:59:10] SYS: All systems nominal.
[2024-06-26 15:00:10] GPS: Latitude: 34.0605, Longitude: -118.2352
[2024-06-26 15:00:10] ALT: 910 meters
[2024-06-26 15:00:10] SPD: 81 m/s
[2024-06-26 15:00:10] BAT: 79.2%
[2024-06-26 15:00:10] SYS: All systems nominal.
[2024-06-26 15:01:10] GPS: Latitude: 34.0607, Longitude: -118.2347
[2024-06-26 15:01:10] ALT: 921 meters
[2024-06-26 15:01:10] SPD: 84 m/s
[2024-06-26 15:01:10] BAT: 78.7%
[2024-06-26 15:01:10] SYS: All systems nominal.
[2024-06-26 15:02:10] GPS: Latitude: 34.0611, Longitude: -118.2343
[2024-06-26 15:02:10] ALT: 943 meters
[2024-06-26 15:02:10] SPD: 87 m/s
[2024-06-26 15:02:10] BAT: 78.1%
[2024-06-26 15:02:10] SYS: All systems nominal.
[2024-06-26 15:02:10] INFO: Beginning descent.
[2024-06-26 15:03:10] GPS: Latitude: 34.0608, Longitude: -118.2345
[2024-06-26 15:03:10] ALT: 930 meters
[2024-06-26 15:03:10] SPD: 82 m/s
[2024-06-26 15:03:10] BAT: 77.5%
[2024-06-26 15:03:10] SYS: All systems nominal.
[2024-06-26 15:04:10] GPS: Latitude: 34.0604, Longitude: -118.2347
[2024-06-26 15:04:10] ALT: 899 meters
[2024-06-26 15:04:10] SPD: 78 m/s
[2024-06-26 15:04:10] BAT: 76.8%
[2024-06-26 15:04:10] SYS: All systems nominal.
[2024-06-26 15:05:10] GPS: Latitude: 34.0600, Longitude: -118.2351
[2024-06-26 15:05:10] ALT: 869 meters
[2024-06-26 15:05:10] SPD: 77 m/s
[2024-06-26 15:05:10] BAT: 76.0%
[2024-06-26 15:05:10] SYS: All systems nominal.
[2024-06-26 15:06:10] GPS: Latitude: 34.0597, Longitude: -118.2354
[2024-06-26 15:06:10] ALT: 844 meters
[2024-06-26 15:06:10] SPD: 76 m/s
[2024-06-26 15:06:10] BAT: 75.1%
[2024-06-26 15:06:10] SYS: All systems nominal.
[2024-06-26 15:07:10] GPS: Latitude: 34.0596, Longitude: -118.2359
[2024-06-26 15:07:10] ALT: 800 meters
[2024-06-26 15:07:10] SPD: 73 m/s
[2024-06-26 15:07:10] BAT: 74.1%
[2024-06-26 15:07:10] SYS: All systems nominal.
[2024-06-26 15:07:10] INFO: Drone flight completed. Tail Number: n123ab
