[2024-06-26 14:32:10] INFO: Drone flight initiated. Tail Number: n223wx
[2024-06-26 14:33:10] GPS: Latitude: 34.0527, Longitude: -118.2432
[2024-06-26 14:33:10] ALT: 44 meters
[2024-06-26 14:33:10] SPD: 5 m/s
[2024-06-26 14:33:10] BAT: 99.2%
[2024-06-26 14:33:10] SYS: All systems nominal.
[2024-06-26 14:34:10] GPS: Latitude: 34.0531, Longitude: -118.2428
[2024-06-26 14:34:10] ALT: 92 meters
[2024-06-26 14:34:10] SPD: 9 m/s
[2024-06-26 14:34:10] BAT: 98.6%
[2024-06-26 14:34:10] SYS: All systems nominal.
[2024-06-26 14:35:10] GPS: Latitude: 34.0534, Longitude: -118.2426
[2024-06-26 14:35:10] ALT: 135 meters
[2024-06-26 14:35:10] SPD: 10 m/s
[2024-06-26 14:35:10] BAT: 97.9%
[2024-06-26 14:35:10] SYS: All systems nominal.
[2024-06-26 14:36:10] GPS: Latitude: 34.0536, Longitude: -118.2422
[2024-06-26 14:36:10] ALT: 171 meters
[2024-06-26 14:36:10] SPD: 11 m/s
[2024-06-26 14:36:10] BAT: 97.2%
[2024-06-26 14:36:10] SYS: All systems nominal.
[2024-06-26 14:37:10] GPS: Latitude: 34.0541, Longitude: -118.2418
[2024-06-26 14:37:10] ALT: 197 meters
[2024-06-26 14:37:10] SPD: 13 m/s
[2024-06-26 14:37:10] BAT: 96.4%
[2024-06-26 14:37:10] SYS: All systems nominal.
[2024-06-26 14:38:10] GPS: Latitude: 34.0543, Longitude: -118.2416
[2024-06-26 14:38:10] ALT: 235 meters
[2024-06-26 14:38:10] SPD: 14 m/s
[2024-06-26 14:38:10] BAT: 95.7%
[2024-06-26 14:38:10] SYS: All systems nominal.
[2024-06-26 14:39:10] GPS: Latitude: 34.0545, Longitude: -118.2413
[2024-06-26 14:39:10] ALT: 263 meters
[2024-06-26 14:39:10] SPD: 19 m/s
[2024-06-26 14:39:10] BAT: 94.7%
[2024-06-26 14:39:10] SYS: All systems nominal.
[2024-06-26 14:40:10] GPS: Latitude: 34.0549, Longitude: -118.2412
[2024-06-26 14:40:10] ALT: 279 meters
[2024-06-26 14:40:10] SPD: 20 m/s
[2024-06-26 14:40:10] BAT: 94.0%
[2024-06-26 14:40:10] SYS: All systems nominal.
[2024-06-26 14:41:10] GPS: Latitude: 34.0551, Longitude: -118.2407
[2024-06-26 14:41:10] ALT: 299 meters
[2024-06-26 14:41:10] SPD: 21 m/s
[2024-06-26 14:41:10] BAT: 93.1%
[2024-06-26 14:41:10] SYS: All systems nominal.
[2024-06-26 14:42:10] GPS: Latitude: 34.0553, Longitude: -118.2404
[2024-06-26 14:42:10] ALT: 347 meters
[2024-06-26 14:42:10] SPD: 22 m/s
[2024-06-26 14:42:10] BAT: 92.3%
[2024-06-26 14:42:10] SYS: All systems nominal.
[2024-06-26 14:43:10] GPS: Latitude: 34.0555, Longitude: -118.2400
[2024-06-26 14:43:10] ALT: 365 meters
[2024-06-26 14:43:10] SPD: 25 m/s
[2024-06-26 14:43:10] BAT: 91.5%
[2024-06-26 14:43:10] SYS: All systems nominal.
[2024-06-26 14:44:10] GPS: Latitude: 34.0559, Longitude: -118.2396
[2024-06-26 14:44:10] ALT: 385 meters
[2024-06-26 14:44:10] SPD: 30 m/s
[2024-06-26 14:44:10] BAT: 90.9%
[2024-06-26 14:44:10] SYS: All systems nominal.
[2024-06-26 14:45:10] GPS: Latitude: 34.0561, Longitude: -118.2394
[2024-06-26 14:45:10] ALT: 415 meters
[2024-06-26 14:45:10] SPD: 33 m/s
[2024-06-26 14:45:10] BAT: 90.0%
[2024-06-26 14:45:10] SYS: All systems nominal.
[2024-06-26 14:46:10] GPS: Latitude: 34.0564, Longitude: -118.2391
[2024-06-26 14:46:10] ALT: 452 meters
[2024-06-26 14:46:10] SPD: 34 m/s
[2024-06-26 14:46:10] BAT: 89.4%
[2024-06-26 14:46:10] SYS: All systems nominal.
[2024-06-26 14:47:10] GPS: Latitude: 34.0566, Longitude: -118.2386
[2024-06-26 14:47:10] ALT: 468 meters
[2024-06-26 14:47:10] SPD: 36 m/s
[2024-06-26 14:47:10] BAT: 88.6%
[2024-06-26 14:47:10] SYS: All systems nominal.
[2024-06-26 14:48:10] GPS: Latitude: 34.0570, Longitude: -118.2384
[2024-06-26 14:48:10] ALT: 516 meters
[2024-06-26 14:48:10] SPD: 38 m/s
[2024-06-26 14:48:10] BAT: 87.8%
[2024-06-26 14:48:10] SYS: All systems nominal.
[2024-06-26 14:49:10] GPS: Latitude: 34.0573, Longitude: -118.2382
[2024-06-26 14:49:10] ALT: 531 meters
[2024-06-26 14:49:10] SPD: 39 m/s
[2024-06-26 14:49:10] BAT: 87.1%
[2024-06-26 14:49:10] SYS: All systems nominal.
[2024-06-26 14:50:10] GPS: Latitude: 34.0575, Longitude: -118.2378
[2024-06-26 14:50:10] ALT: 548 meters
[2024-06-26 14:50:10] SPD: 44 m/s
[2024-06-26 14:50:10] BAT: 86.5%
[2024-06-26 14:50:10] SYS: All systems nominal.
[2024-06-26 14:51:10] GPS: Latitude: 34.0579, Longitude: -118.2376
[2024-06-26 14:51:10] ALT: 563 meters
[2024-06-26 14:51:10] SPD: 45 m/s
[2024-06-26 14:51:10] BAT: 85.5%
[2024-06-26 14:51:10] SYS: All systems nominal.
[2024-06-26 14:52:10] GPS: Latitude: 34.0581, Longitude: -118.2374
[2024-06-26 14:52:10] ALT: 611 meters
[2024-06-26 14:52:10] SPD: 47 m/s
[2024-06-26 14:52:10] BAT: 84.6%
[2024-06-26 14:52:10] SYS: All systems nominal.
[2024-06-26 14:53:10] GPS: Latitude: 34.0586, Longitude: -118.2372
[2024-06-26 14:53:10] ALT: 649 meters
[2024-06-26 14:53:10] SPD: 52 m/s
[2024-06-26 14:53:10] BAT: 83.8%
[2024-06-26 14:53:10] SYS: All systems nominal.
[2024-06-26 14:54:10] GPS: Latitude: 34.0588, Longitude: -118.2368
[2024-06-26 14:54:10] ALT: 668 meters
[2024-06-26 14:54:10] SPD: 54 m/s
[2024-06-26 14:54:10] BAT: 82.8%
[2024-06-26 14:54:10] SYS: All systems nominal.
[2024-06-26 14:55:10] GPS: Latitude: 34.0593, Longitude: -118.2365
[2024-06-26 14:55:10] ALT: 715 meters
[2024-06-26 14:55:10] SPD: 57 m/s
[2024-06-26 14:55:10] BAT: 82.1%
[2024-06-26 14:55:10] SYS: All systems nominal.
[2024-06-26 14:56:10] GPS: Latitude: 34.0595, Longitude: -118.2362
[2024-06-26 14:56:10] ALT: 761 meters
[2024-06-26 14:56:10] SPD: 61 m/s
[2024-06-26 14:56:10] BAT: 81.1%
[2024-06-26 14:56:10] SYS: All systems nominal.
[2024-06-26 14:57:10] GPS: Latitude: 34.0597, Longitude: -118.2361
[2024-06-26 14:57:10] ALT: 806 meters
[2024-06-26 14:57:10] SPD: 66 m/s
[2024-06-26 14:57:10] BAT: 80.6%
[2024-06-26 14:57:10] SYS: All systems nominal.
[2024-06-26 14:58:10] GPS: Latitude: 34.0601, Longitude: -118.2359
[2024-06-26 14:58:10] ALT: 833 meters
[2024-06-26 14:58:10] SPD: 68 m/s
[2024-06-26 14:58:10] BAT: 79.8%
[2024-06-26 14:58:10] SYS: All systems nominal.
[2024-06-26 14:59:10] GPS: Latitude: 34.0605, Longitude: -118.2357
[2024-06-26 14:59:10] ALT: 872 meters
[2024-06-26 14:59:10] SPD: 71 m/s
[2024-06-26 14:59:10] BAT: 79.1%
[2024-06-26 14:59:10] SYS: All systems nominal.
[2024-06-26 15:00:10] GPS: Latitude: 34.0606, Longitude: -118.2355
[2024-06-26 15:00:10] ALT: 886 meters
[2024-06-26 15:00:10] SPD: 74 m/s
[2024-06-26 15:00:10] BAT: 78.5%
[2024-06-26 15:00:10] SYS: All systems nominal.
[2024-06-26 15:01:10] GPS: Latitude: 34.0609, Longitude: -118.2353
[2024-06-26 15:01:10] ALT: 902 meters
[2024-06-26 15:01:10] SPD: 77 m/s
[2024-06-26 15:01:10] BAT: 77.9%
[2024-06-26 15:01:10] SYS: All systems nominal.
[2024-06-26 15:02:10] GPS: Latitude: 34.0614, Longitude: -118.2351
[2024-06-26 15:02:10] ALT: 929 meters
[2024-06-26 15:02:10] SPD: 80 m/s
[2024-06-26 15:02:10] BAT: 77.2%
[2024-06-26 15:02:10] SYS: All systems nominal.
[2024-06-26 15:02:10] INFO: Beginning descent.
[2024-06-26 15:03:10] GPS: Latitude: 34.0609, Longitude: -118.2356
[2024-06-26 15:03:10] ALT: 897 meters
[2024-06-26 15:03:10] SPD: 75 m/s
[2024-06-26 15:03:10] BAT: 76.6%
[2024-06-26 15:03:10] SYS: All systems nominal.
[2024-06-26 15:04:10] GPS: Latitude: 34.0607, Longitude: -118.2360
[2024-06-26 15:04:10] ALT: 849 meters
[2024-06-26 15:04:10] SPD: 71 m/s
[2024-06-26 15:04:10] BAT: 76.0%
[2024-06-26 15:04:10] SYS: All systems nominal.
[2024-06-26 15:05:10] GPS: Latitude: 34.0605, Longitude: -118.2363
[2024-06-26 15:05:10] ALT: 816 meters
[2024-06-26 15:05:10] SPD: 66 m/s
[2024-06-26 15:05:10] BAT: 75.2%
[2024-06-26 15:05:10] SYS: All systems nominal.
[2024-06-26 15:06:10] GPS: Latitude: 34.0604, Longitude: -118.2367
[2024-06-26 15:06:10] ALT: 795 meters
[2024-06-26 15:06:10] SPD: 63 m/s
[2024-06-26 15:06:10] BAT: 74.5%
[2024-06-26 15:06:10] SYS: All systems nominal.
[2024-06-26 15:07:10] GPS: Latitude: 34.0599, Longitude: -118.2371
[2024-06-26 15:07:10] ALT: 772 meters
[2024-06-26 15:07:10] SPD: 60 m/s
[2024-06-26 15:07:10] BAT: 73.6%
[2024-06-26 15:07:10] SYS: All systems nominal.
[2024-06-26 15:07:10] INFO: Drone flight completed. Tail Number: n223wx
