[2024-06-26 14:32:10] INFO: Drone flight initiated. Tail Number: n234ij
[2024-06-26 14:33:10] GPS: Latitude: 34.0525, Longitude: -118.2433
[2024-06-26 14:33:10] ALT: 49 meters
[2024-06-26 14:33:10] SPD: 5 m/s
[2024-06-26 14:33:10] BAT: 99.2%
[2024-06-26 14:33:10] SYS: All systems nominal.
[2024-06-26 14:34:10] GPS: Latitude: 34.0529, Longitude: -118.2428
[2024-06-26 14:34:10] ALT: 59 meters
[2024-06-26 14:34:10] SPD: 8 m/s
[2024-06-26 14:34:10] BAT: 98.5%
[2024-06-26 14:34:10] SYS: All systems nominal.
[2024-06-26 14:35:10] GPS: Latitude: 34.0531, Longitude: -118.2424
[2024-06-26 14:35:10] ALT: 105 meters
[2024-06-26 14:35:10] SPD: 11 m/s
[2024-06-26 14:35:10] BAT: 97.6%
[2024-06-26 14:35:10] SYS: All systems nominal.
[2024-06-26 14:36:10] GPS: Latitude: 34.0532, Longitude: -118.2421
[2024-06-26 14:36:10] ALT: 142 meters
[2024-06-26 14:36:10] SPD: 13 m/s
[2024-06-26 14:36:10] BAT: 96.8%
[2024-06-26 14:36:10] SYS: All systems nominal.
[2024-06-26 14:37:10] GPS: Latitude: 34.0533, Longitude: -118.2418
[2024-06-26 14:37:10] ALT: 179 meters
[2024-06-26 14:37:10] SPD: 18 m/s
[2024-06-26 14:37:10] BAT: 96.1%
[2024-06-26 14:37:10] SYS: All systems nominal.
[2024-06-26 14:38:10] GPS: Latitude: 34.0535, Longitude: -118.2415
[2024-06-26 14:38:10] ALT: 201 meters
[2024-06-26 14:38:10] SPD: 23 m/s
[2024-06-26 14:38:10] BAT: 95.6%
[2024-06-26 14:38:10] SYS: All systems nominal.
[2024-06-26 14:39:10] GPS: Latitude: 34.0538, Longitude: -118.2411
[2024-06-26 14:39:10] ALT: 218 meters
[2024-06-26 14:39:10] SPD: 27 m/s
[2024-06-26 14:39:10] BAT: 94.8%
[2024-06-26 14:39:10] SYS: All systems nominal.
[2024-06-26 14:40:10] GPS: Latitude: 34.0542, Longitude: -118.2408
[2024-06-26 14:40:10] ALT: 262 meters
[2024-06-26 14:40:10] SPD: 29 m/s
[2024-06-26 14:40:10] BAT: 94.0%
[2024-06-26 14:40:10] SYS: All systems nominal.
[2024-06-26 14:41:10] GPS: Latitude: 34.0547, Longitude: -118.2404
[2024-06-26 14:41:10] ALT: 279 meters
[2024-06-26 14:41:10] SPD: 33 m/s
[2024-06-26 14:41:10] BAT: 93.0%
[2024-06-26 14:41:10] SYS: All systems nominal.
[2024-06-26 14:42:10] GPS: Latitude: 34.0551, Longitude: -118.2400
[2024-06-26 14:42:10] ALT: 297 meters
[2024-06-26 14:42:10] SPD: 37 m/s
[2024-06-26 14:42:10] BAT: 92.2%
[2024-06-26 14:42:10] SYS: All systems nominal.
[2024-06-26 14:43:10] GPS: Latitude: 34.0555, Longitude: -118.2398
[2024-06-26 14:43:10] ALT: 335 meters
[2024-06-26 14:43:10] SPD: 39 m/s
[2024-06-26 14:43:10] BAT: 91.6%
[2024-06-26 14:43:10] SYS: All systems nominal.
[2024-06-26 14:44:10] GPS: Latitude: 34.0558, Longitude: -118.2395
[2024-06-26 14:44:10] ALT: 349 meters
[2024-06-26 14:44:10] SPD: 40 m/s
[2024-06-26 14:44:10] BAT: 90.8%
[2024-06-26 14:44:10] SYS: All systems nominal.
[2024-06-26 14:45:10] GPS: Latitude: 34.0561, Longitude: -118.2392
[2024-06-26 14:45:10] ALT: 384 meters
[2024-06-26 14:45:10] SPD: 45 m/s
[2024-06-26 14:45:10] BAT: 90.3%
[2024-06-26 14:45:10] SYS: All systems nominal.
[2024-06-26 14:46:10] GPS: Latitude: 34.0565, Longitude: -118.2389
[2024-06-26 14:46:10] ALT: 424 meters
[2024-06-26 14:46:10] SPD: 50 m/s
[2024-06-26 14:46:10] BAT: 89.6%
[2024-06-26 14:46:10] SYS: All systems nominal.
[2024-06-26 14:47:10] GPS: Latitude: 34.0568, Longitude: -118.2386
[2024-06-26 14:47:10] ALT: 436 meters
[2024-06-26 14:47:10] SPD: 52 m/s
[2024-06-26 14:47:10] BAT: 88.9%
[2024-06-26 14:47:10] SYS: All systems nominal.
[2024-06-26 14:48:10] GPS: Latitude: 34.0571, Longitude: -118.2382
[2024-06-26 14:48:10] ALT: 461 meters
[2024-06-26 14:48:10] SPD: 54 m/s
[2024-06-26 14:48:10] BAT: 88.0%
[2024-06-26 14:48:10] SYS: All systems nominal.
[2024-06-26 14:49:10] GPS: Latitude: 34.0574, Longitude: -118.2380
[2024-06-26 14:49:10] ALT: 488 meters
[2024-06-26 14:49:10] SPD: 56 m/s
[2024-06-26 14:49:10] BAT: 87.2%
[2024-06-26 14:49:10] SYS: All systems nominal.
[2024-06-26 14:50:10] GPS: Latitude: 34.0576, Longitude: -118.2375
[2024-06-26 14:50:10] ALT: 537 meters
[2024-06-26 14:50:10] SPD: 59 m/s
[2024-06-26 14:50:10] BAT: 86.5%
[2024-06-26 14:50:10] SYS: All systems nominal.
[2024-06-26 14:51:10] GPS: Latitude: 34.0581, Longitude: -118.2371
[2024-06-26 14:51:10] ALT: 563 meters
[2024-06-26 14:51:10] SPD: 60 m/s
[2024-06-26 14:51:10] BAT: 85.7%
[2024-06-26 14:51:10] SYS: All systems nominal.
[2024-06-26 14:52:10] GPS: Latitude: 34.0584, Longitude: -118.2367
[2024-06-26 14:52:10] ALT: 612 meters
[2024-06-26 14:52:10] SPD: 63 m/s
[2024-06-26 14:52:10] BAT: 85.1%
[2024-06-26 14:52:10] SYS: All systems nominal.
[2024-06-26 14:53:10] GPS: Latitude: 34.0585, Longitude: -118.2365
[2024-06-26 14:53:10] ALT: 646 meters
[2024-06-26 14:53:10] SPD: 67 m/s
[2024-06-26 14:53:10] BAT: 84.1%
[2024-06-26 14:53:10] SYS: All systems nominal.
[2024-06-26 14:54:10] GPS: Latitude: 34.0588, Longitude: -118.2364
[2024-06-26 14:54:10] ALT: 656 meters
[2024-06-26 14:54:10] SPD: 68 m/s
[2024-06-26 14:54:10] BAT: 83.3%
[2024-06-26 14:54:10] SYS: All systems nominal.
[2024-06-26 14:55:10] GPS: Latitude: 34.0591, Longitude: -118.2360
[2024-06-26 14:55:10] ALT: 671 meters
[2024-06-26 14:55:10] SPD: 72 m/s
[2024-06-26 14:55:10] BAT: 82.7%
[2024-06-26 14:55:10] SYS: All systems nominal.
[2024-06-26 14:56:10] GPS: Latitude: 34.0594, Longitude: -118.2357
[2024-06-26 14:56:10] ALT: 695 meters
[2024-06-26 14:56:10] SPD: 76 m/s
[2024-06-26 14:56:10] BAT: 81.8%
[2024-06-26 14:56:10] SYS: All systems nominal.
[2024-06-26 14:57:10] GPS: Latitude: 34.0596, Longitude: -118.2356
[2024-06-26 14:57:10] ALT: 724 meters
[2024-06-26 14:57:10] SPD: 80 m/s
[2024-06-26 14:57:10] BAT: 81.0%
[2024-06-26 14:57:10] SYS: All systems nominal.
[2024-06-26 14:58:10] GPS: Latitude: 34.0599, Longitude: -118.2353
[2024-06-26 14:58:10] ALT: 735 meters
[2024-06-26 14:58:10] SPD: 82 m/s
[2024-06-26 14:58:10] BAT: 80.1%
[2024-06-26 14:58:10] SYS: All systems nominal.
[2024-06-26 14:59:10] GPS: Latitude: 34.0603, Longitude: -118.2351
[2024-06-26 14:59:10] ALT: 777 meters
[2024-06-26 14:59:10] SPD: 87 m/s
[2024-06-26 14:59:10] BAT: 79.2%
[2024-06-26 14:59:10] SYS: All systems nominal.
[2024-06-26 15:00:10] GPS: Latitude: 34.0608, Longitude: -118.2349
[2024-06-26 15:00:10] ALT: 791 meters
[2024-06-26 15:00:10] SPD: 90 m/s
[2024-06-26 15:00:10] BAT: 78.6%
[2024-06-26 15:00:10] SYS: All systems nominal.
[2024-06-26 15:01:10] GPS: Latitude: 34.0612, Longitude: -118.2347
[2024-06-26 15:01:10] ALT: 827 meters
[2024-06-26 15:01:10] SPD: 95 m/s
[2024-06-26 15:01:10] BAT: 78.1%
[2024-06-26 15:01:10] SYS: All systems nominal.
[2024-06-26 15:02:10] GPS: Latitude: 34.0615, Longitude: -118.2345
[2024-06-26 15:02:10] ALT: 842 meters
[2024-06-26 15:02:10] SPD: 98 m/s
[2024-06-26 15:02:10] BAT: 77.3%
[2024-06-26 15:02:10] SYS: All systems nominal.
[2024-06-26 15:02:10] INFO: Beginning descent.
[2024-06-26 15:03:10] GPS: Latitude: 34.0612, Longitude: -118.2347
[2024-06-26 15:03:10] ALT: 808 meters
[2024-06-26 15:03:10] SPD: 97 m/s
[2024-06-26 15:03:10] BAT: 76.7%
[2024-06-26 15:03:10] SYS: All systems nominal.
[2024-06-26 15:04:10] GPS: Latitude: 34.0608, Longitude: -118.2351
[2024-06-26 15:04:10] ALT: 770 meters
[2024-06-26 15:04:10] SPD: 94 m/s
[2024-06-26 15:04:10] BAT: 75.9%
[2024-06-26 15:04:10] SYS: All systems nominal.
[2024-06-26 15:05:10] GPS: Latitude: 34.0604, Longitude: -118.2355
[2024-06-26 15:05:10] ALT: 751 meters
[2024-06-26 15:05:10] SPD: 89 m/s
[2024-06-26 15:05:10] BAT: 75.2%
[2024-06-26 15:05:10] SYS: All systems nominal.
[2024-06-26 15:06:10] GPS: Latitude: 34.0599, Longitude: -118.2358
[2024-06-26 15:06:10] ALT: 740 meters
[2024-06-26 15:06:10] SPD: 84 m/s
[2024-06-26 15:06:10] BAT: 74.6%
[2024-06-26 15:06:10] SYS: All systems nominal.
[2024-06-26 15:07:10] GPS: Latitude: 34.0596, Longitude: -118.2363
[2024-06-26 15:07:10] ALT: 695 meters
[2024-06-26 15:07:10] SPD: 81 m/s
[2024-06-26 15:07:10] BAT: 74.0%
[2024-06-26 15:07:10] SYS: All systems nominal.
[2024-06-26 15:07:10] INFO: Drone flight completed. Tail Number: n234ij
