[2024-06-26 14:32:10] INFO: Drone flight initiated. Tail Number: n345qr
[2024-06-26 14:33:10] GPS: Latitude: 34.0525, Longitude: -118.2432
[2024-06-26 14:33:10] ALT: 51 meters
[2024-06-26 14:33:10] SPD: 3 m/s
[2024-06-26 14:33:10] BAT: 99.2%
[2024-06-26 14:33:10] SYS: All systems nominal.
[2024-06-26 14:34:10] GPS: Latitude: 34.0527, Longitude: -118.2430
[2024-06-26 14:34:10] ALT: 81 meters
[2024-06-26 14:34:10] SPD: 5 m/s
[2024-06-26 14:34:10] BAT: 98.5%
[2024-06-26 14:34:10] SYS: All systems nominal.
[2024-06-26 14:35:10] GPS: Latitude: 34.0528, Longitude: -118.2426
[2024-06-26 14:35:10] ALT: 127 meters
[2024-06-26 14:35:10] SPD: 10 m/s
[2024-06-26 14:35:10] BAT: 97.7%
[2024-06-26 14:35:10] SYS: All systems nominal.
[2024-06-26 14:36:10] GPS: Latitude: 34.0533, Longitude: -118.2425
[2024-06-26 14:36:10] ALT: 175 meters
[2024-06-26 14:36:10] SPD: 15 m/s
[2024-06-26 14:36:10] BAT: 97.1%
[2024-06-26 14:36:10] SYS: All systems nominal.
[2024-06-26 14:37:10] GPS: Latitude: 34.0535, Longitude: -118.2421
[2024-06-26 14:37:10] ALT: 219 meters
[2024-06-26 14:37:10] SPD: 18 m/s
[2024-06-26 14:37:10] BAT: 96.1%
[2024-06-26 14:37:10] SYS: All systems nominal.
[2024-06-26 14:38:10] GPS: Latitude: 34.0537, Longitude: -118.2420
[2024-06-26 14:38:10] ALT: 244 meters
[2024-06-26 14:38:10] SPD: 21 m/s
[2024-06-26 14:38:10] BAT: 95.1%
[2024-06-26 14:38:10] SYS: All systems nominal.
[2024-06-26 14:39:10] GPS: Latitude: 34.0539, Longitude: -118.2416
[2024-06-26 14:39:10] ALT: 287 meters
[2024-06-26 14:39:10] SPD: 23 m/s
[2024-06-26 14:39:10] BAT: 94.4%
[2024-06-26 14:39:10] SYS: All systems nominal.
[2024-06-26 14:40:10] GPS: Latitude: 34.0540, Longitude: -118.2413
[2024-06-26 14:40:10] ALT: 307 meters
[2024-06-26 14:40:10] SPD: 28 m/s
[2024-06-26 14:40:10] BAT: 93.6%
[2024-06-26 14:40:10] SYS: All systems nominal.
[2024-06-26 14:41:10] GPS: Latitude: 34.0545, Longitude: -118.2411
[2024-06-26 14:41:10] ALT: 357 meters
[2024-06-26 14:41:10] SPD: 32 m/s
[2024-06-26 14:41:10] BAT: 92.6%
[2024-06-26 14:41:10] SYS: All systems nominal.
[2024-06-26 14:42:10] GPS: Latitude: 34.0548, Longitude: -118.2410
[2024-06-26 14:42:10] ALT: 405 meters
[2024-06-26 14:42:10] SPD: 37 m/s
[2024-06-26 14:42:10] BAT: 91.7%
[2024-06-26 14:42:10] SYS: All systems nominal.
[2024-06-26 14:43:10] GPS: Latitude: 34.0550, Longitude: -118.2405
[2024-06-26 14:43:10] ALT: 419 meters
[2024-06-26 14:43:10] SPD: 38 m/s
[2024-06-26 14:43:10] BAT: 90.8%
[2024-06-26 14:43:10] SYS: All systems nominal.
[2024-06-26 14:44:10] GPS: Latitude: 34.0554, Longitude: -118.2403
[2024-06-26 14:44:10] ALT: 469 meters
[2024-06-26 14:44:10] SPD: 42 m/s
[2024-06-26 14:44:10] BAT: 90.1%
[2024-06-26 14:44:10] SYS: All systems nominal.
[2024-06-26 14:45:10] GPS: Latitude: 34.0559, Longitude: -118.2400
[2024-06-26 14:45:10] ALT: 515 meters
[2024-06-26 14:45:10] SPD: 45 m/s
[2024-06-26 14:45:10] BAT: 89.4%
[2024-06-26 14:45:10] SYS: All systems nominal.
[2024-06-26 14:46:10] GPS: Latitude: 34.0561, Longitude: -118.2395
[2024-06-26 14:46:10] ALT: 527 meters
[2024-06-26 14:46:10] SPD: 46 m/s
[2024-06-26 14:46:10] BAT: 88.4%
[2024-06-26 14:46:10] SYS: All systems nominal.
[2024-06-26 14:47:10] GPS: Latitude: 34.0564, Longitude: -118.2391
[2024-06-26 14:47:10] ALT: 546 meters
[2024-06-26 14:47:10] SPD: 49 m/s
[2024-06-26 14:47:10] BAT: 87.7%
[2024-06-26 14:47:10] SYS: All systems nominal.
[2024-06-26 14:48:10] GPS: Latitude: 34.0566, Longitude: -118.2387
[2024-06-26 14:48:10] ALT: 566 meters
[2024-06-26 14:48:10] SPD: 50 m/s
[2024-06-26 14:48:10] BAT: 86.8%
[2024-06-26 14:48:10] SYS: All systems nominal.
[2024-06-26 14:49:10] GPS: Latitude: 34.0570, Longitude: -118.2383
[2024-06-26 14:49:10] ALT: 612 meters
[2024-06-26 14:49:10] SPD: 55 m/s
[2024-06-26 14:49:10] BAT: 86.2%
[2024-06-26 14:49:10] SYS: All systems nominal.
[2024-06-26 14:50:10] GPS: Latitude: 34.0574, Longitude: -118.2379
[2024-06-26 14:50:10] ALT: 657 meters
[2024-06-26 14:50:10] SPD: 57 m/s
[2024-06-26 14:50:10] BAT: 85.2%
[2024-06-26 14:50:10] SYS: All systems nominal.
[2024-06-26 14:51:10] GPS: Latitude: 34.0578, Longitude: -118.2377
[2024-06-26 14:51:10] ALT: 695 meters
[2024-06-26 14:51:10] SPD: 62 m/s
[2024-06-26 14:51:10] BAT: 84.6%
[2024-06-26 14:51:10] SYS: All systems nominal.
[2024-06-26 14:52:10] GPS: Latitude: 34.0582, Longitude: -118.2375
[2024-06-26 14:52:10] ALT: 718 meters
[2024-06-26 14:52:10] SPD: 65 m/s
[2024-06-26 14:52:10] BAT: 84.1%
[2024-06-26 14:52:10] SYS: All systems nominal.
[2024-06-26 14:53:10] GPS: Latitude: 34.0585, Longitude: -118.2371
[2024-06-26 14:53:10] ALT: 746 meters
[2024-06-26 14:53:10] SPD: 66 m/s
[2024-06-26 14:53:10] BAT: 83.3%
[2024-06-26 14:53:10] SYS: All systems nominal.
[2024-06-26 14:54:10] GPS: Latitude: 34.0590, Longitude: -118.2369
[2024-06-26 14:54:10] ALT: 788 meters
[2024-06-26 14:54:10] SPD: 71 m/s
[2024-06-26 14:54:10] BAT: 82.8%
[2024-06-26 14:54:10] SYS: All systems nominal.
[2024-06-26 14:55:10] GPS: Latitude: 34.0594, Longitude: -118.2364
[2024-06-26 14:55:10] ALT: 804 meters
[2024-06-26 14:55:10] SPD: 73 m/s
[2024-06-26 14:55:10] BAT: 82.2%
[2024-06-26 14:55:10] SYS: All systems nominal.
[2024-06-26 14:56:10] GPS: Latitude: 34.0598, Longitude: -118.2361
[2024-06-26 14:56:10] ALT: 854 meters
[2024-06-26 14:56:10] SPD: 76 m/s
[2024-06-26 14:56:10] BAT: 81.5%
[2024-06-26 14:56:10] SYS: All systems nominal.
[2024-06-26 14:57:10] GPS: Latitude: 34.0601, Longitude: -118.2357
[2024-06-26 14:57:10] ALT: 887 meters
[2024-06-26 14:57:10] SPD: 80 m/s
[2024-06-26 14:57:10] BAT: 81.0%
[2024-06-26 14:57:10] SYS: All systems nominal.
[2024-06-26 14:58:10] GPS: Latitude: 34.0605, Longitude: -118.2355
[2024-06-26 14:58:10] ALT: 910 meters
[2024-06-26 14:58:10] SPD: 81 m/s
[2024-06-26 14:58:10] BAT: 80.0%
[2024-06-26 14:58:10] SYS: All systems nominal.
[2024-06-26 14:59:10] GPS: Latitude: 34.0608, Longitude: -118.2350
[2024-06-26 14:59:10] ALT: 922 meters
[2024-06-26 14:59:10] SPD: 86 m/s
[2024-06-26 14:59:10] BAT: 79.3%
[2024-06-26 14:59:10] SYS: All systems nominal.
[2024-06-26 15:00:10] GPS: Latitude: 34.0609, Longitude: -118.2349
[2024-06-26 15:00:10] ALT: 949 meters
[2024-06-26 15:00:10] SPD: 91 m/s
[2024-06-26 15:00:10] BAT: 78.8%
[2024-06-26 15:00:10] SYS: All systems nominal.
[2024-06-26 15:01:10] GPS: Latitude: 34.0612, Longitude: -118.2348
[2024-06-26 15:01:10] ALT: 997 meters
[2024-06-26 15:01:10] SPD: 94 m/s
[2024-06-26 15:01:10] BAT: 78.2%
[2024-06-26 15:01:10] SYS: All systems nominal.
[2024-06-26 15:02:10] GPS: Latitude: 34.0615, Longitude: -118.2346
[2024-06-26 15:02:10] ALT: 1044 meters
[2024-06-26 15:02:10] SPD: 98 m/s
[2024-06-26 15:02:10] BAT: 77.5%
[2024-06-26 15:02:10] SYS: All systems nominal.
[2024-06-26 15:02:10] INFO: Beginning descent.
[2024-06-26 15:03:10] GPS: Latitude: 34.0611, Longitude: -118.2350
[2024-06-26 15:03:10] ALT: 1033 meters
[2024-06-26 15:03:10] SPD: 96 m/s
[2024-06-26 15:03:10] BAT: 76.5%
[2024-06-26 15:03:10] SYS: All systems nominal.
[2024-06-26 15:04:10] GPS: Latitude: 34.0610, Longitude: -118.2353
[2024-06-26 15:04:10] ALT: 988 meters
[2024-06-26 15:04:10] SPD: 93 m/s
[2024-06-26 15:04:10] BAT: 75.9%
[2024-06-26 15:04:10] SYS: All systems nominal.
[2024-06-26 15:05:10] GPS: Latitude: 34.0605, Longitude: -118.2356
[2024-06-26 15:05:10] ALT: 941 meters
[2024-06-26 15:05:10] SPD: 91 m/s
[2024-06-26 15:05:10] BAT: 75.3%
[2024-06-26 15:05:10] SYS: All systems nominal.
[2024-06-26 15:06:10] GPS: Latitude: 34.0603, Longitude: -118.2360
[2024-06-26 15:06:10] ALT: 909 meters
[2024-06-26 15:06:10] SPD: 87 m/s
[2024-06-26 15:06:10] BAT: 74.8%
[2024-06-26 15:06:10] SYS: All systems nominal.
[2024-06-26 15:07:10] GPS: Latitude: 34.0600, Longitude: -118.2361
[2024-06-26 15:07:10] ALT: 862 meters
[2024-06-26 15:07:10] SPD: 86 m/s
[2024-06-26 15:07:10] BAT: 73.9%
[2024-06-26 15:07:10] SYS: All systems nominal.
[2024-06-26 15:07:10] INFO: Drone flight completed. Tail Number: n345qr
