[2024-06-26 14:32:10] INFO: Drone flight initiated. Tail Number: n456vf
[2024-06-26 14:33:10] GPS: Latitude: 34.0525, Longitude: -118.2432
[2024-06-26 14:33:10] ALT: 42 meters
[2024-06-26 14:33:10] SPD: 3 m/s
[2024-06-26 14:33:10] BAT: 99.0%
[2024-06-26 14:33:10] SYS: All systems nominal.
[2024-06-26 14:34:10] GPS: Latitude: 34.0529, Longitude: -118.2428
[2024-06-26 14:34:10] ALT: 58 meters
[2024-06-26 14:34:10] SPD: 5 m/s
[2024-06-26 14:34:10] BAT: 98.5%
[2024-06-26 14:34:10] SYS: All systems nominal.
[2024-06-26 14:35:10] GPS: Latitude: 34.0532, Longitude: -118.2427
[2024-06-26 14:35:10] ALT: 85 meters
[2024-06-26 14:35:10] SPD: 10 m/s
[2024-06-26 14:35:10] BAT: 98.0%
[2024-06-26 14:35:10] SYS: All systems nominal.
[2024-06-26 14:36:10] GPS: Latitude: 34.0537, Longitude: -118.2426
[2024-06-26 14:36:10] ALT: 132 meters
[2024-06-26 14:36:10] SPD: 13 m/s
[2024-06-26 14:36:10] BAT: 97.3%
[2024-06-26 14:36:10] SYS: All systems nominal.
[2024-06-26 14:37:10] GPS: Latitude: 34.0540, Longitude: -118.2422
[2024-06-26 14:37:10] ALT: 148 meters
[2024-06-26 14:37:10] SPD: 15 m/s
[2024-06-26 14:37:10] BAT: 96.4%
[2024-06-26 14:37:10] SYS: All systems nominal.
[2024-06-26 14:38:10] GPS: Latitude: 34.0544, Longitude: -118.2419
[2024-06-26 14:38:10] ALT: 185 meters
[2024-06-26 14:38:10] SPD: 16 m/s
[2024-06-26 14:38:10] BAT: 95.7%
[2024-06-26 14:38:10] SYS: All systems nominal.
[2024-06-26 14:39:10] GPS: Latitude: 34.0547, Longitude: -118.2415
[2024-06-26 14:39:10] ALT: 226 meters
[2024-06-26 14:39:10] SPD: 21 m/s
[2024-06-26 14:39:10] BAT: 95.0%
[2024-06-26 14:39:10] SYS: All systems nominal.
[2024-06-26 14:40:10] GPS: Latitude: 34.0551, Longitude: -118.2413
[2024-06-26 14:40:10] ALT: 241 meters
[2024-06-26 14:40:10] SPD: 22 m/s
[2024-06-26 14:40:10] BAT: 94.4%
[2024-06-26 14:40:10] SYS: All systems nominal.
[2024-06-26 14:41:10] GPS: Latitude: 34.0555, Longitude: -118.2409
[2024-06-26 14:41:10] ALT: 283 meters
[2024-06-26 14:41:10] SPD: 25 m/s
[2024-06-26 14:41:10] BAT: 93.8%
[2024-06-26 14:41:10] SYS: All systems nominal.
[2024-06-26 14:42:10] GPS: Latitude: 34.0558, Longitude: -118.2404
[2024-06-26 14:42:10] ALT: 296 meters
[2024-06-26 14:42:10] SPD: 27 m/s
[2024-06-26 14:42:10] BAT: 93.2%
[2024-06-26 14:42:10] SYS: All systems nominal.
[2024-06-26 14:43:10] GPS: Latitude: 34.0561, Longitude: -118.2403
[2024-06-26 14:43:10] ALT: 323 meters
[2024-06-26 14:43:10] SPD: 30 m/s
[2024-06-26 14:43:10] BAT: 92.7%
[2024-06-26 14:43:10] SYS: All systems nominal.
[2024-06-26 14:44:10] GPS: Latitude: 34.0565, Longitude: -118.2401
[2024-06-26 14:44:10] ALT: 353 meters
[2024-06-26 14:44:10] SPD: 34 m/s
[2024-06-26 14:44:10] BAT: 92.0%
[2024-06-26 14:44:10] SYS: All systems nominal.
[2024-06-26 14:45:10] GPS: Latitude: 34.0569, Longitude: -118.2399
[2024-06-26 14:45:10] ALT: 370 meters
[2024-06-26 14:45:10] SPD: 37 m/s
[2024-06-26 14:45:10] BAT: 91.1%
[2024-06-26 14:45:10] SYS: All systems nominal.
[2024-06-26 14:46:10] GPS: Latitude: 34.0571, Longitude: -118.2397
[2024-06-26 14:46:10] ALT: 395 meters
[2024-06-26 14:46:10] SPD: 42 m/s
[2024-06-26 14:46:10] BAT: 90.3%
[2024-06-26 14:46:10] SYS: All systems nominal.
[2024-06-26 14:47:10] GPS: Latitude: 34.0574, Longitude: -118.2393
[2024-06-26 14:47:10] ALT: 426 meters
[2024-06-26 14:47:10] SPD: 45 m/s
[2024-06-26 14:47:10] BAT: 89.8%
[2024-06-26 14:47:10] SYS: All systems nominal.
[2024-06-26 14:48:10] GPS: Latitude: 34.0577, Longitude: -118.2390
[2024-06-26 14:48:10] ALT: 438 meters
[2024-06-26 14:48:10] SPD: 50 m/s
[2024-06-26 14:48:10] BAT: 89.1%
[2024-06-26 14:48:10] SYS: All systems nominal.
[2024-06-26 14:49:10] GPS: Latitude: 34.0579, Longitude: -118.2386
[2024-06-26 14:49:10] ALT: 481 meters
[2024-06-26 14:49:10] SPD: 53 m/s
[2024-06-26 14:49:10] BAT: 88.2%
[2024-06-26 14:49:10] SYS: All systems nominal.
[2024-06-26 14:50:10] GPS: Latitude: 34.0582, Longitude: -118.2382
[2024-06-26 14:50:10] ALT: 506 meters
[2024-06-26 14:50:10] SPD: 54 m/s
[2024-06-26 14:50:10] BAT: 87.5%
[2024-06-26 14:50:10] SYS: All systems nominal.
[2024-06-26 14:51:10] GPS: Latitude: 34.0586, Longitude: -118.2381
[2024-06-26 14:51:10] ALT: 533 meters
[2024-06-26 14:51:10] SPD: 57 m/s
[2024-06-26 14:51:10] BAT: 86.5%
[2024-06-26 14:51:10] SYS: All systems nominal.
[2024-06-26 14:52:10] GPS: Latitude: 34.0590, Longitude: -118.2377
[2024-06-26 14:52:10] ALT: 548 meters
[2024-06-26 14:52:10] SPD: 58 m/s
[2024-06-26 14:52:10] BAT: 85.7%
[2024-06-26 14:52:10] SYS: All systems nominal.
[2024-06-26 14:53:10] GPS: Latitude: 34.0593, Longitude: -118.2373
[2024-06-26 14:53:10] ALT: 570 meters
[2024-06-26 14:53:10] SPD: 61 m/s
[2024-06-26 14:53:10] BAT: 84.7%
[2024-06-26 14:53:10] SYS: All systems nominal.
[2024-06-26 14:54:10] GPS: Latitude: 34.0594, Longitude: -118.2371
[2024-06-26 14:54:10] ALT: 618 meters
[2024-06-26 14:54:10] SPD: 65 m/s
[2024-06-26 14:54:10] BAT: 84.0%
[2024-06-26 14:54:10] SYS: All systems nominal.
[2024-06-26 14:55:10] GPS: Latitude: 34.0599, Longitude: -118.2367
[2024-06-26 14:55:10] ALT: 641 meters
[2024-06-26 14:55:10] SPD: 70 m/s
[2024-06-26 14:55:10] BAT: 83.3%
[2024-06-26 14:55:10] SYS: All systems nominal.
[2024-06-26 14:56:10] GPS: Latitude: 34.0604, Longitude: -118.2363
[2024-06-26 14:56:10] ALT: 678 meters
[2024-06-26 14:56:10] SPD: 72 m/s
[2024-06-26 14:56:10] BAT: 82.6%
[2024-06-26 14:56:10] SYS: All systems nominal.
[2024-06-26 14:57:10] GPS: Latitude: 34.0608, Longitude: -118.2360
[2024-06-26 14:57:10] ALT: 716 meters
[2024-06-26 14:57:10] SPD: 76 m/s
[2024-06-26 14:57:10] BAT: 81.7%
[2024-06-26 14:57:10] SYS: All systems nominal.
[2024-06-26 14:58:10] GPS: Latitude: 34.0609, Longitude: -118.2358
[2024-06-26 14:58:10] ALT: 751 meters
[2024-06-26 14:58:10] SPD: 80 m/s
[2024-06-26 14:58:10] BAT: 80.8%
[2024-06-26 14:58:10] SYS: All systems nominal.
[2024-06-26 14:59:10] GPS: Latitude: 34.0610, Longitude: -118.2357
[2024-06-26 14:59:10] ALT: 781 meters
[2024-06-26 14:59:10] SPD: 82 m/s
[2024-06-26 14:59:10] BAT: 80.0%
[2024-06-26 14:59:10] SYS: All systems nominal.
[2024-06-26 15:00:10] GPS: Latitude: 34.0612, Longitude: -118.2352
[2024-06-26 15:00:10] ALT: 791 meters
[2024-06-26 15:00:10] SPD: 86 m/s
[2024-06-26 15:00:10] BAT: 79.4%
[2024-06-26 15:00:10] SYS: All systems nominal.
[2024-06-26 15:01:10] GPS: Latitude: 34.0614, Longitude: -118.2350
[2024-06-26 15:01:10] ALT: 819 meters
[2024-06-26 15:01:10] SPD: 88 m/s
[2024-06-26 15:01:10] BAT: 78.5%
[2024-06-26 15:01:10] SYS: All systems nominal.
[2024-06-26 15:02:10] GPS: Latitude: 34.0616, Longitude: -118.2346
[2024-06-26 15:02:10] ALT: 853 meters
[2024-06-26 15:02:10] SPD: 89 m/s
[2024-06-26 15:02:10] BAT: 77.6%
[2024-06-26 15:02:10] SYS: All systems nominal.
[2024-06-26 15:02:10] INFO: Beginning descent.
[2024-06-26 15:03:10] GPS: Latitude: 34.0614, Longitude: -118.2347
[2024-06-26 15:03:10] ALT: 821 meters
[2024-06-26 15:03:10] SPD: 88 m/s
[2024-06-26 15:03:10] BAT: 77.1%
[2024-06-26 15:03:10] SYS: All systems nominal.
[2024-06-26 15:04:10] GPS: Latitude: 34.0613, Longitude: -118.2352
[2024-06-26 15:04:10] ALT: 809 meters
[2024-06-26 15:04:10] SPD: 86 m/s
[2024-06-26 15:04:10] BAT: 76.3%
[2024-06-26 15:04:10] SYS: All systems nominal.
[2024-06-26 15:05:10] GPS: Latitude: 34.0609, Longitude: -118.2355
[2024-06-26 15:05:10] ALT: 795 meters
[2024-06-26 15:05:10] SPD: 82 m/s
[2024-06-26 15:05:10] BAT: 75.5%
[2024-06-26 15:05:10] SYS: All systems nominal.
[2024-06-26 15:06:10] GPS: Latitude: 34.0605, Longitude: -118.2360
[2024-06-26 15:06:10] ALT: 784 meters
[2024-06-26 15:06:10] SPD: 79 m/s
[2024-06-26 15:06:10] BAT: 75.0%
[2024-06-26 15:06:10] SYS: All systems nominal.
[2024-06-26 15:07:10] GPS: Latitude: 34.0601, Longitude: -118.2364
[2024-06-26 15:07:10] ALT: 753 meters
[2024-06-26 15:07:10] SPD: 77 m/s
[2024-06-26 15:07:10] BAT: 74.2%
[2024-06-26 15:07:10] SYS: All systems nominal.
[2024-06-26 15:07:10] INFO: Drone flight completed. Tail Number: n456vf
