[2024-06-26 14:32:10] INFO: Drone flight initiated. Tail Number: n567kl
[2024-06-26 14:33:10] GPS: Latitude: 34.0524, Longitude: -118.2433
[2024-06-26 14:33:10] ALT: 21 meters
[2024-06-26 14:33:10] SPD: 3 m/s
[2024-06-26 14:33:10] BAT: 99.2%
[2024-06-26 14:33:10] SYS: All systems nominal.
[2024-06-26 14:34:10] GPS: Latitude: 34.0526, Longitude: -118.2430
[2024-06-26 14:34:10] ALT: 53 meters
[2024-06-26 14:34:10] SPD: 6 m/s
[2024-06-26 14:34:10] BAT: 98.2%
[2024-06-26 14:34:10] SYS: All systems nominal.
[2024-06-26 14:35:10] GPS: Latitude: 34.0528, Longitude: -118.2425
[2024-06-26 14:35:10] ALT: 93 meters
[2024-06-26 14:35:10] SPD: 8 m/s
[2024-06-26 14:35:10] BAT: 97.5%
[2024-06-26 14:35:10] SYS: All systems nominal.
[2024-06-26 14:36:10] GPS: Latitude: 34.0532, Longitude: -118.2424
[2024-06-26 14:36:10] ALT: 134 meters
[2024-06-26 14:36:10] SPD: 9 m/s
[2024-06-26 14:36:10] BAT: 96.8%
[2024-06-26 14:36:10] SYS: All systems nominal.
[2024-06-26 14:37:10] GPS: Latitude: 34.0535, Longitude: -118.2422
[2024-06-26 14:37:10] ALT: 166 meters
[2024-06-26 14:37:10] SPD: 12 m/s
[2024-06-26 14:37:10] BAT: 96.1%
[2024-06-26 14:37:10] SYS: All systems nominal.
[2024-06-26 14:38:10] GPS: Latitude: 34.0537, Longitude: -118.2420
[2024-06-26 14:38:10] ALT: 181 meters
[2024-06-26 14:38:10] SPD: 14 m/s
[2024-06-26 14:38:10] BAT: 95.1%
[2024-06-26 14:38:10] SYS: All systems nominal.
[2024-06-26 14:39:10] GPS: Latitude: 34.0542, Longitude: -118.2415
[2024-06-26 14:39:10] ALT: 227 meters
[2024-06-26 14:39:10] SPD: 18 m/s
[2024-06-26 14:39:10] BAT: 94.3%
[2024-06-26 14:39:10] SYS: All systems nominal.
[2024-06-26 14:40:10] GPS: Latitude: 34.0544, Longitude: -118.2413
[2024-06-26 14:40:10] ALT: 237 meters
[2024-06-26 14:40:10] SPD: 23 m/s
[2024-06-26 14:40:10] BAT: 93.6%
[2024-06-26 14:40:10] SYS: All systems nominal.
[2024-06-26 14:41:10] GPS: Latitude: 34.0548, Longitude: -118.2410
[2024-06-26 14:41:10] ALT: 261 meters
[2024-06-26 14:41:10] SPD: 24 m/s
[2024-06-26 14:41:10] BAT: 93.1%
[2024-06-26 14:41:10] SYS: All systems nominal.
[2024-06-26 14:42:10] GPS: Latitude: 34.0553, Longitude: -118.2406
[2024-06-26 14:42:10] ALT: 306 meters
[2024-06-26 14:42:10] SPD: 25 m/s
[2024-06-26 14:42:10] BAT: 92.2%
[2024-06-26 14:42:10] SYS: All systems nominal.
[2024-06-26 14:43:10] GPS: Latitude: 34.0556, Longitude: -118.2403
[2024-06-26 14:43:10] ALT: 344 meters
[2024-06-26 14:43:10] SPD: 26 m/s
[2024-06-26 14:43:10] BAT: 91.4%
[2024-06-26 14:43:10] SYS: All systems nominal.
[2024-06-26 14:44:10] GPS: Latitude: 34.0558, Longitude: -118.2402
[2024-06-26 14:44:10] ALT: 376 meters
[2024-06-26 14:44:10] SPD: 30 m/s
[2024-06-26 14:44:10] BAT: 90.8%
[2024-06-26 14:44:10] SYS: All systems nominal.
[2024-06-26 14:45:10] GPS: Latitude: 34.0559, Longitude: -118.2400
[2024-06-26 14:45:10] ALT: 421 meters
[2024-06-26 14:45:10] SPD: 34 m/s
[2024-06-26 14:45:10] BAT: 90.2%
[2024-06-26 14:45:10] SYS: All systems nominal.
[2024-06-26 14:46:10] GPS: Latitude: 34.0560, Longitude: -118.2397
[2024-06-26 14:46:10] ALT: 463 meters
[2024-06-26 14:46:10] SPD: 37 m/s
[2024-06-26 14:46:10] BAT: 89.6%
[2024-06-26 14:46:10] SYS: All systems nominal.
[2024-06-26 14:47:10] GPS: Latitude: 34.0564, Longitude: -118.2394
[2024-06-26 14:47:10] ALT: 510 meters
[2024-06-26 14:47:10] SPD: 42 m/s
[2024-06-26 14:47:10] BAT: 89.0%
[2024-06-26 14:47:10] SYS: All systems nominal.
[2024-06-26 14:48:10] GPS: Latitude: 34.0567, Longitude: -118.2392
[2024-06-26 14:48:10] ALT: 520 meters
[2024-06-26 14:48:10] SPD: 45 m/s
[2024-06-26 14:48:10] BAT: 88.4%
[2024-06-26 14:48:10] SYS: All systems nominal.
[2024-06-26 14:49:10] GPS: Latitude: 34.0572, Longitude: -118.2389
[2024-06-26 14:49:10] ALT: 547 meters
[2024-06-26 14:49:10] SPD: 50 m/s
[2024-06-26 14:49:10] BAT: 87.6%
[2024-06-26 14:49:10] SYS: All systems nominal.
[2024-06-26 14:50:10] GPS: Latitude: 34.0574, Longitude: -118.2385
[2024-06-26 14:50:10] ALT: 572 meters
[2024-06-26 14:50:10] SPD: 54 m/s
[2024-06-26 14:50:10] BAT: 87.1%
[2024-06-26 14:50:10] SYS: All systems nominal.
[2024-06-26 14:51:10] GPS: Latitude: 34.0577, Longitude: -118.2380
[2024-06-26 14:51:10] ALT: 596 meters
[2024-06-26 14:51:10] SPD: 56 m/s
[2024-06-26 14:51:10] BAT: 86.2%
[2024-06-26 14:51:10] SYS: All systems nominal.
[2024-06-26 14:52:10] GPS: Latitude: 34.0580, Longitude: -118.2376
[2024-06-26 14:52:10] ALT: 628 meters
[2024-06-26 14:52:10] SPD: 57 m/s
[2024-06-26 14:52:10] BAT: 85.2%
[2024-06-26 14:52:10] SYS: All systems nominal.
[2024-06-26 14:53:10] GPS: Latitude: 34.0581, Longitude: -118.2375
[2024-06-26 14:53:10] ALT: 672 meters
[2024-06-26 14:53:10] SPD: 60 m/s
[2024-06-26 14:53:10] BAT: 84.3%
[2024-06-26 14:53:10] SYS: All systems nominal.
[2024-06-26 14:54:10] GPS: Latitude: 34.0585, Longitude: -118.2371
[2024-06-26 14:54:10] ALT: 714 meters
[2024-06-26 14:54:10] SPD: 64 m/s
[2024-06-26 14:54:10] BAT: 83.7%
[2024-06-26 14:54:10] SYS: All systems nominal.
[2024-06-26 14:55:10] GPS: Latitude: 34.0587, Longitude: -118.2367
[2024-06-26 14:55:10] ALT: 757 meters
[2024-06-26 14:55:10] SPD: 67 m/s
[2024-06-26 14:55:10] BAT: 82.7%
[2024-06-26 14:55:10] SYS: All systems nominal.
[2024-06-26 14:56:10] GPS: Latitude: 34.0590, Longitude: -118.2364
[2024-06-26 14:56:10] ALT: 796 meters
[2024-06-26 14:56:10] SPD: 70 m/s
[2024-06-26 14:56:10] BAT: 81.8%
[2024-06-26 14:56:10] SYS: All systems nominal.
[2024-06-26 14:57:10] GPS: Latitude: 34.0593, Longitude: -118.2362
[2024-06-26 14:57:10] ALT: 829 meters
[2024-06-26 14:57:10] SPD: 74 m/s
[2024-06-26 14:57:10] BAT: 80.8%
[2024-06-26 14:57:10] SYS: All systems nominal.
[2024-06-26 14:58:10] GPS: Latitude: 34.0595, Longitude: -118.2357
[2024-06-26 14:58:10] ALT: 867 meters
[2024-06-26 14:58:10] SPD: 79 m/s
[2024-06-26 14:58:10] BAT: 80.0%
[2024-06-26 14:58:10] SYS: All systems nominal.
[2024-06-26 14:59:10] GPS: Latitude: 34.0598, Longitude: -118.2353
[2024-06-26 14:59:10] ALT: 889 meters
[2024-06-26 14:59:10] SPD: 82 m/s
[2024-06-26 14:59:10] BAT: 79.4%
[2024-06-26 14:59:10] SYS: All systems nominal.
[2024-06-26 15:00:10] GPS: Latitude: 34.0601, Longitude: -118.2349
[2024-06-26 15:00:10] ALT: 899 meters
[2024-06-26 15:00:10] SPD: 86 m/s
[2024-06-26 15:00:10] BAT: 78.5%
[2024-06-26 15:00:10] SYS: All systems nominal.
[2024-06-26 15:01:10] GPS: Latitude: 34.0606, Longitude: -118.2347
[2024-06-26 15:01:10] ALT: 922 meters
[2024-06-26 15:01:10] SPD: 88 m/s
[2024-06-26 15:01:10] BAT: 78.0%
[2024-06-26 15:01:10] SYS: All systems nominal.
[2024-06-26 15:02:10] GPS: Latitude: 34.0608, Longitude: -118.2343
[2024-06-26 15:02:10] ALT: 972 meters
[2024-06-26 15:02:10] SPD: 90 m/s
[2024-06-26 15:02:10] BAT: 77.3%
[2024-06-26 15:02:10] SYS: All systems nominal.
[2024-06-26 15:02:10] INFO: Beginning descent.
[2024-06-26 15:03:10] GPS: Latitude: 34.0604, Longitude: -118.2345
[2024-06-26 15:03:10] ALT: 962 meters
[2024-06-26 15:03:10] SPD: 85 m/s
[2024-06-26 15:03:10] BAT: 76.6%
[2024-06-26 15:03:10] SYS: All systems nominal.
[2024-06-26 15:04:10] GPS: Latitude: 34.0602, Longitude: -118.2349
[2024-06-26 15:04:10] ALT: 950 meters
[2024-06-26 15:04:10] SPD: 81 m/s
[2024-06-26 15:04:10] BAT: 75.9%
[2024-06-26 15:04:10] SYS: All systems nominal.
[2024-06-26 15:05:10] GPS: Latitude: 34.0600, Longitude: -118.2353
[2024-06-26 15:05:10] ALT: 920 meters
[2024-06-26 15:05:10] SPD: 79 m/s
[2024-06-26 15:05:10] BAT: 75.3%
[2024-06-26 15:05:10] SYS: All systems nominal.
[2024-06-26 15:06:10] GPS: Latitude: 34.0598, Longitude: -118.2354
[2024-06-26 15:06:10] ALT: 887 meters
[2024-06-26 15:06:10] SPD: 75 m/s
[2024-06-26 15:06:10] BAT: 74.6%
[2024-06-26 15:06:10] SYS: All systems nominal.
[2024-06-26 15:07:10] GPS: Latitude: 34.0596, Longitude: -118.2356
[2024-06-26 15:07:10] ALT: 866 meters
[2024-06-26 15:07:10] SPD: 70 m/s
[2024-06-26 15:07:10] BAT: 74.0%
[2024-06-26 15:07:10] SYS: All systems nominal.
[2024-06-26 15:07:10] INFO: Drone flight completed. Tail Number: n567kl
