[2024-06-26 14:32:10] INFO: Drone flight initiated. Tail Number: n678st
[2024-06-26 14:33:10] GPS: Latitude: 34.0523, Longitude: -118.2434
[2024-06-26 14:33:10] ALT: 56 meters
[2024-06-26 14:33:10] SPD: 5 m/s
[2024-06-26 14:33:10] BAT: 99.1%
[2024-06-26 14:33:10] SYS: All systems nominal.
[2024-06-26 14:34:10] GPS: Latitude: 34.0527, Longitude: -118.2430
[2024-06-26 14:34:10] ALT: 95 meters
[2024-06-26 14:34:10] SPD: 9 m/s
[2024-06-26 14:34:10] BAT: 98.4%
[2024-06-26 14:34:10] SYS: All systems nominal.
[2024-06-26 14:35:10] GPS: Latitude: 34.0528, Longitude: -118.2427
[2024-06-26 14:35:10] ALT: 106 meters
[2024-06-26 14:35:10] SPD: 12 m/s
[2024-06-26 14:35:10] BAT: 97.8%
[2024-06-26 14:35:10] SYS: All systems nominal.
[2024-06-26 14:36:10] GPS: Latitude: 34.0530, Longitude: -118.2425
[2024-06-26 14:36:10] ALT: 131 meters
[2024-06-26 14:36:10] SPD: 15 m/s
[2024-06-26 14:36:10] BAT: 97.3%
[2024-06-26 14:36:10] SYS: All systems nominal.
[2024-06-26 14:37:10] GPS: Latitude: 34.0531, Longitude: -118.2422
[2024-06-26 14:37:10] ALT: 179 meters
[2024-06-26 14:37:10] SPD: 19 m/s
[2024-06-26 14:37:10] BAT: 96.4%
[2024-06-26 14:37:10] SYS: All systems nominal.
[2024-06-26 14:38:10] GPS: Latitude: 34.0535, Longitude: -118.2419
[2024-06-26 14:38:10] ALT: 225 meters
[2024-06-26 14:38:10] SPD: 22 m/s
[2024-06-26 14:38:10] BAT: 95.7%
[2024-06-26 14:38:10] SYS: All systems nominal.
[2024-06-26 14:39:10] GPS: Latitude: 34.0536, Longitude: -118.2417
[2024-06-26 14:39:10] ALT: 273 meters
[2024-06-26 14:39:10] SPD: 24 m/s
[2024-06-26 14:39:10] BAT: 94.9%
[2024-06-26 14:39:10] SYS: All systems nominal.
[2024-06-26 14:40:10] GPS: Latitude: 34.0538, Longitude: -118.2412
[2024-06-26 14:40:10] ALT: 288 meters
[2024-06-26 14:40:10] SPD: 25 m/s
[2024-06-26 14:40:10] BAT: 94.1%
[2024-06-26 14:40:10] SYS: All systems nominal.
[2024-06-26 14:41:10] GPS: Latitude: 34.0540, Longitude: -118.2409
[2024-06-26 14:41:10] ALT: 338 meters
[2024-06-26 14:41:10] SPD: 30 m/s
[2024-06-26 14:41:10] BAT: 93.2%
[2024-06-26 14:41:10] SYS: All systems nominal.
[2024-06-26 14:42:10] GPS: Latitude: 34.0544, Longitude: -118.2406
[2024-06-26 14:42:10] ALT: 387 meters
[2024-06-26 14:42:10] SPD: 34 m/s
[2024-06-26 14:42:10] BAT: 92.4%
[2024-06-26 14:42:10] SYS: All systems nominal.
[2024-06-26 14:43:10] GPS: Latitude: 34.0545, Longitude: -118.2405
[2024-06-26 14:43:10] ALT: 399 meters
[2024-06-26 14:43:10] SPD: 36 m/s
[2024-06-26 14:43:10] BAT: 91.5%
[2024-06-26 14:43:10] SYS: All systems nominal.
[2024-06-26 14:44:10] GPS: Latitude: 34.0547, Longitude: -118.2402
[2024-06-26 14:44:10] ALT: 446 meters
[2024-06-26 14:44:10] SPD: 38 m/s
[2024-06-26 14:44:10] BAT: 90.6%
[2024-06-26 14:44:10] SYS: All systems nominal.
[2024-06-26 14:45:10] GPS: Latitude: 34.0551, Longitude: -118.2397
[2024-06-26 14:45:10] ALT: 478 meters
[2024-06-26 14:45:10] SPD: 40 m/s
[2024-06-26 14:45:10] BAT: 89.7%
[2024-06-26 14:45:10] SYS: All systems nominal.
[2024-06-26 14:46:10] GPS: Latitude: 34.0554, Longitude: -118.2396
[2024-06-26 14:46:10] ALT: 511 meters
[2024-06-26 14:46:10] SPD: 42 m/s
[2024-06-26 14:46:10] BAT: 88.9%
[2024-06-26 14:46:10] SYS: All systems nominal.
[2024-06-26 14:47:10] GPS: Latitude: 34.0557, Longitude: -118.2392
[2024-06-26 14:47:10] ALT: 533 meters
[2024-06-26 14:47:10] SPD: 45 m/s
[2024-06-26 14:47:10] BAT: 88.0%
[2024-06-26 14:47:10] SYS: All systems nominal.
[2024-06-26 14:48:10] GPS: Latitude: 34.0562, Longitude: -118.2391
[2024-06-26 14:48:10] ALT: 544 meters
[2024-06-26 14:48:10] SPD: 50 m/s
[2024-06-26 14:48:10] BAT: 87.1%
[2024-06-26 14:48:10] SYS: All systems nominal.
[2024-06-26 14:49:10] GPS: Latitude: 34.0564, Longitude: -118.2387
[2024-06-26 14:49:10] ALT: 567 meters
[2024-06-26 14:49:10] SPD: 51 m/s
[2024-06-26 14:49:10] BAT: 86.2%
[2024-06-26 14:49:10] SYS: All systems nominal.
[2024-06-26 14:50:10] GPS: Latitude: 34.0569, Longitude: -118.2383
[2024-06-26 14:50:10] ALT: 610 meters
[2024-06-26 14:50:10] SPD: 56 m/s
[2024-06-26 14:50:10] BAT: 85.3%
[2024-06-26 14:50:10] SYS: All systems nominal.
[2024-06-26 14:51:10] GPS: Latitude: 34.0574, Longitude: -118.2378
[2024-06-26 14:51:10] ALT: 651 meters
[2024-06-26 14:51:10] SPD: 58 m/s
[2024-06-26 14:51:10] BAT: 84.6%
[2024-06-26 14:51:10] SYS: All systems nominal.
[2024-06-26 14:52:10] GPS: Latitude: 34.0577, Longitude: -118.2375
[2024-06-26 14:52:10] ALT: 691 meters
[2024-06-26 14:52:10] SPD: 63 m/s
[2024-06-26 14:52:10] BAT: 84.1%
[2024-06-26 14:52:10] SYS: All systems nominal.
[2024-06-26 14:53:10] GPS: Latitude: 34.0580, Longitude: -118.2371
[2024-06-26 14:53:10] ALT: 719 meters
[2024-06-26 14:53:10] SPD: 68 m/s
[2024-06-26 14:53:10] BAT: 83.1%
[2024-06-26 14:53:10] SYS: All systems nominal.
[2024-06-26 14:54:10] GPS: Latitude: 34.0584, Longitude: -118.2368
[2024-06-26 14:54:10] ALT: 740 meters
[2024-06-26 14:54:10] SPD: 70 m/s
[2024-06-26 14:54:10] BAT: 82.5%
[2024-06-26 14:54:10] SYS: All systems nominal.
[2024-06-26 14:55:10] GPS: Latitude: 34.0588, Longitude: -118.2363
[2024-06-26 14:55:10] ALT: 766 meters
[2024-06-26 14:55:10] SPD: 74 m/s
[2024-06-26 14:55:10] BAT: 81.6%
[2024-06-26 14:55:10] SYS: All systems nominal.
[2024-06-26 14:56:10] GPS: Latitude: 34.0589, Longitude: -118.2360
[2024-06-26 14:56:10] ALT: 804 meters
[2024-06-26 14:56:10] SPD: 76 m/s
[2024-06-26 14:56:10] BAT: 80.7%
[2024-06-26 14:56:10] SYS: All systems nominal.
[2024-06-26 14:57:10] GPS: Latitude: 34.0594, Longitude: -118.2358
[2024-06-26 14:57:10] ALT: 820 meters
[2024-06-26 14:57:10] SPD: 81 m/s
[2024-06-26 14:57:10] BAT: 79.9%
[2024-06-26 14:57:10] SYS: All systems nominal.
[2024-06-26 14:58:10] GPS: Latitude: 34.0596, Longitude: -118.2356
[2024-06-26 14:58:10] ALT: 861 meters
[2024-06-26 14:58:10] SPD: 84 m/s
[2024-06-26 14:58:10] BAT: 79.0%
[2024-06-26 14:58:10] SYS: All systems nominal.
[2024-06-26 14:59:10] GPS: Latitude: 34.0600, Longitude: -118.2354
[2024-06-26 14:59:10] ALT: 872 meters
[2024-06-26 14:59:10] SPD: 88 m/s
[2024-06-26 14:59:10] BAT: 78.3%
[2024-06-26 14:59:10] SYS: All systems nominal.
[2024-06-26 15:00:10] GPS: Latitude: 34.0602, Longitude: -118.2352
[2024-06-26 15:00:10] ALT: 886 meters
[2024-06-26 15:00:10] SPD: 90 m/s
[2024-06-26 15:00:10] BAT: 77.8%
[2024-06-26 15:00:10] SYS: All systems nominal.
[2024-06-26 15:01:10] GPS: Latitude: 34.0604, Longitude: -118.2348
[2024-06-26 15:01:10] ALT: 921 meters
[2024-06-26 15:01:10] SPD: 92 m/s
[2024-06-26 15:01:10] BAT: 76.9%
[2024-06-26 15:01:10] SYS: All systems nominal.
[2024-06-26 15:02:10] GPS: Latitude: 34.0606, Longitude: -118.2346
[2024-06-26 15:02:10] ALT: 947 meters
[2024-06-26 15:02:10] SPD: 94 m/s
[2024-06-26 15:02:10] BAT: 76.0%
[2024-06-26 15:02:10] SYS: All systems nominal.
[2024-06-26 15:02:10] INFO: Beginning descent.
[2024-06-26 15:03:10] GPS: Latitude: 34.0602, Longitude: -118.2348
[2024-06-26 15:03:10] ALT: 903 meters
[2024-06-26 15:03:10] SPD: 89 m/s
[2024-06-26 15:03:10] BAT: 75.5%
[2024-06-26 15:03:10] SYS: All systems nominal.
[2024-06-26 15:04:10] GPS: Latitude: 34.0600, Longitude: -118.2349
[2024-06-26 15:04:10] ALT: 859 meters
[2024-06-26 15:04:10] SPD: 86 m/s
[2024-06-26 15:04:10] BAT: 74.8%
[2024-06-26 15:04:10] SYS: All systems nominal.
[2024-06-26 15:05:10] GPS: Latitude: 34.0599, Longitude: -118.2351
[2024-06-26 15:05:10] ALT: 831 meters
[2024-06-26 15:05:10] SPD: 85 m/s
[2024-06-26 15:05:10] BAT: 74.2%
[2024-06-26 15:05:10] SYS: All systems nominal.
[2024-06-26 15:06:10] GPS: Latitude: 34.0598, Longitude: -118.2352
[2024-06-26 15:06:10] ALT: 798 meters
[2024-06-26 15:06:10] SPD: 84 m/s
[2024-06-26 15:06:10] BAT: 73.7%
[2024-06-26 15:06:10] SYS: All systems nominal.
[2024-06-26 15:07:10] GPS: Latitude: 34.0595, Longitude: -118.2356
[2024-06-26 15:07:10] ALT: 757 meters
[2024-06-26 15:07:10] SPD: 82 m/s
[2024-06-26 15:07:10] BAT: 72.8%
[2024-06-26 15:07:10] SYS: All systems nominal.
[2024-06-26 15:07:10] INFO: Drone flight completed. Tail Number: n678st
