[2024-06-26 14:32:10] INFO: Drone flight initiated. Tail Number: n789ef
[2024-06-26 14:33:10] GPS: Latitude: 34.0524, Longitude: -118.2435
[2024-06-26 14:33:10] ALT: 44 meters
[2024-06-26 14:33:10] SPD: 5 m/s
[2024-06-26 14:33:10] BAT: 99.4%
[2024-06-26 14:33:10] SYS: All systems nominal.
[2024-06-26 14:34:10] GPS: Latitude: 34.0528, Longitude: -118.2432
[2024-06-26 14:34:10] ALT: 74 meters
[2024-06-26 14:34:10] SPD: 7 m/s
[2024-06-26 14:34:10] BAT: 98.7%
[2024-06-26 14:34:10] SYS: All systems nominal.
[2024-06-26 14:35:10] GPS: Latitude: 34.0530, Longitude: -118.2431
[2024-06-26 14:35:10] ALT: 97 meters
[2024-06-26 14:35:10] SPD: 10 m/s
[2024-06-26 14:35:10] BAT: 98.1%
[2024-06-26 14:35:10] SYS: All systems nominal.
[2024-06-26 14:36:10] GPS: Latitude: 34.0535, Longitude: -118.2426
[2024-06-26 14:36:10] ALT: 107 meters
[2024-06-26 14:36:10] SPD: 14 m/s
[2024-06-26 14:36:10] BAT: 97.5%
[2024-06-26 14:36:10] SYS: All systems nominal.
[2024-06-26 14:37:10] GPS: Latitude: 34.0537, Longitude: -118.2422
[2024-06-26 14:37:10] ALT: 149 meters
[2024-06-26 14:37:10] SPD: 18 m/s
[2024-06-26 14:37:10] BAT: 96.8%
[2024-06-26 14:37:10] SYS: All systems nominal.
[2024-06-26 14:38:10] GPS: Latitude: 34.0538, Longitude: -118.2420
[2024-06-26 14:38:10] ALT: 168 meters
[2024-06-26 14:38:10] SPD: 22 m/s
[2024-06-26 14:38:10] BAT: 96.0%
[2024-06-26 14:38:10] SYS: All systems nominal.
[2024-06-26 14:39:10] GPS: Latitude: 34.0540, Longitude: -118.2418
[2024-06-26 14:39:10] ALT: 211 meters
[2024-06-26 14:39:10] SPD: 26 m/s
[2024-06-26 14:39:10] BAT: 95.3%
[2024-06-26 14:39:10] SYS: All systems nominal.
[2024-06-26 14:40:10] GPS: Latitude: 34.0544, Longitude: -118.2415
[2024-06-26 14:40:10] ALT: 251 meters
[2024-06-26 14:40:10] SPD: 30 m/s
[2024-06-26 14:40:10] BAT: 94.5%
[2024-06-26 14:40:10] SYS: All systems nominal.
[2024-06-26 14:41:10] GPS: Latitude: 34.0548, Longitude: -118.2412
[2024-06-26 14:41:10] ALT: 271 meters
[2024-06-26 14:41:10] SPD: 32 m/s
[2024-06-26 14:41:10] BAT: 93.8%
[2024-06-26 14:41:10] SYS: All systems nominal.
[2024-06-26 14:42:10] GPS: Latitude: 34.0550, Longitude: -118.2410
[2024-06-26 14:42:10] ALT: 295 meters
[2024-06-26 14:42:10] SPD: 37 m/s
[2024-06-26 14:42:10] BAT: 93.2%
[2024-06-26 14:42:10] SYS: All systems nominal.
[2024-06-26 14:43:10] GPS: Latitude: 34.0552, Longitude: -118.2406
[2024-06-26 14:43:10] ALT: 319 meters
[2024-06-26 14:43:10] SPD: 39 m/s
[2024-06-26 14:43:10] BAT: 92.2%
[2024-06-26 14:43:10] SYS: All systems nominal.
[2024-06-26 14:44:10] GPS: Latitude: 34.0556, Longitude: -118.2401
[2024-06-26 14:44:10] ALT: 348 meters
[2024-06-26 14:44:10] SPD: 44 m/s
[2024-06-26 14:44:10] BAT: 91.5%
[2024-06-26 14:44:10] SYS: All systems nominal.
[2024-06-26 14:45:10] GPS: Latitude: 34.0559, Longitude: -118.2399
[2024-06-26 14:45:10] ALT: 359 meters
[2024-06-26 14:45:10] SPD: 48 m/s
[2024-06-26 14:45:10] BAT: 90.7%
[2024-06-26 14:45:10] SYS: All systems nominal.
[2024-06-26 14:46:10] GPS: Latitude: 34.0562, Longitude: -118.2396
[2024-06-26 14:46:10] ALT: 400 meters
[2024-06-26 14:46:10] SPD: 51 m/s
[2024-06-26 14:46:10] BAT: 89.9%
[2024-06-26 14:46:10] SYS: All systems nominal.
[2024-06-26 14:47:10] GPS: Latitude: 34.0566, Longitude: -118.2393
[2024-06-26 14:47:10] ALT: 411 meters
[2024-06-26 14:47:10] SPD: 52 m/s
[2024-06-26 14:47:10] BAT: 89.0%
[2024-06-26 14:47:10] SYS: All systems nominal.
[2024-06-26 14:48:10] GPS: Latitude: 34.0570, Longitude: -118.2388
[2024-06-26 14:48:10] ALT: 461 meters
[2024-06-26 14:48:10] SPD: 53 m/s
[2024-06-26 14:48:10] BAT: 88.2%
[2024-06-26 14:48:10] SYS: All systems nominal.
[2024-06-26 14:49:10] GPS: Latitude: 34.0572, Longitude: -118.2384
[2024-06-26 14:49:10] ALT: 507 meters
[2024-06-26 14:49:10] SPD: 54 m/s
[2024-06-26 14:49:10] BAT: 87.2%
[2024-06-26 14:49:10] SYS: All systems nominal.
[2024-06-26 14:50:10] GPS: Latitude: 34.0574, Longitude: -118.2383
[2024-06-26 14:50:10] ALT: 548 meters
[2024-06-26 14:50:10] SPD: 56 m/s
[2024-06-26 14:50:10] BAT: 86.5%
[2024-06-26 14:50:10] SYS: All systems nominal.
[2024-06-26 14:51:10] GPS: Latitude: 34.0578, Longitude: -118.2378
[2024-06-26 14:51:10] ALT: 560 meters
[2024-06-26 14:51:10] SPD: 57 m/s
[2024-06-26 14:51:10] BAT: 86.0%
[2024-06-26 14:51:10] SYS: All systems nominal.
[2024-06-26 14:52:10] GPS: Latitude: 34.0582, Longitude: -118.2374
[2024-06-26 14:52:10] ALT: 589 meters
[2024-06-26 14:52:10] SPD: 58 m/s
[2024-06-26 14:52:10] BAT: 85.4%
[2024-06-26 14:52:10] SYS: All systems nominal.
[2024-06-26 14:53:10] GPS: Latitude: 34.0586, Longitude: -118.2370
[2024-06-26 14:53:10] ALT: 617 meters
[2024-06-26 14:53:10] SPD: 61 m/s
[2024-06-26 14:53:10] BAT: 84.5%
[2024-06-26 14:53:10] SYS: All systems nominal.
[2024-06-26 14:54:10] GPS: Latitude: 34.0588, Longitude: -118.2367
[2024-06-26 14:54:10] ALT: 637 meters
[2024-06-26 14:54:10] SPD: 63 m/s
[2024-06-26 14:54:10] BAT: 83.8%
[2024-06-26 14:54:10] SYS: All systems nominal.
[2024-06-26 14:55:10] GPS: Latitude: 34.0590, Longitude: -118.2366
[2024-06-26 14:55:10] ALT: 686 meters
[2024-06-26 14:55:10] SPD: 68 m/s
[2024-06-26 14:55:10] BAT: 83.0%
[2024-06-26 14:55:10] SYS: All systems nominal.
[2024-06-26 14:56:10] GPS: Latitude: 34.0594, Longitude: -118.2361
[2024-06-26 14:56:10] ALT: 726 meters
[2024-06-26 14:56:10] SPD: 73 m/s
[2024-06-26 14:56:10] BAT: 82.3%
[2024-06-26 14:56:10] SYS: All systems nominal.
[2024-06-26 14:57:10] GPS: Latitude: 34.0598, Longitude: -118.2360
[2024-06-26 14:57:10] ALT: 776 meters
[2024-06-26 14:57:10] SPD: 77 m/s
[2024-06-26 14:57:10] BAT: 81.8%
[2024-06-26 14:57:10] SYS: All systems nominal.
[2024-06-26 14:58:10] GPS: Latitude: 34.0602, Longitude: -118.2356
[2024-06-26 14:58:10] ALT: 803 meters
[2024-06-26 14:58:10] SPD: 79 m/s
[2024-06-26 14:58:10] BAT: 80.9%
[2024-06-26 14:58:10] SYS: All systems nominal.
[2024-06-26 14:59:10] GPS: Latitude: 34.0606, Longitude: -118.2353
[2024-06-26 14:59:10] ALT: 852 meters
[2024-06-26 14:59:10] SPD: 82 m/s
[2024-06-26 14:59:10] BAT: 80.1%
[2024-06-26 14:59:10] SYS: All systems nominal.
[2024-06-26 15:00:10] GPS: Latitude: 34.0610, Longitude: -118.2349
[2024-06-26 15:00:10] ALT: 881 meters
[2024-06-26 15:00:10] SPD: 84 m/s
[2024-06-26 15:00:10] BAT: 79.6%
[2024-06-26 15:00:10] SYS: All systems nominal.
[2024-06-26 15:01:10] GPS: Latitude: 34.0613, Longitude: -118.2346
[2024-06-26 15:01:10] ALT: 920 meters
[2024-06-26 15:01:10] SPD: 85 m/s
[2024-06-26 15:01:10] BAT: 79.0%
[2024-06-26 15:01:10] SYS: All systems nominal.
[2024-06-26 15:02:10] GPS: Latitude: 34.0616, Longitude: -118.2345
[2024-06-26 15:02:10] ALT: 939 meters
[2024-06-26 15:02:10] SPD: 90 m/s
[2024-06-26 15:02:10] BAT: 78.0%
[2024-06-26 15:02:10] SYS: All systems nominal.
[2024-06-26 15:02:10] INFO: Beginning descent.
[2024-06-26 15:03:10] GPS: Latitude: 34.0613, Longitude: -118.2346
[2024-06-26 15:03:10] ALT: 905 meters
[2024-06-26 15:03:10] SPD: 86 m/s
[2024-06-26 15:03:10] BAT: 77.4%
[2024-06-26 15:03:10] SYS: All systems nominal.
[2024-06-26 15:04:10] GPS: Latitude: 34.0610, Longitude: -118.2350
[2024-06-26 15:04:10] ALT: 865 meters
[2024-06-26 15:04:10] SPD: 83 m/s
[2024-06-26 15:04:10] BAT: 76.6%
[2024-06-26 15:04:10] SYS: All systems nominal.
[2024-06-26 15:05:10] GPS: Latitude: 34.0607, Longitude: -118.2354
[2024-06-26 15:05:10] ALT: 836 meters
[2024-06-26 15:05:10] SPD: 81 m/s
[2024-06-26 15:05:10] BAT: 75.8%
[2024-06-26 15:05:10] SYS: All systems nominal.
[2024-06-26 15:06:10] GPS: Latitude: 34.0605, Longitude: -118.2356
[2024-06-26 15:06:10] ALT: 793 meters
[2024-06-26 15:06:10] SPD: 80 m/s
[2024-06-26 15:06:10] BAT: 75.3%
[2024-06-26 15:06:10] SYS: All systems nominal.
[2024-06-26 15:07:10] GPS: Latitude: 34.0601, Longitude: -118.2358
[2024-06-26 15:07:10] ALT: 769 meters
[2024-06-26 15:07:10] SPD: 76 m/s
[2024-06-26 15:07:10] BAT: 74.4%
[2024-06-26 15:07:10] SYS: All systems nominal.
[2024-06-26 15:07:10] INFO: Drone flight completed. Tail Number: n789ef
