[2024-06-26 14:32:10] INFO: Drone flight initiated. Tail Number: n890mn
[2024-06-26 14:33:10] GPS: Latitude: 34.0527, Longitude: -118.2434
[2024-06-26 14:33:10] ALT: 46 meters
[2024-06-26 14:33:10] SPD: 5 m/s
[2024-06-26 14:33:10] BAT: 99.5%
[2024-06-26 14:33:10] SYS: All systems nominal.
[2024-06-26 14:34:10] GPS: Latitude: 34.0529, Longitude: -118.2431
[2024-06-26 14:34:10] ALT: 78 meters
[2024-06-26 14:34:10] SPD: 10 m/s
[2024-06-26 14:34:10] BAT: 98.8%
[2024-06-26 14:34:10] SYS: All systems nominal.
[2024-06-26 14:35:10] GPS: Latitude: 34.0532, Longitude: -118.2427
[2024-06-26 14:35:10] ALT: 124 meters
[2024-06-26 14:35:10] SPD: 13 m/s
[2024-06-26 14:35:10] BAT: 98.1%
[2024-06-26 14:35:10] SYS: All systems nominal.
[2024-06-26 14:36:10] GPS: Latitude: 34.0535, Longitude: -118.2425
[2024-06-26 14:36:10] ALT: 136 meters
[2024-06-26 14:36:10] SPD: 16 m/s
[2024-06-26 14:36:10] BAT: 97.4%
[2024-06-26 14:36:10] SYS: All systems nominal.
[2024-06-26 14:37:10] GPS: Latitude: 34.0539, Longitude: -118.2422
[2024-06-26 14:37:10] ALT: 184 meters
[2024-06-26 14:37:10] SPD: 17 m/s
[2024-06-26 14:37:10] BAT: 96.6%
[2024-06-26 14:37:10] SYS: All systems nominal.
[2024-06-26 14:38:10] GPS: Latitude: 34.0543, Longitude: -118.2420
[2024-06-26 14:38:10] ALT: 198 meters
[2024-06-26 14:38:10] SPD: 20 m/s
[2024-06-26 14:38:10] BAT: 95.9%
[2024-06-26 14:38:10] SYS: All systems nominal.
[2024-06-26 14:39:10] GPS: Latitude: 34.0546, Longitude: -118.2417
[2024-06-26 14:39:10] ALT: 236 meters
[2024-06-26 14:39:10] SPD: 23 m/s
[2024-06-26 14:39:10] BAT: 95.3%
[2024-06-26 14:39:10] SYS: All systems nominal.
[2024-06-26 14:40:10] GPS: Latitude: 34.0550, Longitude: -118.2416
[2024-06-26 14:40:10] ALT: 285 meters
[2024-06-26 14:40:10] SPD: 25 m/s
[2024-06-26 14:40:10] BAT: 94.6%
[2024-06-26 14:40:10] SYS: All systems nominal.
[2024-06-26 14:41:10] GPS: Latitude: 34.0555, Longitude: -118.2412
[2024-06-26 14:41:10] ALT: 334 meters
[2024-06-26 14:41:10] SPD: 26 m/s
[2024-06-26 14:41:10] BAT: 93.8%
[2024-06-26 14:41:10] SYS: All systems nominal.
[2024-06-26 14:42:10] GPS: Latitude: 34.0557, Longitude: -118.2408
[2024-06-26 14:42:10] ALT: 374 meters
[2024-06-26 14:42:10] SPD: 29 m/s
[2024-06-26 14:42:10] BAT: 93.1%
[2024-06-26 14:42:10] SYS: All systems nominal.
[2024-06-26 14:43:10] GPS: Latitude: 34.0558, Longitude: -118.2405
[2024-06-26 14:43:10] ALT: 422 meters
[2024-06-26 14:43:10] SPD: 30 m/s
[2024-06-26 14:43:10] BAT: 92.5%
[2024-06-26 14:43:10] SYS: All systems nominal.
[2024-06-26 14:44:10] GPS: Latitude: 34.0562, Longitude: -118.2401
[2024-06-26 14:44:10] ALT: 465 meters
[2024-06-26 14:44:10] SPD: 35 m/s
[2024-06-26 14:44:10] BAT: 91.9%
[2024-06-26 14:44:10] SYS: All systems nominal.
[2024-06-26 14:45:10] GPS: Latitude: 34.0567, Longitude: -118.2397
[2024-06-26 14:45:10] ALT: 477 meters
[2024-06-26 14:45:10] SPD: 39 m/s
[2024-06-26 14:45:10] BAT: 91.2%
[2024-06-26 14:45:10] SYS: All systems nominal.
[2024-06-26 14:46:10] GPS: Latitude: 34.0568, Longitude: -118.2395
[2024-06-26 14:46:10] ALT: 505 meters
[2024-06-26 14:46:10] SPD: 44 m/s
[2024-06-26 14:46:10] BAT: 90.3%
[2024-06-26 14:46:10] SYS: All systems nominal.
[2024-06-26 14:47:10] GPS: Latitude: 34.0573, Longitude: -118.2393
[2024-06-26 14:47:10] ALT: 552 meters
[2024-06-26 14:47:10] SPD: 45 m/s
[2024-06-26 14:47:10] BAT: 89.4%
[2024-06-26 14:47:10] SYS: All systems nominal.
[2024-06-26 14:48:10] GPS: Latitude: 34.0574, Longitude: -118.2391
[2024-06-26 14:48:10] ALT: 573 meters
[2024-06-26 14:48:10] SPD: 50 m/s
[2024-06-26 14:48:10] BAT: 88.5%
[2024-06-26 14:48:10] SYS: All systems nominal.
[2024-06-26 14:49:10] GPS: Latitude: 34.0577, Longitude: -118.2389
[2024-06-26 14:49:10] ALT: 611 meters
[2024-06-26 14:49:10] SPD: 55 m/s
[2024-06-26 14:49:10] BAT: 87.9%
[2024-06-26 14:49:10] SYS: All systems nominal.
[2024-06-26 14:50:10] GPS: Latitude: 34.0582, Longitude: -118.2388
[2024-06-26 14:50:10] ALT: 638 meters
[2024-06-26 14:50:10] SPD: 57 m/s
[2024-06-26 14:50:10] BAT: 87.0%
[2024-06-26 14:50:10] SYS: All systems nominal.
[2024-06-26 14:51:10] GPS: Latitude: 34.0585, Longitude: -118.2384
[2024-06-26 14:51:10] ALT: 683 meters
[2024-06-26 14:51:10] SPD: 58 m/s
[2024-06-26 14:51:10] BAT: 86.0%
[2024-06-26 14:51:10] SYS: All systems nominal.
[2024-06-26 14:52:10] GPS: Latitude: 34.0589, Longitude: -118.2382
[2024-06-26 14:52:10] ALT: 715 meters
[2024-06-26 14:52:10] SPD: 63 m/s
[2024-06-26 14:52:10] BAT: 85.1%
[2024-06-26 14:52:10] SYS: All systems nominal.
[2024-06-26 14:53:10] GPS: Latitude: 34.0590, Longitude: -118.2379
[2024-06-26 14:53:10] ALT: 745 meters
[2024-06-26 14:53:10] SPD: 64 m/s
[2024-06-26 14:53:10] BAT: 84.4%
[2024-06-26 14:53:10] SYS: All systems nominal.
[2024-06-26 14:54:10] GPS: Latitude: 34.0594, Longitude: -118.2377
[2024-06-26 14:54:10] ALT: 790 meters
[2024-06-26 14:54:10] SPD: 68 m/s
[2024-06-26 14:54:10] BAT: 83.4%
[2024-06-26 14:54:10] SYS: All systems nominal.
[2024-06-26 14:55:10] GPS: Latitude: 34.0598, Longitude: -118.2375
[2024-06-26 14:55:10] ALT: 812 meters
[2024-06-26 14:55:10] SPD: 71 m/s
[2024-06-26 14:55:10] BAT: 82.6%
[2024-06-26 14:55:10] SYS: All systems nominal.
[2024-06-26 14:56:10] GPS: Latitude: 34.0600, Longitude: -118.2371
[2024-06-26 14:56:10] ALT: 845 meters
[2024-06-26 14:56:10] SPD: 76 m/s
[2024-06-26 14:56:10] BAT: 81.8%
[2024-06-26 14:56:10] SYS: All systems nominal.
[2024-06-26 14:57:10] GPS: Latitude: 34.0602, Longitude: -118.2369
[2024-06-26 14:57:10] ALT: 875 meters
[2024-06-26 14:57:10] SPD: 79 m/s
[2024-06-26 14:57:10] BAT: 81.2%
[2024-06-26 14:57:10] SYS: All systems nominal.
[2024-06-26 14:58:10] GPS: Latitude: 34.0605, Longitude: -118.2367
[2024-06-26 14:58:10] ALT: 921 meters
[2024-06-26 14:58:10] SPD: 83 m/s
[2024-06-26 14:58:10] BAT: 80.4%
[2024-06-26 14:58:10] SYS: All systems nominal.
[2024-06-26 14:59:10] GPS: Latitude: 34.0606, Longitude: -118.2362
[2024-06-26 14:59:10] ALT: 937 meters
[2024-06-26 14:59:10] SPD: 84 m/s
[2024-06-26 14:59:10] BAT: 79.8%
[2024-06-26 14:59:10] SYS: All systems nominal.
[2024-06-26 15:00:10] GPS: Latitude: 34.0608, Longitude: -118.2360
[2024-06-26 15:00:10] ALT: 951 meters
[2024-06-26 15:00:10] SPD: 89 m/s
[2024-06-26 15:00:10] BAT: 79.0%
[2024-06-26 15:00:10] SYS: All systems nominal.
[2024-06-26 15:01:10] GPS: Latitude: 34.0612, Longitude: -118.2359
[2024-06-26 15:01:10] ALT: 975 meters
[2024-06-26 15:01:10] SPD: 92 m/s
[2024-06-26 15:01:10] BAT: 78.3%
[2024-06-26 15:01:10] SYS: All systems nominal.
[2024-06-26 15:02:10] GPS: Latitude: 34.0616, Longitude: -118.2357
[2024-06-26 15:02:10] ALT: 985 meters
[2024-06-26 15:02:10] SPD: 94 m/s
[2024-06-26 15:02:10] BAT: 77.5%
[2024-06-26 15:02:10] SYS: All systems nominal.
[2024-06-26 15:02:10] INFO: Beginning descent.
[2024-06-26 15:03:10] GPS: Latitude: 34.0613, Longitude: -118.2362
[2024-06-26 15:03:10] ALT: 968 meters
[2024-06-26 15:03:10] SPD: 93 m/s
[2024-06-26 15:03:10] BAT: 76.7%
[2024-06-26 15:03:10] SYS: All systems nominal.
[2024-06-26 15:04:10] GPS: Latitude: 34.0610, Longitude: -118.2364
[2024-06-26 15:04:10] ALT: 931 meters
[2024-06-26 15:04:10] SPD: 90 m/s
[2024-06-26 15:04:10] BAT: 75.8%
[2024-06-26 15:04:10] SYS: All systems nominal.
[2024-06-26 15:05:10] GPS: Latitude: 34.0606, Longitude: -118.2369
[2024-06-26 15:05:10] ALT: 906 meters
[2024-06-26 15:05:10] SPD: 85 m/s
[2024-06-26 15:05:10] BAT: 75.1%
[2024-06-26 15:05:10] SYS: All systems nominal.
[2024-06-26 15:06:10] GPS: Latitude: 34.0601, Longitude: -118.2372
[2024-06-26 15:06:10] ALT: 883 meters
[2024-06-26 15:06:10] SPD: 81 m/s
[2024-06-26 15:06:10] BAT: 74.4%
[2024-06-26 15:06:10] SYS: All systems nominal.
[2024-06-26 15:07:10] GPS: Latitude: 34.0599, Longitude: -118.2376
[2024-06-26 15:07:10] ALT: 845 meters
[2024-06-26 15:07:10] SPD: 76 m/s
[2024-06-26 15:07:10] BAT: 73.7%
[2024-06-26 15:07:10] SYS: All systems nominal.
[2024-06-26 15:07:10] INFO: Drone flight completed. Tail Number: n890mn
