[2024-06-26 14:32:10] INFO: Drone flight initiated. Tail Number: n901uv
[2024-06-26 14:33:10] GPS: Latitude: 34.0525, Longitude: -118.2434
[2024-06-26 14:33:10] ALT: 32 meters
[2024-06-26 14:33:10] SPD: 4 m/s
[2024-06-26 14:33:10] BAT: 99.4%
[2024-06-26 14:33:10] SYS: All systems nominal.
[2024-06-26 14:34:10] GPS: Latitude: 34.0529, Longitude: -118.2433
[2024-06-26 14:34:10] ALT: 70 meters
[2024-06-26 14:34:10] SPD: 9 m/s
[2024-06-26 14:34:10] BAT: 98.6%
[2024-06-26 14:34:10] SYS: All systems nominal.
[2024-06-26 14:35:10] GPS: Latitude: 34.0530, Longitude: -118.2428
[2024-06-26 14:35:10] ALT: 89 meters
[2024-06-26 14:35:10] SPD: 14 m/s
[2024-06-26 14:35:10] BAT: 97.8%
[2024-06-26 14:35:10] SYS: All systems nominal.
[2024-06-26 14:36:10] GPS: Latitude: 34.0533, Longitude: -118.2425
[2024-06-26 14:36:10] ALT: 139 meters
[2024-06-26 14:36:10] SPD: 15 m/s
[2024-06-26 14:36:10] BAT: 97.1%
[2024-06-26 14:36:10] SYS: All systems nominal.
[2024-06-26 14:37:10] GPS: Latitude: 34.0536, Longitude: -118.2422
[2024-06-26 14:37:10] ALT: 181 meters
[2024-06-26 14:37:10] SPD: 19 m/s
[2024-06-26 14:37:10] BAT: 96.5%
[2024-06-26 14:37:10] SYS: All systems nominal.
[2024-06-26 14:38:10] GPS: Latitude: 34.0537, Longitude: -118.2421
[2024-06-26 14:38:10] ALT: 219 meters
[2024-06-26 14:38:10] SPD: 24 m/s
[2024-06-26 14:38:10] BAT: 95.6%
[2024-06-26 14:38:10] SYS: All systems nominal.
[2024-06-26 14:39:10] GPS: Latitude: 34.0539, Longitude: -118.2420
[2024-06-26 14:39:10] ALT: 238 meters
[2024-06-26 14:39:10] SPD: 27 m/s
[2024-06-26 14:39:10] BAT: 95.1%
[2024-06-26 14:39:10] SYS: All systems nominal.
[2024-06-26 14:40:10] GPS: Latitude: 34.0540, Longitude: -118.2416
[2024-06-26 14:40:10] ALT: 279 meters
[2024-06-26 14:40:10] SPD: 32 m/s
[2024-06-26 14:40:10] BAT: 94.2%
[2024-06-26 14:40:10] SYS: All systems nominal.
[2024-06-26 14:41:10] GPS: Latitude: 34.0543, Longitude: -118.2412
[2024-06-26 14:41:10] ALT: 303 meters
[2024-06-26 14:41:10] SPD: 34 m/s
[2024-06-26 14:41:10] BAT: 93.5%
[2024-06-26 14:41:10] SYS: All systems nominal.
[2024-06-26 14:42:10] GPS: Latitude: 34.0546, Longitude: -118.2410
[2024-06-26 14:42:10] ALT: 320 meters
[2024-06-26 14:42:10] SPD: 37 m/s
[2024-06-26 14:42:10] BAT: 92.9%
[2024-06-26 14:42:10] SYS: All systems nominal.
[2024-06-26 14:43:10] GPS: Latitude: 34.0548, Longitude: -118.2406
[2024-06-26 14:43:10] ALT: 342 meters
[2024-06-26 14:43:10] SPD: 38 m/s
[2024-06-26 14:43:10] BAT: 92.1%
[2024-06-26 14:43:10] SYS: All systems nominal.
[2024-06-26 14:44:10] GPS: Latitude: 34.0551, Longitude: -118.2402
[2024-06-26 14:44:10] ALT: 382 meters
[2024-06-26 14:44:10] SPD: 40 m/s
[2024-06-26 14:44:10] BAT: 91.5%
[2024-06-26 14:44:10] SYS: All systems nominal.
[2024-06-26 14:45:10] GPS: Latitude: 34.0554, Longitude: -118.2397
[2024-06-26 14:45:10] ALT: 392 meters
[2024-06-26 14:45:10] SPD: 45 m/s
[2024-06-26 14:45:10] BAT: 90.7%
[2024-06-26 14:45:10] SYS: All systems nominal.
[2024-06-26 14:46:10] GPS: Latitude: 34.0558, Longitude: -118.2396
[2024-06-26 14:46:10] ALT: 423 meters
[2024-06-26 14:46:10] SPD: 50 m/s
[2024-06-26 14:46:10] BAT: 89.8%
[2024-06-26 14:46:10] SYS: All systems nominal.
[2024-06-26 14:47:10] GPS: Latitude: 34.0563, Longitude: -118.2392
[2024-06-26 14:47:10] ALT: 455 meters
[2024-06-26 14:47:10] SPD: 54 m/s
[2024-06-26 14:47:10] BAT: 88.9%
[2024-06-26 14:47:10] SYS: All systems nominal.
[2024-06-26 14:48:10] GPS: Latitude: 34.0566, Longitude: -118.2390
[2024-06-26 14:48:10] ALT: 489 meters
[2024-06-26 14:48:10] SPD: 55 m/s
[2024-06-26 14:48:10] BAT: 88.0%
[2024-06-26 14:48:10] SYS: All systems nominal.
[2024-06-26 14:49:10] GPS: Latitude: 34.0568, Longitude: -118.2388
[2024-06-26 14:49:10] ALT: 532 meters
[2024-06-26 14:49:10] SPD: 57 m/s
[2024-06-26 14:49:10] BAT: 87.4%
[2024-06-26 14:49:10] SYS: All systems nominal.
[2024-06-26 14:50:10] GPS: Latitude: 34.0571, Longitude: -118.2384
[2024-06-26 14:50:10] ALT: 542 meters
[2024-06-26 14:50:10] SPD: 60 m/s
[2024-06-26 14:50:10] BAT: 86.8%
[2024-06-26 14:50:10] SYS: All systems nominal.
[2024-06-26 14:51:10] GPS: Latitude: 34.0573, Longitude: -118.2381
[2024-06-26 14:51:10] ALT: 559 meters
[2024-06-26 14:51:10] SPD: 62 m/s
[2024-06-26 14:51:10] BAT: 86.1%
[2024-06-26 14:51:10] SYS: All systems nominal.
[2024-06-26 14:52:10] GPS: Latitude: 34.0575, Longitude: -118.2376
[2024-06-26 14:52:10] ALT: 569 meters
[2024-06-26 14:52:10] SPD: 67 m/s
[2024-06-26 14:52:10] BAT: 85.6%
[2024-06-26 14:52:10] SYS: All systems nominal.
[2024-06-26 14:53:10] GPS: Latitude: 34.0577, Longitude: -118.2372
[2024-06-26 14:53:10] ALT: 588 meters
[2024-06-26 14:53:10] SPD: 69 m/s
[2024-06-26 14:53:10] BAT: 84.7%
[2024-06-26 14:53:10] SYS: All systems nominal.
[2024-06-26 14:54:10] GPS: Latitude: 34.0578, Longitude: -118.2371
[2024-06-26 14:54:10] ALT: 598 meters
[2024-06-26 14:54:10] SPD: 71 m/s
[2024-06-26 14:54:10] BAT: 84.2%
[2024-06-26 14:54:10] SYS: All systems nominal.
[2024-06-26 14:55:10] GPS: Latitude: 34.0580, Longitude: -118.2370
[2024-06-26 14:55:10] ALT: 645 meters
[2024-06-26 14:55:10] SPD: 74 m/s
[2024-06-26 14:55:10] BAT: 83.7%
[2024-06-26 14:55:10] SYS: All systems nominal.
[2024-06-26 14:56:10] GPS: Latitude: 34.0582, Longitude: -118.2369
[2024-06-26 14:56:10] ALT: 679 meters
[2024-06-26 14:56:10] SPD: 75 m/s
[2024-06-26 14:56:10] BAT: 82.8%
[2024-06-26 14:56:10] SYS: All systems nominal.
[2024-06-26 14:57:10] GPS: Latitude: 34.0584, Longitude: -118.2364
[2024-06-26 14:57:10] ALT: 702 meters
[2024-06-26 14:57:10] SPD: 77 m/s
[2024-06-26 14:57:10] BAT: 82.0%
[2024-06-26 14:57:10] SYS: All systems nominal.
[2024-06-26 14:58:10] GPS: Latitude: 34.0586, Longitude: -118.2361
[2024-06-26 14:58:10] ALT: 726 meters
[2024-06-26 14:58:10] SPD: 82 m/s
[2024-06-26 14:58:10] BAT: 81.2%
[2024-06-26 14:58:10] SYS: All systems nominal.
[2024-06-26 14:59:10] GPS: Latitude: 34.0591, Longitude: -118.2357
[2024-06-26 14:59:10] ALT: 753 meters
[2024-06-26 14:59:10] SPD: 86 m/s
[2024-06-26 14:59:10] BAT: 80.6%
[2024-06-26 14:59:10] SYS: All systems nominal.
[2024-06-26 15:00:10] GPS: Latitude: 34.0595, Longitude: -118.2354
[2024-06-26 15:00:10] ALT: 770 meters
[2024-06-26 15:00:10] SPD: 88 m/s
[2024-06-26 15:00:10] BAT: 79.8%
[2024-06-26 15:00:10] SYS: All systems nominal.
[2024-06-26 15:01:10] GPS: Latitude: 34.0598, Longitude: -118.2353
[2024-06-26 15:01:10] ALT: 800 meters
[2024-06-26 15:01:10] SPD: 89 m/s
[2024-06-26 15:01:10] BAT: 78.9%
[2024-06-26 15:01:10] SYS: All systems nominal.
[2024-06-26 15:02:10] GPS: Latitude: 34.0601, Longitude: -118.2348
[2024-06-26 15:02:10] ALT: 841 meters
[2024-06-26 15:02:10] SPD: 93 m/s
[2024-06-26 15:02:10] BAT: 78.1%
[2024-06-26 15:02:10] SYS: All systems nominal.
[2024-06-26 15:02:10] INFO: Beginning descent.
[2024-06-26 15:03:10] GPS: Latitude: 34.0597, Longitude: -118.2353
[2024-06-26 15:03:10] ALT: 802 meters
[2024-06-26 15:03:10] SPD: 91 m/s
[2024-06-26 15:03:10] BAT: 77.3%
[2024-06-26 15:03:10] SYS: All systems nominal.
[2024-06-26 15:04:10] GPS: Latitude: 34.0596, Longitude: -118.2354
[2024-06-26 15:04:10] ALT: 770 meters
[2024-06-26 15:04:10] SPD: 87 m/s
[2024-06-26 15:04:10] BAT: 76.4%
[2024-06-26 15:04:10] SYS: All systems nominal.
[2024-06-26 15:05:10] GPS: Latitude: 34.0594, Longitude: -118.2358
[2024-06-26 15:05:10] ALT: 727 meters
[2024-06-26 15:05:10] SPD: 84 m/s
[2024-06-26 15:05:10] BAT: 75.7%
[2024-06-26 15:05:10] SYS: All systems nominal.
[2024-06-26 15:06:10] GPS: Latitude: 34.0592, Longitude: -118.2361
[2024-06-26 15:06:10] ALT: 702 meters
[2024-06-26 15:06:10] SPD: 80 m/s
[2024-06-26 15:06:10] BAT: 74.9%
[2024-06-26 15:06:10] SYS: All systems nominal.
[2024-06-26 15:07:10] GPS: Latitude: 34.0590, Longitude: -118.2363
[2024-06-26 15:07:10] ALT: 678 meters
[2024-06-26 15:07:10] SPD: 77 m/s
[2024-06-26 15:07:10] BAT: 74.2%
[2024-06-26 15:07:10] SYS: All systems nominal.
[2024-06-26 15:07:10] INFO: Drone flight completed. Tail Number: n901uv
